[2020-06-25 01:31:06] local.ERROR: Maximum execution time of 60 seconds exceeded {"exception":"[object] (Symfony\\Component\\Debug\\Exception\\FatalErrorException(code: 1): Maximum execution time of 60 seconds exceeded at F:\\PROJECT\\sourcetree\\THANH_AN_GROUP\\SOURCE\\THANH_AN_WEB\\vendor\\doctrine\\dbal\\lib\\Doctrine\\DBAL\\Driver\\PDOStatement.php:117)
[stacktrace]
#0 F:\\PROJECT\\sourcetree\\THANH_AN_GROUP\\SOURCE\\THANH_AN_WEB\\vendor\\laravel\\framework\\src\\Illuminate\\Foundation\\Bootstrap\\HandleExceptions.php(148): Symfony\\Component\\Debug\\Exception\\FatalErrorException->__construct()
#1 F:\\PROJECT\\sourcetree\\THANH_AN_GROUP\\SOURCE\\THANH_AN_WEB\\vendor\\laravel\\framework\\src\\Illuminate\\Foundation\\Bootstrap\\HandleExceptions.php(134): Illuminate\\Foundation\\Bootstrap\\HandleExceptions->fatalExceptionFromError()
#2 F:\\PROJECT\\sourcetree\\THANH_AN_GROUP\\SOURCE\\THANH_AN_WEB\\vendor\\laravel\\framework\\src\\Illuminate\\Foundation\\Bootstrap\\HandleExceptions.php(0): Illuminate\\Foundation\\Bootstrap\\HandleExceptions->handleShutdown()
#3 F:\\PROJECT\\sourcetree\\THANH_AN_GROUP\\SOURCE\\THANH_AN_WEB\\vendor\\laravel\\framework\\src\\Illuminate\\Database\\Connection.php(330): Doctrine\\DBAL\\Driver\\PDOStatement->execute()
#4 F:\\PROJECT\\sourcetree\\THANH_AN_GROUP\\SOURCE\\THANH_AN_WEB\\vendor\\laravel\\framework\\src\\Illuminate\\Database\\Connection.php(657): Illuminate\\Database\\MySqlConnection->Illuminate\\Database\\{closure}()
#5 F:\\PROJECT\\sourcetree\\THANH_AN_GROUP\\SOURCE\\THANH_AN_WEB\\vendor\\laravel\\framework\\src\\Illuminate\\Database\\Connection.php(624): Illuminate\\Database\\MySqlConnection->runQueryCallback()
#6 F:\\PROJECT\\sourcetree\\THANH_AN_GROUP\\SOURCE\\THANH_AN_WEB\\vendor\\laravel\\framework\\src\\Illuminate\\Database\\Connection.php(333): Illuminate\\Database\\MySqlConnection->run()
#7 F:\\PROJECT\\sourcetree\\THANH_AN_GROUP\\SOURCE\\THANH_AN_WEB\\vendor\\laravel\\framework\\src\\Illuminate\\Database\\Query\\Builder.php(2130): Illuminate\\Database\\MySqlConnection->select()
#8 F:\\PROJECT\\sourcetree\\THANH_AN_GROUP\\SOURCE\\THANH_AN_WEB\\vendor\\laravel\\framework\\src\\Illuminate\\Database\\Query\\Builder.php(2118): Illuminate\\Database\\Query\\Builder->runSelect()
#9 F:\\PROJECT\\sourcetree\\THANH_AN_GROUP\\SOURCE\\THANH_AN_WEB\\vendor\\laravel\\framework\\src\\Illuminate\\Database\\Query\\Builder.php(2604): Illuminate\\Database\\Query\\Builder->Illuminate\\Database\\Query\\{closure}()
#10 F:\\PROJECT\\sourcetree\\THANH_AN_GROUP\\SOURCE\\THANH_AN_WEB\\vendor\\laravel\\framework\\src\\Illuminate\\Database\\Query\\Builder.php(2119): Illuminate\\Database\\Query\\Builder->onceWithColumns()
#11 F:\\PROJECT\\sourcetree\\THANH_AN_GROUP\\SOURCE\\THANH_AN_WEB\\vendor\\laravel\\framework\\src\\Illuminate\\Database\\Eloquent\\Builder.php(521): Illuminate\\Database\\Query\\Builder->get()
#12 F:\\PROJECT\\sourcetree\\THANH_AN_GROUP\\SOURCE\\THANH_AN_WEB\\vendor\\laravel\\framework\\src\\Illuminate\\Database\\Eloquent\\Builder.php(505): Illuminate\\Database\\Eloquent\\Builder->getModels()
#13 F:\\PROJECT\\sourcetree\\THANH_AN_GROUP\\SOURCE\\THANH_AN_WEB\\app\\Product.php(72): Illuminate\\Database\\Eloquent\\Builder->get()
#14 F:\\PROJECT\\sourcetree\\THANH_AN_GROUP\\SOURCE\\THANH_AN_WEB\\vendor\\laravel\\framework\\src\\Illuminate\\Cache\\Repository.php(383): App\\Product::App\\{closure}()
#15 F:\\PROJECT\\sourcetree\\THANH_AN_GROUP\\SOURCE\\THANH_AN_WEB\\vendor\\laravel\\framework\\src\\Illuminate\\Cache\\CacheManager.php(357): Illuminate\\Cache\\Repository->remember()
#16 F:\\PROJECT\\sourcetree\\THANH_AN_GROUP\\SOURCE\\THANH_AN_WEB\\vendor\\laravel\\framework\\src\\Illuminate\\Support\\Facades\\Facade.php(239): Illuminate\\Cache\\CacheManager->__call()
#17 F:\\PROJECT\\sourcetree\\THANH_AN_GROUP\\SOURCE\\THANH_AN_WEB\\vendor\\laravel\\framework\\src\\Illuminate\\Support\\Facades\\Facade.php(239): Illuminate\\Cache\\CacheManager->remember()
#18 F:\\PROJECT\\sourcetree\\THANH_AN_GROUP\\SOURCE\\THANH_AN_WEB\\app\\Product.php(73): Illuminate\\Support\\Facades\\Facade::__callStatic()
#19 F:\\PROJECT\\sourcetree\\THANH_AN_GROUP\\SOURCE\\THANH_AN_WEB\\app\\Product.php(73): Illuminate\\Support\\Facades\\Facade::remember()
#20 F:\\PROJECT\\sourcetree\\THANH_AN_GROUP\\SOURCE\\THANH_AN_WEB\\app\\Providers\\AppServiceProvider.php(59): App\\Product::getData()
#21 F:\\PROJECT\\sourcetree\\THANH_AN_GROUP\\SOURCE\\THANH_AN_WEB\\vendor\\laravel\\framework\\src\\Illuminate\\Container\\BoundMethod.php(32): App\\Providers\\AppServiceProvider->boot()
#22 F:\\PROJECT\\sourcetree\\THANH_AN_GROUP\\SOURCE\\THANH_AN_WEB\\vendor\\laravel\\framework\\src\\Illuminate\\Container\\BoundMethod.php(32): call_user_func_array:{F:\\PROJECT\\sourcetree\\THANH_AN_GROUP\\SOURCE\\THANH_AN_WEB\\vendor\\laravel\\framework\\src\\Illuminate\\Container\\BoundMethod.php:32}()
#23 F:\\PROJECT\\sourcetree\\THANH_AN_GROUP\\SOURCE\\THANH_AN_WEB\\vendor\\laravel\\framework\\src\\Illuminate\\Container\\BoundMethod.php(90): Illuminate\\Container\\BoundMethod::Illuminate\\Container\\{closure}()
#24 F:\\PROJECT\\sourcetree\\THANH_AN_GROUP\\SOURCE\\THANH_AN_WEB\\vendor\\laravel\\framework\\src\\Illuminate\\Container\\BoundMethod.php(34): Illuminate\\Container\\BoundMethod::callBoundMethod()
#25 F:\\PROJECT\\sourcetree\\THANH_AN_GROUP\\SOURCE\\THANH_AN_WEB\\vendor\\laravel\\framework\\src\\Illuminate\\Container\\Container.php(576): Illuminate\\Container\\BoundMethod::call()
#26 F:\\PROJECT\\sourcetree\\THANH_AN_GROUP\\SOURCE\\THANH_AN_WEB\\vendor\\laravel\\framework\\src\\Illuminate\\Foundation\\Application.php(827): Illuminate\\Foundation\\Application->call()
#27 F:\\PROJECT\\sourcetree\\THANH_AN_GROUP\\SOURCE\\THANH_AN_WEB\\vendor\\laravel\\framework\\src\\Illuminate\\Foundation\\Application.php(810): Illuminate\\Foundation\\Application->bootProvider()
#28 F:\\PROJECT\\sourcetree\\THANH_AN_GROUP\\SOURCE\\THANH_AN_WEB\\vendor\\laravel\\framework\\src\\Illuminate\\Foundation\\Application.php(811): Illuminate\\Foundation\\Application->Illuminate\\Foundation\\{closure}()
#29 F:\\PROJECT\\sourcetree\\THANH_AN_GROUP\\SOURCE\\THANH_AN_WEB\\vendor\\laravel\\framework\\src\\Illuminate\\Foundation\\Application.php(811): array_walk()
#30 F:\\PROJECT\\sourcetree\\THANH_AN_GROUP\\SOURCE\\THANH_AN_WEB\\vendor\\laravel\\framework\\src\\Illuminate\\Foundation\\Bootstrap\\BootProviders.php(17): Illuminate\\Foundation\\Application->boot()
#31 F:\\PROJECT\\sourcetree\\THANH_AN_GROUP\\SOURCE\\THANH_AN_WEB\\vendor\\laravel\\framework\\src\\Illuminate\\Foundation\\Application.php(210): Illuminate\\Foundation\\Bootstrap\\BootProviders->bootstrap()
#32 F:\\PROJECT\\sourcetree\\THANH_AN_GROUP\\SOURCE\\THANH_AN_WEB\\vendor\\laravel\\framework\\src\\Illuminate\\Foundation\\Http\\Kernel.php(162): Illuminate\\Foundation\\Application->bootstrapWith()
#33 F:\\PROJECT\\sourcetree\\THANH_AN_GROUP\\SOURCE\\THANH_AN_WEB\\vendor\\laravel\\framework\\src\\Illuminate\\Foundation\\Http\\Kernel.php(146): App\\Http\\Kernel->bootstrap()
#34 F:\\PROJECT\\sourcetree\\THANH_AN_GROUP\\SOURCE\\THANH_AN_WEB\\vendor\\laravel\\framework\\src\\Illuminate\\Foundation\\Http\\Kernel.php(116): App\\Http\\Kernel->sendRequestThroughRouter()
#35 F:\\PROJECT\\sourcetree\\THANH_AN_GROUP\\SOURCE\\THANH_AN_WEB\\public\\index.php(56): App\\Http\\Kernel->handle()
#36 F:\\PROJECT\\sourcetree\\THANH_AN_GROUP\\SOURCE\\THANH_AN_WEB\\server.php(21): ()
#37 F:\\PROJECT\\sourcetree\\THANH_AN_GROUP\\SOURCE\\THANH_AN_WEB\\server.php(0): {main}()
#38 {main}
"} 
[2020-06-25 01:32:23] local.ERROR: Maximum execution time of 60 seconds exceeded {"exception":"[object] (Symfony\\Component\\Debug\\Exception\\FatalErrorException(code: 1): Maximum execution time of 60 seconds exceeded at F:\\PROJECT\\sourcetree\\THANH_AN_GROUP\\SOURCE\\THANH_AN_WEB\\vendor\\doctrine\\dbal\\lib\\Doctrine\\DBAL\\Driver\\PDOStatement.php:117)
[stacktrace]
#0 F:\\PROJECT\\sourcetree\\THANH_AN_GROUP\\SOURCE\\THANH_AN_WEB\\vendor\\laravel\\framework\\src\\Illuminate\\Foundation\\Bootstrap\\HandleExceptions.php(148): Symfony\\Component\\Debug\\Exception\\FatalErrorException->__construct()
#1 F:\\PROJECT\\sourcetree\\THANH_AN_GROUP\\SOURCE\\THANH_AN_WEB\\vendor\\laravel\\framework\\src\\Illuminate\\Foundation\\Bootstrap\\HandleExceptions.php(134): Illuminate\\Foundation\\Bootstrap\\HandleExceptions->fatalExceptionFromError()
#2 F:\\PROJECT\\sourcetree\\THANH_AN_GROUP\\SOURCE\\THANH_AN_WEB\\vendor\\laravel\\framework\\src\\Illuminate\\Foundation\\Bootstrap\\HandleExceptions.php(0): Illuminate\\Foundation\\Bootstrap\\HandleExceptions->handleShutdown()
#3 F:\\PROJECT\\sourcetree\\THANH_AN_GROUP\\SOURCE\\THANH_AN_WEB\\vendor\\laravel\\framework\\src\\Illuminate\\Database\\Connection.php(330): Doctrine\\DBAL\\Driver\\PDOStatement->execute()
#4 F:\\PROJECT\\sourcetree\\THANH_AN_GROUP\\SOURCE\\THANH_AN_WEB\\vendor\\laravel\\framework\\src\\Illuminate\\Database\\Connection.php(657): Illuminate\\Database\\MySqlConnection->Illuminate\\Database\\{closure}()
#5 F:\\PROJECT\\sourcetree\\THANH_AN_GROUP\\SOURCE\\THANH_AN_WEB\\vendor\\laravel\\framework\\src\\Illuminate\\Database\\Connection.php(624): Illuminate\\Database\\MySqlConnection->runQueryCallback()
#6 F:\\PROJECT\\sourcetree\\THANH_AN_GROUP\\SOURCE\\THANH_AN_WEB\\vendor\\laravel\\framework\\src\\Illuminate\\Database\\Connection.php(333): Illuminate\\Database\\MySqlConnection->run()
#7 F:\\PROJECT\\sourcetree\\THANH_AN_GROUP\\SOURCE\\THANH_AN_WEB\\vendor\\laravel\\framework\\src\\Illuminate\\Database\\Query\\Builder.php(2130): Illuminate\\Database\\MySqlConnection->select()
#8 F:\\PROJECT\\sourcetree\\THANH_AN_GROUP\\SOURCE\\THANH_AN_WEB\\vendor\\laravel\\framework\\src\\Illuminate\\Database\\Query\\Builder.php(2118): Illuminate\\Database\\Query\\Builder->runSelect()
#9 F:\\PROJECT\\sourcetree\\THANH_AN_GROUP\\SOURCE\\THANH_AN_WEB\\vendor\\laravel\\framework\\src\\Illuminate\\Database\\Query\\Builder.php(2604): Illuminate\\Database\\Query\\Builder->Illuminate\\Database\\Query\\{closure}()
#10 F:\\PROJECT\\sourcetree\\THANH_AN_GROUP\\SOURCE\\THANH_AN_WEB\\vendor\\laravel\\framework\\src\\Illuminate\\Database\\Query\\Builder.php(2119): Illuminate\\Database\\Query\\Builder->onceWithColumns()
#11 F:\\PROJECT\\sourcetree\\THANH_AN_GROUP\\SOURCE\\THANH_AN_WEB\\vendor\\laravel\\framework\\src\\Illuminate\\Database\\Eloquent\\Builder.php(521): Illuminate\\Database\\Query\\Builder->get()
#12 F:\\PROJECT\\sourcetree\\THANH_AN_GROUP\\SOURCE\\THANH_AN_WEB\\vendor\\laravel\\framework\\src\\Illuminate\\Database\\Eloquent\\Builder.php(505): Illuminate\\Database\\Eloquent\\Builder->getModels()
#13 F:\\PROJECT\\sourcetree\\THANH_AN_GROUP\\SOURCE\\THANH_AN_WEB\\app\\Product.php(72): Illuminate\\Database\\Eloquent\\Builder->get()
#14 F:\\PROJECT\\sourcetree\\THANH_AN_GROUP\\SOURCE\\THANH_AN_WEB\\vendor\\laravel\\framework\\src\\Illuminate\\Cache\\Repository.php(383): App\\Product::App\\{closure}()
#15 F:\\PROJECT\\sourcetree\\THANH_AN_GROUP\\SOURCE\\THANH_AN_WEB\\vendor\\laravel\\framework\\src\\Illuminate\\Cache\\CacheManager.php(357): Illuminate\\Cache\\Repository->remember()
#16 F:\\PROJECT\\sourcetree\\THANH_AN_GROUP\\SOURCE\\THANH_AN_WEB\\vendor\\laravel\\framework\\src\\Illuminate\\Support\\Facades\\Facade.php(239): Illuminate\\Cache\\CacheManager->__call()
#17 F:\\PROJECT\\sourcetree\\THANH_AN_GROUP\\SOURCE\\THANH_AN_WEB\\vendor\\laravel\\framework\\src\\Illuminate\\Support\\Facades\\Facade.php(239): Illuminate\\Cache\\CacheManager->remember()
#18 F:\\PROJECT\\sourcetree\\THANH_AN_GROUP\\SOURCE\\THANH_AN_WEB\\app\\Product.php(73): Illuminate\\Support\\Facades\\Facade::__callStatic()
#19 F:\\PROJECT\\sourcetree\\THANH_AN_GROUP\\SOURCE\\THANH_AN_WEB\\app\\Product.php(73): Illuminate\\Support\\Facades\\Facade::remember()
#20 F:\\PROJECT\\sourcetree\\THANH_AN_GROUP\\SOURCE\\THANH_AN_WEB\\app\\Providers\\AppServiceProvider.php(59): App\\Product::getData()
#21 F:\\PROJECT\\sourcetree\\THANH_AN_GROUP\\SOURCE\\THANH_AN_WEB\\vendor\\laravel\\framework\\src\\Illuminate\\Container\\BoundMethod.php(32): App\\Providers\\AppServiceProvider->boot()
#22 F:\\PROJECT\\sourcetree\\THANH_AN_GROUP\\SOURCE\\THANH_AN_WEB\\vendor\\laravel\\framework\\src\\Illuminate\\Container\\BoundMethod.php(32): call_user_func_array:{F:\\PROJECT\\sourcetree\\THANH_AN_GROUP\\SOURCE\\THANH_AN_WEB\\vendor\\laravel\\framework\\src\\Illuminate\\Container\\BoundMethod.php:32}()
#23 F:\\PROJECT\\sourcetree\\THANH_AN_GROUP\\SOURCE\\THANH_AN_WEB\\vendor\\laravel\\framework\\src\\Illuminate\\Container\\BoundMethod.php(90): Illuminate\\Container\\BoundMethod::Illuminate\\Container\\{closure}()
#24 F:\\PROJECT\\sourcetree\\THANH_AN_GROUP\\SOURCE\\THANH_AN_WEB\\vendor\\laravel\\framework\\src\\Illuminate\\Container\\BoundMethod.php(34): Illuminate\\Container\\BoundMethod::callBoundMethod()
#25 F:\\PROJECT\\sourcetree\\THANH_AN_GROUP\\SOURCE\\THANH_AN_WEB\\vendor\\laravel\\framework\\src\\Illuminate\\Container\\Container.php(576): Illuminate\\Container\\BoundMethod::call()
#26 F:\\PROJECT\\sourcetree\\THANH_AN_GROUP\\SOURCE\\THANH_AN_WEB\\vendor\\laravel\\framework\\src\\Illuminate\\Foundation\\Application.php(827): Illuminate\\Foundation\\Application->call()
#27 F:\\PROJECT\\sourcetree\\THANH_AN_GROUP\\SOURCE\\THANH_AN_WEB\\vendor\\laravel\\framework\\src\\Illuminate\\Foundation\\Application.php(810): Illuminate\\Foundation\\Application->bootProvider()
#28 F:\\PROJECT\\sourcetree\\THANH_AN_GROUP\\SOURCE\\THANH_AN_WEB\\vendor\\laravel\\framework\\src\\Illuminate\\Foundation\\Application.php(811): Illuminate\\Foundation\\Application->Illuminate\\Foundation\\{closure}()
#29 F:\\PROJECT\\sourcetree\\THANH_AN_GROUP\\SOURCE\\THANH_AN_WEB\\vendor\\laravel\\framework\\src\\Illuminate\\Foundation\\Application.php(811): array_walk()
#30 F:\\PROJECT\\sourcetree\\THANH_AN_GROUP\\SOURCE\\THANH_AN_WEB\\vendor\\laravel\\framework\\src\\Illuminate\\Foundation\\Bootstrap\\BootProviders.php(17): Illuminate\\Foundation\\Application->boot()
#31 F:\\PROJECT\\sourcetree\\THANH_AN_GROUP\\SOURCE\\THANH_AN_WEB\\vendor\\laravel\\framework\\src\\Illuminate\\Foundation\\Application.php(210): Illuminate\\Foundation\\Bootstrap\\BootProviders->bootstrap()
#32 F:\\PROJECT\\sourcetree\\THANH_AN_GROUP\\SOURCE\\THANH_AN_WEB\\vendor\\laravel\\framework\\src\\Illuminate\\Foundation\\Http\\Kernel.php(162): Illuminate\\Foundation\\Application->bootstrapWith()
#33 F:\\PROJECT\\sourcetree\\THANH_AN_GROUP\\SOURCE\\THANH_AN_WEB\\vendor\\laravel\\framework\\src\\Illuminate\\Foundation\\Http\\Kernel.php(146): App\\Http\\Kernel->bootstrap()
#34 F:\\PROJECT\\sourcetree\\THANH_AN_GROUP\\SOURCE\\THANH_AN_WEB\\vendor\\laravel\\framework\\src\\Illuminate\\Foundation\\Http\\Kernel.php(116): App\\Http\\Kernel->sendRequestThroughRouter()
#35 F:\\PROJECT\\sourcetree\\THANH_AN_GROUP\\SOURCE\\THANH_AN_WEB\\public\\index.php(56): App\\Http\\Kernel->handle()
#36 F:\\PROJECT\\sourcetree\\THANH_AN_GROUP\\SOURCE\\THANH_AN_WEB\\server.php(21): ()
#37 F:\\PROJECT\\sourcetree\\THANH_AN_GROUP\\SOURCE\\THANH_AN_WEB\\server.php(0): {main}()
#38 {main}
"} 
[2020-06-25 03:12:20] local.ERROR: Maximum execution time of 60 seconds exceeded {"exception":"[object] (Symfony\\Component\\Debug\\Exception\\FatalErrorException(code: 1): Maximum execution time of 60 seconds exceeded at F:\\PROJECT\\sourcetree\\THANH_AN_GROUP\\SOURCE\\THANH_AN_WEB\\vendor\\laravel\\framework\\src\\Illuminate\\Foundation\\Bootstrap\\HandleExceptions.php:66)
[stacktrace]
#0 F:\\PROJECT\\sourcetree\\THANH_AN_GROUP\\SOURCE\\THANH_AN_WEB\\vendor\\laravel\\framework\\src\\Illuminate\\Foundation\\Bootstrap\\HandleExceptions.php(148): Symfony\\Component\\Debug\\Exception\\FatalErrorException->__construct()
#1 F:\\PROJECT\\sourcetree\\THANH_AN_GROUP\\SOURCE\\THANH_AN_WEB\\vendor\\laravel\\framework\\src\\Illuminate\\Foundation\\Bootstrap\\HandleExceptions.php(134): Illuminate\\Foundation\\Bootstrap\\HandleExceptions->fatalExceptionFromError()
#2 F:\\PROJECT\\sourcetree\\THANH_AN_GROUP\\SOURCE\\THANH_AN_WEB\\vendor\\laravel\\framework\\src\\Illuminate\\Foundation\\Bootstrap\\HandleExceptions.php(0): Illuminate\\Foundation\\Bootstrap\\HandleExceptions->handleShutdown()
#3 F:\\PROJECT\\sourcetree\\THANH_AN_GROUP\\SOURCE\\THANH_AN_WEB\\vendor\\doctrine\\dbal\\lib\\Doctrine\\DBAL\\Driver\\PDOStatement.php(117): Illuminate\\Foundation\\Bootstrap\\HandleExceptions->handleError()
#4 F:\\PROJECT\\sourcetree\\THANH_AN_GROUP\\SOURCE\\THANH_AN_WEB\\vendor\\doctrine\\dbal\\lib\\Doctrine\\DBAL\\Driver\\PDOStatement.php(117): Doctrine\\DBAL\\Driver\\PDOStatement->execute()
#5 F:\\PROJECT\\sourcetree\\THANH_AN_GROUP\\SOURCE\\THANH_AN_WEB\\vendor\\laravel\\framework\\src\\Illuminate\\Database\\Connection.php(330): Doctrine\\DBAL\\Driver\\PDOStatement->execute()
#6 F:\\PROJECT\\sourcetree\\THANH_AN_GROUP\\SOURCE\\THANH_AN_WEB\\vendor\\laravel\\framework\\src\\Illuminate\\Database\\Connection.php(657): Illuminate\\Database\\MySqlConnection->Illuminate\\Database\\{closure}()
#7 F:\\PROJECT\\sourcetree\\THANH_AN_GROUP\\SOURCE\\THANH_AN_WEB\\vendor\\laravel\\framework\\src\\Illuminate\\Database\\Connection.php(624): Illuminate\\Database\\MySqlConnection->runQueryCallback()
#8 F:\\PROJECT\\sourcetree\\THANH_AN_GROUP\\SOURCE\\THANH_AN_WEB\\vendor\\laravel\\framework\\src\\Illuminate\\Database\\Connection.php(333): Illuminate\\Database\\MySqlConnection->run()
#9 F:\\PROJECT\\sourcetree\\THANH_AN_GROUP\\SOURCE\\THANH_AN_WEB\\vendor\\laravel\\framework\\src\\Illuminate\\Database\\Query\\Builder.php(2130): Illuminate\\Database\\MySqlConnection->select()
#10 F:\\PROJECT\\sourcetree\\THANH_AN_GROUP\\SOURCE\\THANH_AN_WEB\\vendor\\laravel\\framework\\src\\Illuminate\\Database\\Query\\Builder.php(2118): Illuminate\\Database\\Query\\Builder->runSelect()
#11 F:\\PROJECT\\sourcetree\\THANH_AN_GROUP\\SOURCE\\THANH_AN_WEB\\vendor\\laravel\\framework\\src\\Illuminate\\Database\\Query\\Builder.php(2604): Illuminate\\Database\\Query\\Builder->Illuminate\\Database\\Query\\{closure}()
#12 F:\\PROJECT\\sourcetree\\THANH_AN_GROUP\\SOURCE\\THANH_AN_WEB\\vendor\\laravel\\framework\\src\\Illuminate\\Database\\Query\\Builder.php(2119): Illuminate\\Database\\Query\\Builder->onceWithColumns()
#13 F:\\PROJECT\\sourcetree\\THANH_AN_GROUP\\SOURCE\\THANH_AN_WEB\\vendor\\laravel\\framework\\src\\Illuminate\\Database\\Eloquent\\Builder.php(521): Illuminate\\Database\\Query\\Builder->get()
#14 F:\\PROJECT\\sourcetree\\THANH_AN_GROUP\\SOURCE\\THANH_AN_WEB\\vendor\\laravel\\framework\\src\\Illuminate\\Database\\Eloquent\\Builder.php(505): Illuminate\\Database\\Eloquent\\Builder->getModels()
#15 F:\\PROJECT\\sourcetree\\THANH_AN_GROUP\\SOURCE\\THANH_AN_WEB\\app\\Product.php(72): Illuminate\\Database\\Eloquent\\Builder->get()
#16 F:\\PROJECT\\sourcetree\\THANH_AN_GROUP\\SOURCE\\THANH_AN_WEB\\vendor\\laravel\\framework\\src\\Illuminate\\Cache\\Repository.php(383): App\\Product::App\\{closure}()
#17 F:\\PROJECT\\sourcetree\\THANH_AN_GROUP\\SOURCE\\THANH_AN_WEB\\vendor\\laravel\\framework\\src\\Illuminate\\Cache\\CacheManager.php(357): Illuminate\\Cache\\Repository->remember()
#18 F:\\PROJECT\\sourcetree\\THANH_AN_GROUP\\SOURCE\\THANH_AN_WEB\\vendor\\laravel\\framework\\src\\Illuminate\\Support\\Facades\\Facade.php(239): Illuminate\\Cache\\CacheManager->__call()
#19 F:\\PROJECT\\sourcetree\\THANH_AN_GROUP\\SOURCE\\THANH_AN_WEB\\vendor\\laravel\\framework\\src\\Illuminate\\Support\\Facades\\Facade.php(239): Illuminate\\Cache\\CacheManager->remember()
#20 F:\\PROJECT\\sourcetree\\THANH_AN_GROUP\\SOURCE\\THANH_AN_WEB\\app\\Product.php(73): Illuminate\\Support\\Facades\\Facade::__callStatic()
#21 F:\\PROJECT\\sourcetree\\THANH_AN_GROUP\\SOURCE\\THANH_AN_WEB\\app\\Product.php(73): Illuminate\\Support\\Facades\\Facade::remember()
#22 F:\\PROJECT\\sourcetree\\THANH_AN_GROUP\\SOURCE\\THANH_AN_WEB\\app\\Providers\\AppServiceProvider.php(59): App\\Product::getData()
#23 F:\\PROJECT\\sourcetree\\THANH_AN_GROUP\\SOURCE\\THANH_AN_WEB\\vendor\\laravel\\framework\\src\\Illuminate\\Container\\BoundMethod.php(32): App\\Providers\\AppServiceProvider->boot()
#24 F:\\PROJECT\\sourcetree\\THANH_AN_GROUP\\SOURCE\\THANH_AN_WEB\\vendor\\laravel\\framework\\src\\Illuminate\\Container\\BoundMethod.php(32): call_user_func_array:{F:\\PROJECT\\sourcetree\\THANH_AN_GROUP\\SOURCE\\THANH_AN_WEB\\vendor\\laravel\\framework\\src\\Illuminate\\Container\\BoundMethod.php:32}()
#25 F:\\PROJECT\\sourcetree\\THANH_AN_GROUP\\SOURCE\\THANH_AN_WEB\\vendor\\laravel\\framework\\src\\Illuminate\\Container\\BoundMethod.php(90): Illuminate\\Container\\BoundMethod::Illuminate\\Container\\{closure}()
#26 F:\\PROJECT\\sourcetree\\THANH_AN_GROUP\\SOURCE\\THANH_AN_WEB\\vendor\\laravel\\framework\\src\\Illuminate\\Container\\BoundMethod.php(34): Illuminate\\Container\\BoundMethod::callBoundMethod()
#27 F:\\PROJECT\\sourcetree\\THANH_AN_GROUP\\SOURCE\\THANH_AN_WEB\\vendor\\laravel\\framework\\src\\Illuminate\\Container\\Container.php(576): Illuminate\\Container\\BoundMethod::call()
#28 F:\\PROJECT\\sourcetree\\THANH_AN_GROUP\\SOURCE\\THANH_AN_WEB\\vendor\\laravel\\framework\\src\\Illuminate\\Foundation\\Application.php(827): Illuminate\\Foundation\\Application->call()
#29 F:\\PROJECT\\sourcetree\\THANH_AN_GROUP\\SOURCE\\THANH_AN_WEB\\vendor\\laravel\\framework\\src\\Illuminate\\Foundation\\Application.php(810): Illuminate\\Foundation\\Application->bootProvider()
#30 F:\\PROJECT\\sourcetree\\THANH_AN_GROUP\\SOURCE\\THANH_AN_WEB\\vendor\\laravel\\framework\\src\\Illuminate\\Foundation\\Application.php(811): Illuminate\\Foundation\\Application->Illuminate\\Foundation\\{closure}()
#31 F:\\PROJECT\\sourcetree\\THANH_AN_GROUP\\SOURCE\\THANH_AN_WEB\\vendor\\laravel\\framework\\src\\Illuminate\\Foundation\\Application.php(811): array_walk()
#32 F:\\PROJECT\\sourcetree\\THANH_AN_GROUP\\SOURCE\\THANH_AN_WEB\\vendor\\laravel\\framework\\src\\Illuminate\\Foundation\\Bootstrap\\BootProviders.php(17): Illuminate\\Foundation\\Application->boot()
#33 F:\\PROJECT\\sourcetree\\THANH_AN_GROUP\\SOURCE\\THANH_AN_WEB\\vendor\\laravel\\framework\\src\\Illuminate\\Foundation\\Application.php(210): Illuminate\\Foundation\\Bootstrap\\BootProviders->bootstrap()
#34 F:\\PROJECT\\sourcetree\\THANH_AN_GROUP\\SOURCE\\THANH_AN_WEB\\vendor\\laravel\\framework\\src\\Illuminate\\Foundation\\Http\\Kernel.php(162): Illuminate\\Foundation\\Application->bootstrapWith()
#35 F:\\PROJECT\\sourcetree\\THANH_AN_GROUP\\SOURCE\\THANH_AN_WEB\\vendor\\laravel\\framework\\src\\Illuminate\\Foundation\\Http\\Kernel.php(146): App\\Http\\Kernel->bootstrap()
#36 F:\\PROJECT\\sourcetree\\THANH_AN_GROUP\\SOURCE\\THANH_AN_WEB\\vendor\\laravel\\framework\\src\\Illuminate\\Foundation\\Http\\Kernel.php(116): App\\Http\\Kernel->sendRequestThroughRouter()
#37 F:\\PROJECT\\sourcetree\\THANH_AN_GROUP\\SOURCE\\THANH_AN_WEB\\public\\index.php(56): App\\Http\\Kernel->handle()
#38 F:\\PROJECT\\sourcetree\\THANH_AN_GROUP\\SOURCE\\THANH_AN_WEB\\server.php(21): ()
#39 F:\\PROJECT\\sourcetree\\THANH_AN_GROUP\\SOURCE\\THANH_AN_WEB\\server.php(0): {main}()
#40 {main}
"} 
[2020-06-25 05:03:12] local.ERROR: Maximum execution time of 60 seconds exceeded {"exception":"[object] (Symfony\\Component\\Debug\\Exception\\FatalErrorException(code: 1): Maximum execution time of 60 seconds exceeded at F:\\PROJECT\\sourcetree\\THANH_AN_GROUP\\SOURCE\\THANH_AN_WEB\\vendor\\doctrine\\dbal\\lib\\Doctrine\\DBAL\\Driver\\PDOStatement.php:117)
[stacktrace]
#0 F:\\PROJECT\\sourcetree\\THANH_AN_GROUP\\SOURCE\\THANH_AN_WEB\\vendor\\laravel\\framework\\src\\Illuminate\\Foundation\\Bootstrap\\HandleExceptions.php(148): Symfony\\Component\\Debug\\Exception\\FatalErrorException->__construct()
#1 F:\\PROJECT\\sourcetree\\THANH_AN_GROUP\\SOURCE\\THANH_AN_WEB\\vendor\\laravel\\framework\\src\\Illuminate\\Foundation\\Bootstrap\\HandleExceptions.php(134): Illuminate\\Foundation\\Bootstrap\\HandleExceptions->fatalExceptionFromError()
#2 F:\\PROJECT\\sourcetree\\THANH_AN_GROUP\\SOURCE\\THANH_AN_WEB\\vendor\\laravel\\framework\\src\\Illuminate\\Foundation\\Bootstrap\\HandleExceptions.php(0): Illuminate\\Foundation\\Bootstrap\\HandleExceptions->handleShutdown()
#3 F:\\PROJECT\\sourcetree\\THANH_AN_GROUP\\SOURCE\\THANH_AN_WEB\\vendor\\laravel\\framework\\src\\Illuminate\\Database\\Connection.php(330): Doctrine\\DBAL\\Driver\\PDOStatement->execute()
#4 F:\\PROJECT\\sourcetree\\THANH_AN_GROUP\\SOURCE\\THANH_AN_WEB\\vendor\\laravel\\framework\\src\\Illuminate\\Database\\Connection.php(657): Illuminate\\Database\\MySqlConnection->Illuminate\\Database\\{closure}()
#5 F:\\PROJECT\\sourcetree\\THANH_AN_GROUP\\SOURCE\\THANH_AN_WEB\\vendor\\laravel\\framework\\src\\Illuminate\\Database\\Connection.php(624): Illuminate\\Database\\MySqlConnection->runQueryCallback()
#6 F:\\PROJECT\\sourcetree\\THANH_AN_GROUP\\SOURCE\\THANH_AN_WEB\\vendor\\laravel\\framework\\src\\Illuminate\\Database\\Connection.php(333): Illuminate\\Database\\MySqlConnection->run()
#7 F:\\PROJECT\\sourcetree\\THANH_AN_GROUP\\SOURCE\\THANH_AN_WEB\\vendor\\laravel\\framework\\src\\Illuminate\\Database\\Query\\Builder.php(2130): Illuminate\\Database\\MySqlConnection->select()
#8 F:\\PROJECT\\sourcetree\\THANH_AN_GROUP\\SOURCE\\THANH_AN_WEB\\vendor\\laravel\\framework\\src\\Illuminate\\Database\\Query\\Builder.php(2118): Illuminate\\Database\\Query\\Builder->runSelect()
#9 F:\\PROJECT\\sourcetree\\THANH_AN_GROUP\\SOURCE\\THANH_AN_WEB\\vendor\\laravel\\framework\\src\\Illuminate\\Database\\Query\\Builder.php(2604): Illuminate\\Database\\Query\\Builder->Illuminate\\Database\\Query\\{closure}()
#10 F:\\PROJECT\\sourcetree\\THANH_AN_GROUP\\SOURCE\\THANH_AN_WEB\\vendor\\laravel\\framework\\src\\Illuminate\\Database\\Query\\Builder.php(2119): Illuminate\\Database\\Query\\Builder->onceWithColumns()
#11 F:\\PROJECT\\sourcetree\\THANH_AN_GROUP\\SOURCE\\THANH_AN_WEB\\vendor\\laravel\\framework\\src\\Illuminate\\Database\\Eloquent\\Builder.php(521): Illuminate\\Database\\Query\\Builder->get()
#12 F:\\PROJECT\\sourcetree\\THANH_AN_GROUP\\SOURCE\\THANH_AN_WEB\\vendor\\laravel\\framework\\src\\Illuminate\\Database\\Eloquent\\Builder.php(505): Illuminate\\Database\\Eloquent\\Builder->getModels()
#13 F:\\PROJECT\\sourcetree\\THANH_AN_GROUP\\SOURCE\\THANH_AN_WEB\\app\\Product.php(72): Illuminate\\Database\\Eloquent\\Builder->get()
#14 F:\\PROJECT\\sourcetree\\THANH_AN_GROUP\\SOURCE\\THANH_AN_WEB\\vendor\\laravel\\framework\\src\\Illuminate\\Cache\\Repository.php(383): App\\Product::App\\{closure}()
#15 F:\\PROJECT\\sourcetree\\THANH_AN_GROUP\\SOURCE\\THANH_AN_WEB\\vendor\\laravel\\framework\\src\\Illuminate\\Cache\\CacheManager.php(357): Illuminate\\Cache\\Repository->remember()
#16 F:\\PROJECT\\sourcetree\\THANH_AN_GROUP\\SOURCE\\THANH_AN_WEB\\vendor\\laravel\\framework\\src\\Illuminate\\Support\\Facades\\Facade.php(239): Illuminate\\Cache\\CacheManager->__call()
#17 F:\\PROJECT\\sourcetree\\THANH_AN_GROUP\\SOURCE\\THANH_AN_WEB\\vendor\\laravel\\framework\\src\\Illuminate\\Support\\Facades\\Facade.php(239): Illuminate\\Cache\\CacheManager->remember()
#18 F:\\PROJECT\\sourcetree\\THANH_AN_GROUP\\SOURCE\\THANH_AN_WEB\\app\\Product.php(73): Illuminate\\Support\\Facades\\Facade::__callStatic()
#19 F:\\PROJECT\\sourcetree\\THANH_AN_GROUP\\SOURCE\\THANH_AN_WEB\\app\\Product.php(73): Illuminate\\Support\\Facades\\Facade::remember()
#20 F:\\PROJECT\\sourcetree\\THANH_AN_GROUP\\SOURCE\\THANH_AN_WEB\\app\\Providers\\AppServiceProvider.php(59): App\\Product::getData()
#21 F:\\PROJECT\\sourcetree\\THANH_AN_GROUP\\SOURCE\\THANH_AN_WEB\\vendor\\laravel\\framework\\src\\Illuminate\\Container\\BoundMethod.php(32): App\\Providers\\AppServiceProvider->boot()
#22 F:\\PROJECT\\sourcetree\\THANH_AN_GROUP\\SOURCE\\THANH_AN_WEB\\vendor\\laravel\\framework\\src\\Illuminate\\Container\\BoundMethod.php(32): call_user_func_array:{F:\\PROJECT\\sourcetree\\THANH_AN_GROUP\\SOURCE\\THANH_AN_WEB\\vendor\\laravel\\framework\\src\\Illuminate\\Container\\BoundMethod.php:32}()
#23 F:\\PROJECT\\sourcetree\\THANH_AN_GROUP\\SOURCE\\THANH_AN_WEB\\vendor\\laravel\\framework\\src\\Illuminate\\Container\\BoundMethod.php(90): Illuminate\\Container\\BoundMethod::Illuminate\\Container\\{closure}()
#24 F:\\PROJECT\\sourcetree\\THANH_AN_GROUP\\SOURCE\\THANH_AN_WEB\\vendor\\laravel\\framework\\src\\Illuminate\\Container\\BoundMethod.php(34): Illuminate\\Container\\BoundMethod::callBoundMethod()
#25 F:\\PROJECT\\sourcetree\\THANH_AN_GROUP\\SOURCE\\THANH_AN_WEB\\vendor\\laravel\\framework\\src\\Illuminate\\Container\\Container.php(576): Illuminate\\Container\\BoundMethod::call()
#26 F:\\PROJECT\\sourcetree\\THANH_AN_GROUP\\SOURCE\\THANH_AN_WEB\\vendor\\laravel\\framework\\src\\Illuminate\\Foundation\\Application.php(827): Illuminate\\Foundation\\Application->call()
#27 F:\\PROJECT\\sourcetree\\THANH_AN_GROUP\\SOURCE\\THANH_AN_WEB\\vendor\\laravel\\framework\\src\\Illuminate\\Foundation\\Application.php(810): Illuminate\\Foundation\\Application->bootProvider()
#28 F:\\PROJECT\\sourcetree\\THANH_AN_GROUP\\SOURCE\\THANH_AN_WEB\\vendor\\laravel\\framework\\src\\Illuminate\\Foundation\\Application.php(811): Illuminate\\Foundation\\Application->Illuminate\\Foundation\\{closure}()
#29 F:\\PROJECT\\sourcetree\\THANH_AN_GROUP\\SOURCE\\THANH_AN_WEB\\vendor\\laravel\\framework\\src\\Illuminate\\Foundation\\Application.php(811): array_walk()
#30 F:\\PROJECT\\sourcetree\\THANH_AN_GROUP\\SOURCE\\THANH_AN_WEB\\vendor\\laravel\\framework\\src\\Illuminate\\Foundation\\Bootstrap\\BootProviders.php(17): Illuminate\\Foundation\\Application->boot()
#31 F:\\PROJECT\\sourcetree\\THANH_AN_GROUP\\SOURCE\\THANH_AN_WEB\\vendor\\laravel\\framework\\src\\Illuminate\\Foundation\\Application.php(210): Illuminate\\Foundation\\Bootstrap\\BootProviders->bootstrap()
#32 F:\\PROJECT\\sourcetree\\THANH_AN_GROUP\\SOURCE\\THANH_AN_WEB\\vendor\\laravel\\framework\\src\\Illuminate\\Foundation\\Http\\Kernel.php(162): Illuminate\\Foundation\\Application->bootstrapWith()
#33 F:\\PROJECT\\sourcetree\\THANH_AN_GROUP\\SOURCE\\THANH_AN_WEB\\vendor\\laravel\\framework\\src\\Illuminate\\Foundation\\Http\\Kernel.php(146): App\\Http\\Kernel->bootstrap()
#34 F:\\PROJECT\\sourcetree\\THANH_AN_GROUP\\SOURCE\\THANH_AN_WEB\\vendor\\laravel\\framework\\src\\Illuminate\\Foundation\\Http\\Kernel.php(116): App\\Http\\Kernel->sendRequestThroughRouter()
#35 F:\\PROJECT\\sourcetree\\THANH_AN_GROUP\\SOURCE\\THANH_AN_WEB\\public\\index.php(56): App\\Http\\Kernel->handle()
#36 F:\\PROJECT\\sourcetree\\THANH_AN_GROUP\\SOURCE\\THANH_AN_WEB\\server.php(21): ()
#37 F:\\PROJECT\\sourcetree\\THANH_AN_GROUP\\SOURCE\\THANH_AN_WEB\\server.php(0): {main}()
#38 {main}
"} 
[2020-06-25 06:39:58] local.ERROR: SQLSTATE[HY000] [2002] A connection attempt failed because the connected party did not properly respond after a period of time, or established connection failed because connected host has failed to respond.
 (SQL: select * from `config_generals` limit 1) {"exception":"[object] (Illuminate\\Database\\QueryException(code: 2002): SQLSTATE[HY000] [2002] A connection attempt failed because the connected party did not properly respond after a period of time, or established connection failed because connected host has failed to respond.
 (SQL: select * from `config_generals` limit 1) at F:\\PROJECT\\sourcetree\\THANH_AN_GROUP\\SOURCE\\THANH_AN_WEB\\vendor\\laravel\\framework\\src\\Illuminate\\Database\\Connection.php:664, Doctrine\\DBAL\\Driver\\PDOException(code: 2002): SQLSTATE[HY000] [2002] A connection attempt failed because the connected party did not properly respond after a period of time, or established connection failed because connected host has failed to respond.
 at F:\\PROJECT\\sourcetree\\THANH_AN_GROUP\\SOURCE\\THANH_AN_WEB\\vendor\\doctrine\\dbal\\lib\\Doctrine\\DBAL\\Driver\\PDOConnection.php:31, PDOException(code: 2002): SQLSTATE[HY000] [2002] A connection attempt failed because the connected party did not properly respond after a period of time, or established connection failed because connected host has failed to respond.
 at F:\\PROJECT\\sourcetree\\THANH_AN_GROUP\\SOURCE\\THANH_AN_WEB\\vendor\\doctrine\\dbal\\lib\\Doctrine\\DBAL\\Driver\\PDOConnection.php:27)
[stacktrace]
#0 F:\\PROJECT\\sourcetree\\THANH_AN_GROUP\\SOURCE\\THANH_AN_WEB\\vendor\\laravel\\framework\\src\\Illuminate\\Database\\Connection.php(624): Illuminate\\Database\\Connection->runQueryCallback('select * from `...', Array, Object(Closure))
#1 F:\\PROJECT\\sourcetree\\THANH_AN_GROUP\\SOURCE\\THANH_AN_WEB\\vendor\\laravel\\framework\\src\\Illuminate\\Database\\Connection.php(333): Illuminate\\Database\\Connection->run('select * from `...', Array, Object(Closure))
#2 F:\\PROJECT\\sourcetree\\THANH_AN_GROUP\\SOURCE\\THANH_AN_WEB\\vendor\\laravel\\framework\\src\\Illuminate\\Database\\Query\\Builder.php(2130): Illuminate\\Database\\Connection->select('select * from `...', Array, true)
#3 F:\\PROJECT\\sourcetree\\THANH_AN_GROUP\\SOURCE\\THANH_AN_WEB\\vendor\\laravel\\framework\\src\\Illuminate\\Database\\Query\\Builder.php(2118): Illuminate\\Database\\Query\\Builder->runSelect()
#4 F:\\PROJECT\\sourcetree\\THANH_AN_GROUP\\SOURCE\\THANH_AN_WEB\\vendor\\laravel\\framework\\src\\Illuminate\\Database\\Query\\Builder.php(2604): Illuminate\\Database\\Query\\Builder->Illuminate\\Database\\Query\\{closure}()
#5 F:\\PROJECT\\sourcetree\\THANH_AN_GROUP\\SOURCE\\THANH_AN_WEB\\vendor\\laravel\\framework\\src\\Illuminate\\Database\\Query\\Builder.php(2119): Illuminate\\Database\\Query\\Builder->onceWithColumns(Array, Object(Closure))
#6 F:\\PROJECT\\sourcetree\\THANH_AN_GROUP\\SOURCE\\THANH_AN_WEB\\vendor\\laravel\\framework\\src\\Illuminate\\Database\\Eloquent\\Builder.php(521): Illuminate\\Database\\Query\\Builder->get(Array)
#7 F:\\PROJECT\\sourcetree\\THANH_AN_GROUP\\SOURCE\\THANH_AN_WEB\\vendor\\laravel\\framework\\src\\Illuminate\\Database\\Eloquent\\Builder.php(505): Illuminate\\Database\\Eloquent\\Builder->getModels(Array)
#8 F:\\PROJECT\\sourcetree\\THANH_AN_GROUP\\SOURCE\\THANH_AN_WEB\\vendor\\laravel\\framework\\src\\Illuminate\\Database\\Concerns\\BuildsQueries.php(77): Illuminate\\Database\\Eloquent\\Builder->get(Array)
#9 F:\\PROJECT\\sourcetree\\THANH_AN_GROUP\\SOURCE\\THANH_AN_WEB\\vendor\\laravel\\framework\\src\\Illuminate\\Support\\Traits\\ForwardsCalls.php(23): Illuminate\\Database\\Eloquent\\Builder->first()
#10 F:\\PROJECT\\sourcetree\\THANH_AN_GROUP\\SOURCE\\THANH_AN_WEB\\vendor\\laravel\\framework\\src\\Illuminate\\Database\\Eloquent\\Model.php(1618): Illuminate\\Database\\Eloquent\\Model->forwardCallTo(Object(Illuminate\\Database\\Eloquent\\Builder), 'first', Array)
#11 F:\\PROJECT\\sourcetree\\THANH_AN_GROUP\\SOURCE\\THANH_AN_WEB\\vendor\\laravel\\framework\\src\\Illuminate\\Database\\Eloquent\\Model.php(1630): Illuminate\\Database\\Eloquent\\Model->__call('first', Array)
#12 F:\\PROJECT\\sourcetree\\THANH_AN_GROUP\\SOURCE\\THANH_AN_WEB\\app\\ConfigGeneral.php(39): Illuminate\\Database\\Eloquent\\Model::__callStatic('first', Array)
#13 F:\\PROJECT\\sourcetree\\THANH_AN_GROUP\\SOURCE\\THANH_AN_WEB\\vendor\\laravel\\framework\\src\\Illuminate\\Cache\\Repository.php(383): App\\ConfigGeneral::App\\{closure}()
#14 F:\\PROJECT\\sourcetree\\THANH_AN_GROUP\\SOURCE\\THANH_AN_WEB\\vendor\\laravel\\framework\\src\\Illuminate\\Cache\\CacheManager.php(357): Illuminate\\Cache\\Repository->remember('congfig-general', 60, Object(Closure))
#15 F:\\PROJECT\\sourcetree\\THANH_AN_GROUP\\SOURCE\\THANH_AN_WEB\\vendor\\laravel\\framework\\src\\Illuminate\\Support\\Facades\\Facade.php(239): Illuminate\\Cache\\CacheManager->__call('remember', Array)
#16 F:\\PROJECT\\sourcetree\\THANH_AN_GROUP\\SOURCE\\THANH_AN_WEB\\app\\ConfigGeneral.php(40): Illuminate\\Support\\Facades\\Facade::__callStatic('remember', Array)
#17 F:\\PROJECT\\sourcetree\\THANH_AN_GROUP\\SOURCE\\THANH_AN_WEB\\app\\Providers\\AppServiceProvider.php(55): App\\ConfigGeneral::getData()
#18 [internal function]: App\\Providers\\AppServiceProvider->boot()
#19 F:\\PROJECT\\sourcetree\\THANH_AN_GROUP\\SOURCE\\THANH_AN_WEB\\vendor\\laravel\\framework\\src\\Illuminate\\Container\\BoundMethod.php(32): call_user_func_array(Array, Array)
#20 F:\\PROJECT\\sourcetree\\THANH_AN_GROUP\\SOURCE\\THANH_AN_WEB\\vendor\\laravel\\framework\\src\\Illuminate\\Container\\BoundMethod.php(90): Illuminate\\Container\\BoundMethod::Illuminate\\Container\\{closure}()
#21 F:\\PROJECT\\sourcetree\\THANH_AN_GROUP\\SOURCE\\THANH_AN_WEB\\vendor\\laravel\\framework\\src\\Illuminate\\Container\\BoundMethod.php(34): Illuminate\\Container\\BoundMethod::callBoundMethod(Object(Illuminate\\Foundation\\Application), Array, Object(Closure))
#22 F:\\PROJECT\\sourcetree\\THANH_AN_GROUP\\SOURCE\\THANH_AN_WEB\\vendor\\laravel\\framework\\src\\Illuminate\\Container\\Container.php(576): Illuminate\\Container\\BoundMethod::call(Object(Illuminate\\Foundation\\Application), Array, Array, NULL)
#23 F:\\PROJECT\\sourcetree\\THANH_AN_GROUP\\SOURCE\\THANH_AN_WEB\\vendor\\laravel\\framework\\src\\Illuminate\\Foundation\\Application.php(827): Illuminate\\Container\\Container->call(Array)
#24 F:\\PROJECT\\sourcetree\\THANH_AN_GROUP\\SOURCE\\THANH_AN_WEB\\vendor\\laravel\\framework\\src\\Illuminate\\Foundation\\Application.php(810): Illuminate\\Foundation\\Application->bootProvider(Object(App\\Providers\\AppServiceProvider))
#25 [internal function]: Illuminate\\Foundation\\Application->Illuminate\\Foundation\\{closure}(Object(App\\Providers\\AppServiceProvider), 22)
#26 F:\\PROJECT\\sourcetree\\THANH_AN_GROUP\\SOURCE\\THANH_AN_WEB\\vendor\\laravel\\framework\\src\\Illuminate\\Foundation\\Application.php(811): array_walk(Array, Object(Closure))
#27 F:\\PROJECT\\sourcetree\\THANH_AN_GROUP\\SOURCE\\THANH_AN_WEB\\vendor\\laravel\\framework\\src\\Illuminate\\Foundation\\Bootstrap\\BootProviders.php(17): Illuminate\\Foundation\\Application->boot()
#28 F:\\PROJECT\\sourcetree\\THANH_AN_GROUP\\SOURCE\\THANH_AN_WEB\\vendor\\laravel\\framework\\src\\Illuminate\\Foundation\\Application.php(210): Illuminate\\Foundation\\Bootstrap\\BootProviders->bootstrap(Object(Illuminate\\Foundation\\Application))
#29 F:\\PROJECT\\sourcetree\\THANH_AN_GROUP\\SOURCE\\THANH_AN_WEB\\vendor\\laravel\\framework\\src\\Illuminate\\Foundation\\Console\\Kernel.php(322): Illuminate\\Foundation\\Application->bootstrapWith(Array)
#30 F:\\PROJECT\\sourcetree\\THANH_AN_GROUP\\SOURCE\\THANH_AN_WEB\\vendor\\laravel\\framework\\src\\Illuminate\\Foundation\\Console\\Kernel.php(131): Illuminate\\Foundation\\Console\\Kernel->bootstrap()
#31 F:\\PROJECT\\sourcetree\\THANH_AN_GROUP\\SOURCE\\THANH_AN_WEB\\artisan(37): Illuminate\\Foundation\\Console\\Kernel->handle(Object(Symfony\\Component\\Console\\Input\\ArgvInput), Object(Symfony\\Component\\Console\\Output\\ConsoleOutput))
#32 {main}
"} 
[2020-06-25 06:40:38] local.ERROR: SQLSTATE[HY000] [2002] A socket operation was attempted to an unreachable network.
 (SQL: select * from `config_generals` limit 1) {"exception":"[object] (Illuminate\\Database\\QueryException(code: 2002): SQLSTATE[HY000] [2002] A socket operation was attempted to an unreachable network.
 (SQL: select * from `config_generals` limit 1) at F:\\PROJECT\\sourcetree\\THANH_AN_GROUP\\SOURCE\\THANH_AN_WEB\\vendor\\laravel\\framework\\src\\Illuminate\\Database\\Connection.php:664, Doctrine\\DBAL\\Driver\\PDOException(code: 2002): SQLSTATE[HY000] [2002] A socket operation was attempted to an unreachable network.
 at F:\\PROJECT\\sourcetree\\THANH_AN_GROUP\\SOURCE\\THANH_AN_WEB\\vendor\\doctrine\\dbal\\lib\\Doctrine\\DBAL\\Driver\\PDOConnection.php:31, PDOException(code: 2002): SQLSTATE[HY000] [2002] A socket operation was attempted to an unreachable network.
 at F:\\PROJECT\\sourcetree\\THANH_AN_GROUP\\SOURCE\\THANH_AN_WEB\\vendor\\doctrine\\dbal\\lib\\Doctrine\\DBAL\\Driver\\PDOConnection.php:27)
[stacktrace]
#0 F:\\PROJECT\\sourcetree\\THANH_AN_GROUP\\SOURCE\\THANH_AN_WEB\\vendor\\laravel\\framework\\src\\Illuminate\\Database\\Connection.php(624): Illuminate\\Database\\Connection->runQueryCallback('select * from `...', Array, Object(Closure))
#1 F:\\PROJECT\\sourcetree\\THANH_AN_GROUP\\SOURCE\\THANH_AN_WEB\\vendor\\laravel\\framework\\src\\Illuminate\\Database\\Connection.php(333): Illuminate\\Database\\Connection->run('select * from `...', Array, Object(Closure))
#2 F:\\PROJECT\\sourcetree\\THANH_AN_GROUP\\SOURCE\\THANH_AN_WEB\\vendor\\laravel\\framework\\src\\Illuminate\\Database\\Query\\Builder.php(2130): Illuminate\\Database\\Connection->select('select * from `...', Array, true)
#3 F:\\PROJECT\\sourcetree\\THANH_AN_GROUP\\SOURCE\\THANH_AN_WEB\\vendor\\laravel\\framework\\src\\Illuminate\\Database\\Query\\Builder.php(2118): Illuminate\\Database\\Query\\Builder->runSelect()
#4 F:\\PROJECT\\sourcetree\\THANH_AN_GROUP\\SOURCE\\THANH_AN_WEB\\vendor\\laravel\\framework\\src\\Illuminate\\Database\\Query\\Builder.php(2604): Illuminate\\Database\\Query\\Builder->Illuminate\\Database\\Query\\{closure}()
#5 F:\\PROJECT\\sourcetree\\THANH_AN_GROUP\\SOURCE\\THANH_AN_WEB\\vendor\\laravel\\framework\\src\\Illuminate\\Database\\Query\\Builder.php(2119): Illuminate\\Database\\Query\\Builder->onceWithColumns(Array, Object(Closure))
#6 F:\\PROJECT\\sourcetree\\THANH_AN_GROUP\\SOURCE\\THANH_AN_WEB\\vendor\\laravel\\framework\\src\\Illuminate\\Database\\Eloquent\\Builder.php(521): Illuminate\\Database\\Query\\Builder->get(Array)
#7 F:\\PROJECT\\sourcetree\\THANH_AN_GROUP\\SOURCE\\THANH_AN_WEB\\vendor\\laravel\\framework\\src\\Illuminate\\Database\\Eloquent\\Builder.php(505): Illuminate\\Database\\Eloquent\\Builder->getModels(Array)
#8 F:\\PROJECT\\sourcetree\\THANH_AN_GROUP\\SOURCE\\THANH_AN_WEB\\vendor\\laravel\\framework\\src\\Illuminate\\Database\\Concerns\\BuildsQueries.php(77): Illuminate\\Database\\Eloquent\\Builder->get(Array)
#9 F:\\PROJECT\\sourcetree\\THANH_AN_GROUP\\SOURCE\\THANH_AN_WEB\\vendor\\laravel\\framework\\src\\Illuminate\\Support\\Traits\\ForwardsCalls.php(23): Illuminate\\Database\\Eloquent\\Builder->first()
#10 F:\\PROJECT\\sourcetree\\THANH_AN_GROUP\\SOURCE\\THANH_AN_WEB\\vendor\\laravel\\framework\\src\\Illuminate\\Database\\Eloquent\\Model.php(1618): Illuminate\\Database\\Eloquent\\Model->forwardCallTo(Object(Illuminate\\Database\\Eloquent\\Builder), 'first', Array)
#11 F:\\PROJECT\\sourcetree\\THANH_AN_GROUP\\SOURCE\\THANH_AN_WEB\\vendor\\laravel\\framework\\src\\Illuminate\\Database\\Eloquent\\Model.php(1630): Illuminate\\Database\\Eloquent\\Model->__call('first', Array)
#12 F:\\PROJECT\\sourcetree\\THANH_AN_GROUP\\SOURCE\\THANH_AN_WEB\\app\\ConfigGeneral.php(39): Illuminate\\Database\\Eloquent\\Model::__callStatic('first', Array)
#13 F:\\PROJECT\\sourcetree\\THANH_AN_GROUP\\SOURCE\\THANH_AN_WEB\\vendor\\laravel\\framework\\src\\Illuminate\\Cache\\Repository.php(383): App\\ConfigGeneral::App\\{closure}()
#14 F:\\PROJECT\\sourcetree\\THANH_AN_GROUP\\SOURCE\\THANH_AN_WEB\\vendor\\laravel\\framework\\src\\Illuminate\\Cache\\CacheManager.php(357): Illuminate\\Cache\\Repository->remember('congfig-general', 60, Object(Closure))
#15 F:\\PROJECT\\sourcetree\\THANH_AN_GROUP\\SOURCE\\THANH_AN_WEB\\vendor\\laravel\\framework\\src\\Illuminate\\Support\\Facades\\Facade.php(239): Illuminate\\Cache\\CacheManager->__call('remember', Array)
#16 F:\\PROJECT\\sourcetree\\THANH_AN_GROUP\\SOURCE\\THANH_AN_WEB\\app\\ConfigGeneral.php(40): Illuminate\\Support\\Facades\\Facade::__callStatic('remember', Array)
#17 F:\\PROJECT\\sourcetree\\THANH_AN_GROUP\\SOURCE\\THANH_AN_WEB\\app\\Providers\\AppServiceProvider.php(55): App\\ConfigGeneral::getData()
#18 [internal function]: App\\Providers\\AppServiceProvider->boot()
#19 F:\\PROJECT\\sourcetree\\THANH_AN_GROUP\\SOURCE\\THANH_AN_WEB\\vendor\\laravel\\framework\\src\\Illuminate\\Container\\BoundMethod.php(32): call_user_func_array(Array, Array)
#20 F:\\PROJECT\\sourcetree\\THANH_AN_GROUP\\SOURCE\\THANH_AN_WEB\\vendor\\laravel\\framework\\src\\Illuminate\\Container\\BoundMethod.php(90): Illuminate\\Container\\BoundMethod::Illuminate\\Container\\{closure}()
#21 F:\\PROJECT\\sourcetree\\THANH_AN_GROUP\\SOURCE\\THANH_AN_WEB\\vendor\\laravel\\framework\\src\\Illuminate\\Container\\BoundMethod.php(34): Illuminate\\Container\\BoundMethod::callBoundMethod(Object(Illuminate\\Foundation\\Application), Array, Object(Closure))
#22 F:\\PROJECT\\sourcetree\\THANH_AN_GROUP\\SOURCE\\THANH_AN_WEB\\vendor\\laravel\\framework\\src\\Illuminate\\Container\\Container.php(576): Illuminate\\Container\\BoundMethod::call(Object(Illuminate\\Foundation\\Application), Array, Array, NULL)
#23 F:\\PROJECT\\sourcetree\\THANH_AN_GROUP\\SOURCE\\THANH_AN_WEB\\vendor\\laravel\\framework\\src\\Illuminate\\Foundation\\Application.php(827): Illuminate\\Container\\Container->call(Array)
#24 F:\\PROJECT\\sourcetree\\THANH_AN_GROUP\\SOURCE\\THANH_AN_WEB\\vendor\\laravel\\framework\\src\\Illuminate\\Foundation\\Application.php(810): Illuminate\\Foundation\\Application->bootProvider(Object(App\\Providers\\AppServiceProvider))
#25 [internal function]: Illuminate\\Foundation\\Application->Illuminate\\Foundation\\{closure}(Object(App\\Providers\\AppServiceProvider), 22)
#26 F:\\PROJECT\\sourcetree\\THANH_AN_GROUP\\SOURCE\\THANH_AN_WEB\\vendor\\laravel\\framework\\src\\Illuminate\\Foundation\\Application.php(811): array_walk(Array, Object(Closure))
#27 F:\\PROJECT\\sourcetree\\THANH_AN_GROUP\\SOURCE\\THANH_AN_WEB\\vendor\\laravel\\framework\\src\\Illuminate\\Foundation\\Bootstrap\\BootProviders.php(17): Illuminate\\Foundation\\Application->boot()
#28 F:\\PROJECT\\sourcetree\\THANH_AN_GROUP\\SOURCE\\THANH_AN_WEB\\vendor\\laravel\\framework\\src\\Illuminate\\Foundation\\Application.php(210): Illuminate\\Foundation\\Bootstrap\\BootProviders->bootstrap(Object(Illuminate\\Foundation\\Application))
#29 F:\\PROJECT\\sourcetree\\THANH_AN_GROUP\\SOURCE\\THANH_AN_WEB\\vendor\\laravel\\framework\\src\\Illuminate\\Foundation\\Console\\Kernel.php(322): Illuminate\\Foundation\\Application->bootstrapWith(Array)
#30 F:\\PROJECT\\sourcetree\\THANH_AN_GROUP\\SOURCE\\THANH_AN_WEB\\vendor\\laravel\\framework\\src\\Illuminate\\Foundation\\Console\\Kernel.php(131): Illuminate\\Foundation\\Console\\Kernel->bootstrap()
#31 F:\\PROJECT\\sourcetree\\THANH_AN_GROUP\\SOURCE\\THANH_AN_WEB\\artisan(37): Illuminate\\Foundation\\Console\\Kernel->handle(Object(Symfony\\Component\\Console\\Input\\ArgvInput), Object(Symfony\\Component\\Console\\Output\\ConsoleOutput))
#32 {main}
"} 
[2020-06-25 06:47:50] local.ERROR: Maximum execution time of 60 seconds exceeded {"exception":"[object] (Symfony\\Component\\Debug\\Exception\\FatalErrorException(code: 1): Maximum execution time of 60 seconds exceeded at F:\\PROJECT\\sourcetree\\THANH_AN_GROUP\\SOURCE\\THANH_AN_WEB\\vendor\\laravel\\framework\\src\\Illuminate\\Foundation\\Bootstrap\\HandleExceptions.php:66)
[stacktrace]
#0 F:\\PROJECT\\sourcetree\\THANH_AN_GROUP\\SOURCE\\THANH_AN_WEB\\vendor\\laravel\\framework\\src\\Illuminate\\Foundation\\Bootstrap\\HandleExceptions.php(148): Symfony\\Component\\Debug\\Exception\\FatalErrorException->__construct()
#1 F:\\PROJECT\\sourcetree\\THANH_AN_GROUP\\SOURCE\\THANH_AN_WEB\\vendor\\laravel\\framework\\src\\Illuminate\\Foundation\\Bootstrap\\HandleExceptions.php(134): Illuminate\\Foundation\\Bootstrap\\HandleExceptions->fatalExceptionFromError()
#2 F:\\PROJECT\\sourcetree\\THANH_AN_GROUP\\SOURCE\\THANH_AN_WEB\\vendor\\laravel\\framework\\src\\Illuminate\\Foundation\\Bootstrap\\HandleExceptions.php(0): Illuminate\\Foundation\\Bootstrap\\HandleExceptions->handleShutdown()
#3 F:\\PROJECT\\sourcetree\\THANH_AN_GROUP\\SOURCE\\THANH_AN_WEB\\vendor\\doctrine\\dbal\\lib\\Doctrine\\DBAL\\Driver\\PDOStatement.php(117): Illuminate\\Foundation\\Bootstrap\\HandleExceptions->handleError()
#4 F:\\PROJECT\\sourcetree\\THANH_AN_GROUP\\SOURCE\\THANH_AN_WEB\\vendor\\doctrine\\dbal\\lib\\Doctrine\\DBAL\\Driver\\PDOStatement.php(117): Doctrine\\DBAL\\Driver\\PDOStatement->execute()
#5 F:\\PROJECT\\sourcetree\\THANH_AN_GROUP\\SOURCE\\THANH_AN_WEB\\vendor\\laravel\\framework\\src\\Illuminate\\Database\\Connection.php(330): Doctrine\\DBAL\\Driver\\PDOStatement->execute()
#6 F:\\PROJECT\\sourcetree\\THANH_AN_GROUP\\SOURCE\\THANH_AN_WEB\\vendor\\laravel\\framework\\src\\Illuminate\\Database\\Connection.php(657): Illuminate\\Database\\MySqlConnection->Illuminate\\Database\\{closure}()
#7 F:\\PROJECT\\sourcetree\\THANH_AN_GROUP\\SOURCE\\THANH_AN_WEB\\vendor\\laravel\\framework\\src\\Illuminate\\Database\\Connection.php(624): Illuminate\\Database\\MySqlConnection->runQueryCallback()
#8 F:\\PROJECT\\sourcetree\\THANH_AN_GROUP\\SOURCE\\THANH_AN_WEB\\vendor\\laravel\\framework\\src\\Illuminate\\Database\\Connection.php(333): Illuminate\\Database\\MySqlConnection->run()
#9 F:\\PROJECT\\sourcetree\\THANH_AN_GROUP\\SOURCE\\THANH_AN_WEB\\vendor\\laravel\\framework\\src\\Illuminate\\Database\\Query\\Builder.php(2130): Illuminate\\Database\\MySqlConnection->select()
#10 F:\\PROJECT\\sourcetree\\THANH_AN_GROUP\\SOURCE\\THANH_AN_WEB\\vendor\\laravel\\framework\\src\\Illuminate\\Database\\Query\\Builder.php(2118): Illuminate\\Database\\Query\\Builder->runSelect()
#11 F:\\PROJECT\\sourcetree\\THANH_AN_GROUP\\SOURCE\\THANH_AN_WEB\\vendor\\laravel\\framework\\src\\Illuminate\\Database\\Query\\Builder.php(2604): Illuminate\\Database\\Query\\Builder->Illuminate\\Database\\Query\\{closure}()
#12 F:\\PROJECT\\sourcetree\\THANH_AN_GROUP\\SOURCE\\THANH_AN_WEB\\vendor\\laravel\\framework\\src\\Illuminate\\Database\\Query\\Builder.php(2119): Illuminate\\Database\\Query\\Builder->onceWithColumns()
#13 F:\\PROJECT\\sourcetree\\THANH_AN_GROUP\\SOURCE\\THANH_AN_WEB\\vendor\\laravel\\framework\\src\\Illuminate\\Database\\Eloquent\\Builder.php(521): Illuminate\\Database\\Query\\Builder->get()
#14 F:\\PROJECT\\sourcetree\\THANH_AN_GROUP\\SOURCE\\THANH_AN_WEB\\vendor\\laravel\\framework\\src\\Illuminate\\Database\\Eloquent\\Builder.php(505): Illuminate\\Database\\Eloquent\\Builder->getModels()
#15 F:\\PROJECT\\sourcetree\\THANH_AN_GROUP\\SOURCE\\THANH_AN_WEB\\app\\Product.php(72): Illuminate\\Database\\Eloquent\\Builder->get()
#16 F:\\PROJECT\\sourcetree\\THANH_AN_GROUP\\SOURCE\\THANH_AN_WEB\\vendor\\laravel\\framework\\src\\Illuminate\\Cache\\Repository.php(383): App\\Product::App\\{closure}()
#17 F:\\PROJECT\\sourcetree\\THANH_AN_GROUP\\SOURCE\\THANH_AN_WEB\\vendor\\laravel\\framework\\src\\Illuminate\\Cache\\CacheManager.php(357): Illuminate\\Cache\\Repository->remember()
#18 F:\\PROJECT\\sourcetree\\THANH_AN_GROUP\\SOURCE\\THANH_AN_WEB\\vendor\\laravel\\framework\\src\\Illuminate\\Support\\Facades\\Facade.php(239): Illuminate\\Cache\\CacheManager->__call()
#19 F:\\PROJECT\\sourcetree\\THANH_AN_GROUP\\SOURCE\\THANH_AN_WEB\\vendor\\laravel\\framework\\src\\Illuminate\\Support\\Facades\\Facade.php(239): Illuminate\\Cache\\CacheManager->remember()
#20 F:\\PROJECT\\sourcetree\\THANH_AN_GROUP\\SOURCE\\THANH_AN_WEB\\app\\Product.php(73): Illuminate\\Support\\Facades\\Facade::__callStatic()
#21 F:\\PROJECT\\sourcetree\\THANH_AN_GROUP\\SOURCE\\THANH_AN_WEB\\app\\Product.php(73): Illuminate\\Support\\Facades\\Facade::remember()
#22 F:\\PROJECT\\sourcetree\\THANH_AN_GROUP\\SOURCE\\THANH_AN_WEB\\app\\Providers\\AppServiceProvider.php(59): App\\Product::getData()
#23 F:\\PROJECT\\sourcetree\\THANH_AN_GROUP\\SOURCE\\THANH_AN_WEB\\vendor\\laravel\\framework\\src\\Illuminate\\Container\\BoundMethod.php(32): App\\Providers\\AppServiceProvider->boot()
#24 F:\\PROJECT\\sourcetree\\THANH_AN_GROUP\\SOURCE\\THANH_AN_WEB\\vendor\\laravel\\framework\\src\\Illuminate\\Container\\BoundMethod.php(32): call_user_func_array:{F:\\PROJECT\\sourcetree\\THANH_AN_GROUP\\SOURCE\\THANH_AN_WEB\\vendor\\laravel\\framework\\src\\Illuminate\\Container\\BoundMethod.php:32}()
#25 F:\\PROJECT\\sourcetree\\THANH_AN_GROUP\\SOURCE\\THANH_AN_WEB\\vendor\\laravel\\framework\\src\\Illuminate\\Container\\BoundMethod.php(90): Illuminate\\Container\\BoundMethod::Illuminate\\Container\\{closure}()
#26 F:\\PROJECT\\sourcetree\\THANH_AN_GROUP\\SOURCE\\THANH_AN_WEB\\vendor\\laravel\\framework\\src\\Illuminate\\Container\\BoundMethod.php(34): Illuminate\\Container\\BoundMethod::callBoundMethod()
#27 F:\\PROJECT\\sourcetree\\THANH_AN_GROUP\\SOURCE\\THANH_AN_WEB\\vendor\\laravel\\framework\\src\\Illuminate\\Container\\Container.php(576): Illuminate\\Container\\BoundMethod::call()
#28 F:\\PROJECT\\sourcetree\\THANH_AN_GROUP\\SOURCE\\THANH_AN_WEB\\vendor\\laravel\\framework\\src\\Illuminate\\Foundation\\Application.php(827): Illuminate\\Foundation\\Application->call()
#29 F:\\PROJECT\\sourcetree\\THANH_AN_GROUP\\SOURCE\\THANH_AN_WEB\\vendor\\laravel\\framework\\src\\Illuminate\\Foundation\\Application.php(810): Illuminate\\Foundation\\Application->bootProvider()
#30 F:\\PROJECT\\sourcetree\\THANH_AN_GROUP\\SOURCE\\THANH_AN_WEB\\vendor\\laravel\\framework\\src\\Illuminate\\Foundation\\Application.php(811): Illuminate\\Foundation\\Application->Illuminate\\Foundation\\{closure}()
#31 F:\\PROJECT\\sourcetree\\THANH_AN_GROUP\\SOURCE\\THANH_AN_WEB\\vendor\\laravel\\framework\\src\\Illuminate\\Foundation\\Application.php(811): array_walk()
#32 F:\\PROJECT\\sourcetree\\THANH_AN_GROUP\\SOURCE\\THANH_AN_WEB\\vendor\\laravel\\framework\\src\\Illuminate\\Foundation\\Bootstrap\\BootProviders.php(17): Illuminate\\Foundation\\Application->boot()
#33 F:\\PROJECT\\sourcetree\\THANH_AN_GROUP\\SOURCE\\THANH_AN_WEB\\vendor\\laravel\\framework\\src\\Illuminate\\Foundation\\Application.php(210): Illuminate\\Foundation\\Bootstrap\\BootProviders->bootstrap()
#34 F:\\PROJECT\\sourcetree\\THANH_AN_GROUP\\SOURCE\\THANH_AN_WEB\\vendor\\laravel\\framework\\src\\Illuminate\\Foundation\\Http\\Kernel.php(162): Illuminate\\Foundation\\Application->bootstrapWith()
#35 F:\\PROJECT\\sourcetree\\THANH_AN_GROUP\\SOURCE\\THANH_AN_WEB\\vendor\\laravel\\framework\\src\\Illuminate\\Foundation\\Http\\Kernel.php(146): App\\Http\\Kernel->bootstrap()
#36 F:\\PROJECT\\sourcetree\\THANH_AN_GROUP\\SOURCE\\THANH_AN_WEB\\vendor\\laravel\\framework\\src\\Illuminate\\Foundation\\Http\\Kernel.php(116): App\\Http\\Kernel->sendRequestThroughRouter()
#37 F:\\PROJECT\\sourcetree\\THANH_AN_GROUP\\SOURCE\\THANH_AN_WEB\\public\\index.php(56): App\\Http\\Kernel->handle()
#38 F:\\PROJECT\\sourcetree\\THANH_AN_GROUP\\SOURCE\\THANH_AN_WEB\\server.php(21): ()
#39 F:\\PROJECT\\sourcetree\\THANH_AN_GROUP\\SOURCE\\THANH_AN_WEB\\server.php(0): {main}()
#40 {main}
"} 
[2020-06-25 07:34:15] local.ERROR: SQLSTATE[HY000] [2002] A connection attempt failed because the connected party did not properly respond after a period of time, or established connection failed because connected host has failed to respond.
 (SQL: select * from `config_generals` limit 1) {"exception":"[object] (Illuminate\\Database\\QueryException(code: 2002): SQLSTATE[HY000] [2002] A connection attempt failed because the connected party did not properly respond after a period of time, or established connection failed because connected host has failed to respond.
 (SQL: select * from `config_generals` limit 1) at F:\\PROJECT\\sourcetree\\THANH_AN_GROUP\\SOURCE\\THANH_AN_WEB\\vendor\\laravel\\framework\\src\\Illuminate\\Database\\Connection.php:664, Doctrine\\DBAL\\Driver\\PDOException(code: 2002): SQLSTATE[HY000] [2002] A connection attempt failed because the connected party did not properly respond after a period of time, or established connection failed because connected host has failed to respond.
 at F:\\PROJECT\\sourcetree\\THANH_AN_GROUP\\SOURCE\\THANH_AN_WEB\\vendor\\doctrine\\dbal\\lib\\Doctrine\\DBAL\\Driver\\PDOConnection.php:31, PDOException(code: 2002): SQLSTATE[HY000] [2002] A connection attempt failed because the connected party did not properly respond after a period of time, or established connection failed because connected host has failed to respond.
 at F:\\PROJECT\\sourcetree\\THANH_AN_GROUP\\SOURCE\\THANH_AN_WEB\\vendor\\doctrine\\dbal\\lib\\Doctrine\\DBAL\\Driver\\PDOConnection.php:27)
[stacktrace]
#0 F:\\PROJECT\\sourcetree\\THANH_AN_GROUP\\SOURCE\\THANH_AN_WEB\\vendor\\laravel\\framework\\src\\Illuminate\\Database\\Connection.php(624): Illuminate\\Database\\Connection->runQueryCallback('select * from `...', Array, Object(Closure))
#1 F:\\PROJECT\\sourcetree\\THANH_AN_GROUP\\SOURCE\\THANH_AN_WEB\\vendor\\laravel\\framework\\src\\Illuminate\\Database\\Connection.php(333): Illuminate\\Database\\Connection->run('select * from `...', Array, Object(Closure))
#2 F:\\PROJECT\\sourcetree\\THANH_AN_GROUP\\SOURCE\\THANH_AN_WEB\\vendor\\laravel\\framework\\src\\Illuminate\\Database\\Query\\Builder.php(2130): Illuminate\\Database\\Connection->select('select * from `...', Array, true)
#3 F:\\PROJECT\\sourcetree\\THANH_AN_GROUP\\SOURCE\\THANH_AN_WEB\\vendor\\laravel\\framework\\src\\Illuminate\\Database\\Query\\Builder.php(2118): Illuminate\\Database\\Query\\Builder->runSelect()
#4 F:\\PROJECT\\sourcetree\\THANH_AN_GROUP\\SOURCE\\THANH_AN_WEB\\vendor\\laravel\\framework\\src\\Illuminate\\Database\\Query\\Builder.php(2604): Illuminate\\Database\\Query\\Builder->Illuminate\\Database\\Query\\{closure}()
#5 F:\\PROJECT\\sourcetree\\THANH_AN_GROUP\\SOURCE\\THANH_AN_WEB\\vendor\\laravel\\framework\\src\\Illuminate\\Database\\Query\\Builder.php(2119): Illuminate\\Database\\Query\\Builder->onceWithColumns(Array, Object(Closure))
#6 F:\\PROJECT\\sourcetree\\THANH_AN_GROUP\\SOURCE\\THANH_AN_WEB\\vendor\\laravel\\framework\\src\\Illuminate\\Database\\Eloquent\\Builder.php(521): Illuminate\\Database\\Query\\Builder->get(Array)
#7 F:\\PROJECT\\sourcetree\\THANH_AN_GROUP\\SOURCE\\THANH_AN_WEB\\vendor\\laravel\\framework\\src\\Illuminate\\Database\\Eloquent\\Builder.php(505): Illuminate\\Database\\Eloquent\\Builder->getModels(Array)
#8 F:\\PROJECT\\sourcetree\\THANH_AN_GROUP\\SOURCE\\THANH_AN_WEB\\vendor\\laravel\\framework\\src\\Illuminate\\Database\\Concerns\\BuildsQueries.php(77): Illuminate\\Database\\Eloquent\\Builder->get(Array)
#9 F:\\PROJECT\\sourcetree\\THANH_AN_GROUP\\SOURCE\\THANH_AN_WEB\\vendor\\laravel\\framework\\src\\Illuminate\\Support\\Traits\\ForwardsCalls.php(23): Illuminate\\Database\\Eloquent\\Builder->first()
#10 F:\\PROJECT\\sourcetree\\THANH_AN_GROUP\\SOURCE\\THANH_AN_WEB\\vendor\\laravel\\framework\\src\\Illuminate\\Database\\Eloquent\\Model.php(1618): Illuminate\\Database\\Eloquent\\Model->forwardCallTo(Object(Illuminate\\Database\\Eloquent\\Builder), 'first', Array)
#11 F:\\PROJECT\\sourcetree\\THANH_AN_GROUP\\SOURCE\\THANH_AN_WEB\\vendor\\laravel\\framework\\src\\Illuminate\\Database\\Eloquent\\Model.php(1630): Illuminate\\Database\\Eloquent\\Model->__call('first', Array)
#12 F:\\PROJECT\\sourcetree\\THANH_AN_GROUP\\SOURCE\\THANH_AN_WEB\\app\\ConfigGeneral.php(39): Illuminate\\Database\\Eloquent\\Model::__callStatic('first', Array)
#13 F:\\PROJECT\\sourcetree\\THANH_AN_GROUP\\SOURCE\\THANH_AN_WEB\\vendor\\laravel\\framework\\src\\Illuminate\\Cache\\Repository.php(383): App\\ConfigGeneral::App\\{closure}()
#14 F:\\PROJECT\\sourcetree\\THANH_AN_GROUP\\SOURCE\\THANH_AN_WEB\\vendor\\laravel\\framework\\src\\Illuminate\\Cache\\CacheManager.php(357): Illuminate\\Cache\\Repository->remember('congfig-general', 60, Object(Closure))
#15 F:\\PROJECT\\sourcetree\\THANH_AN_GROUP\\SOURCE\\THANH_AN_WEB\\vendor\\laravel\\framework\\src\\Illuminate\\Support\\Facades\\Facade.php(239): Illuminate\\Cache\\CacheManager->__call('remember', Array)
#16 F:\\PROJECT\\sourcetree\\THANH_AN_GROUP\\SOURCE\\THANH_AN_WEB\\app\\ConfigGeneral.php(40): Illuminate\\Support\\Facades\\Facade::__callStatic('remember', Array)
#17 F:\\PROJECT\\sourcetree\\THANH_AN_GROUP\\SOURCE\\THANH_AN_WEB\\app\\Providers\\AppServiceProvider.php(55): App\\ConfigGeneral::getData()
#18 [internal function]: App\\Providers\\AppServiceProvider->boot()
#19 F:\\PROJECT\\sourcetree\\THANH_AN_GROUP\\SOURCE\\THANH_AN_WEB\\vendor\\laravel\\framework\\src\\Illuminate\\Container\\BoundMethod.php(32): call_user_func_array(Array, Array)
#20 F:\\PROJECT\\sourcetree\\THANH_AN_GROUP\\SOURCE\\THANH_AN_WEB\\vendor\\laravel\\framework\\src\\Illuminate\\Container\\BoundMethod.php(90): Illuminate\\Container\\BoundMethod::Illuminate\\Container\\{closure}()
#21 F:\\PROJECT\\sourcetree\\THANH_AN_GROUP\\SOURCE\\THANH_AN_WEB\\vendor\\laravel\\framework\\src\\Illuminate\\Container\\BoundMethod.php(34): Illuminate\\Container\\BoundMethod::callBoundMethod(Object(Illuminate\\Foundation\\Application), Array, Object(Closure))
#22 F:\\PROJECT\\sourcetree\\THANH_AN_GROUP\\SOURCE\\THANH_AN_WEB\\vendor\\laravel\\framework\\src\\Illuminate\\Container\\Container.php(576): Illuminate\\Container\\BoundMethod::call(Object(Illuminate\\Foundation\\Application), Array, Array, NULL)
#23 F:\\PROJECT\\sourcetree\\THANH_AN_GROUP\\SOURCE\\THANH_AN_WEB\\vendor\\laravel\\framework\\src\\Illuminate\\Foundation\\Application.php(827): Illuminate\\Container\\Container->call(Array)
#24 F:\\PROJECT\\sourcetree\\THANH_AN_GROUP\\SOURCE\\THANH_AN_WEB\\vendor\\laravel\\framework\\src\\Illuminate\\Foundation\\Application.php(810): Illuminate\\Foundation\\Application->bootProvider(Object(App\\Providers\\AppServiceProvider))
#25 [internal function]: Illuminate\\Foundation\\Application->Illuminate\\Foundation\\{closure}(Object(App\\Providers\\AppServiceProvider), 22)
#26 F:\\PROJECT\\sourcetree\\THANH_AN_GROUP\\SOURCE\\THANH_AN_WEB\\vendor\\laravel\\framework\\src\\Illuminate\\Foundation\\Application.php(811): array_walk(Array, Object(Closure))
#27 F:\\PROJECT\\sourcetree\\THANH_AN_GROUP\\SOURCE\\THANH_AN_WEB\\vendor\\laravel\\framework\\src\\Illuminate\\Foundation\\Bootstrap\\BootProviders.php(17): Illuminate\\Foundation\\Application->boot()
#28 F:\\PROJECT\\sourcetree\\THANH_AN_GROUP\\SOURCE\\THANH_AN_WEB\\vendor\\laravel\\framework\\src\\Illuminate\\Foundation\\Application.php(210): Illuminate\\Foundation\\Bootstrap\\BootProviders->bootstrap(Object(Illuminate\\Foundation\\Application))
#29 F:\\PROJECT\\sourcetree\\THANH_AN_GROUP\\SOURCE\\THANH_AN_WEB\\vendor\\laravel\\framework\\src\\Illuminate\\Foundation\\Http\\Kernel.php(162): Illuminate\\Foundation\\Application->bootstrapWith(Array)
#30 F:\\PROJECT\\sourcetree\\THANH_AN_GROUP\\SOURCE\\THANH_AN_WEB\\vendor\\laravel\\framework\\src\\Illuminate\\Foundation\\Http\\Kernel.php(146): Illuminate\\Foundation\\Http\\Kernel->bootstrap()
#31 F:\\PROJECT\\sourcetree\\THANH_AN_GROUP\\SOURCE\\THANH_AN_WEB\\vendor\\laravel\\framework\\src\\Illuminate\\Foundation\\Http\\Kernel.php(116): Illuminate\\Foundation\\Http\\Kernel->sendRequestThroughRouter(Object(Illuminate\\Http\\Request))
#32 F:\\PROJECT\\sourcetree\\THANH_AN_GROUP\\SOURCE\\THANH_AN_WEB\\public\\index.php(56): Illuminate\\Foundation\\Http\\Kernel->handle(Object(Illuminate\\Http\\Request))
#33 F:\\PROJECT\\sourcetree\\THANH_AN_GROUP\\SOURCE\\THANH_AN_WEB\\server.php(21): require_once('F:\\\\PROJECT\\\\sour...')
#34 {main}
"} 
[2020-06-25 07:34:40] local.ERROR: SQLSTATE[HY000] [2002] A connection attempt failed because the connected party did not properly respond after a period of time, or established connection failed because connected host has failed to respond.
 (SQL: select * from `config_generals` limit 1) {"exception":"[object] (Illuminate\\Database\\QueryException(code: 2002): SQLSTATE[HY000] [2002] A connection attempt failed because the connected party did not properly respond after a period of time, or established connection failed because connected host has failed to respond.
 (SQL: select * from `config_generals` limit 1) at F:\\PROJECT\\sourcetree\\THANH_AN_GROUP\\SOURCE\\THANH_AN_WEB\\vendor\\laravel\\framework\\src\\Illuminate\\Database\\Connection.php:664, Doctrine\\DBAL\\Driver\\PDOException(code: 2002): SQLSTATE[HY000] [2002] A connection attempt failed because the connected party did not properly respond after a period of time, or established connection failed because connected host has failed to respond.
 at F:\\PROJECT\\sourcetree\\THANH_AN_GROUP\\SOURCE\\THANH_AN_WEB\\vendor\\doctrine\\dbal\\lib\\Doctrine\\DBAL\\Driver\\PDOConnection.php:31, PDOException(code: 2002): SQLSTATE[HY000] [2002] A connection attempt failed because the connected party did not properly respond after a period of time, or established connection failed because connected host has failed to respond.
 at F:\\PROJECT\\sourcetree\\THANH_AN_GROUP\\SOURCE\\THANH_AN_WEB\\vendor\\doctrine\\dbal\\lib\\Doctrine\\DBAL\\Driver\\PDOConnection.php:27)
[stacktrace]
#0 F:\\PROJECT\\sourcetree\\THANH_AN_GROUP\\SOURCE\\THANH_AN_WEB\\vendor\\laravel\\framework\\src\\Illuminate\\Database\\Connection.php(624): Illuminate\\Database\\Connection->runQueryCallback('select * from `...', Array, Object(Closure))
#1 F:\\PROJECT\\sourcetree\\THANH_AN_GROUP\\SOURCE\\THANH_AN_WEB\\vendor\\laravel\\framework\\src\\Illuminate\\Database\\Connection.php(333): Illuminate\\Database\\Connection->run('select * from `...', Array, Object(Closure))
#2 F:\\PROJECT\\sourcetree\\THANH_AN_GROUP\\SOURCE\\THANH_AN_WEB\\vendor\\laravel\\framework\\src\\Illuminate\\Database\\Query\\Builder.php(2130): Illuminate\\Database\\Connection->select('select * from `...', Array, true)
#3 F:\\PROJECT\\sourcetree\\THANH_AN_GROUP\\SOURCE\\THANH_AN_WEB\\vendor\\laravel\\framework\\src\\Illuminate\\Database\\Query\\Builder.php(2118): Illuminate\\Database\\Query\\Builder->runSelect()
#4 F:\\PROJECT\\sourcetree\\THANH_AN_GROUP\\SOURCE\\THANH_AN_WEB\\vendor\\laravel\\framework\\src\\Illuminate\\Database\\Query\\Builder.php(2604): Illuminate\\Database\\Query\\Builder->Illuminate\\Database\\Query\\{closure}()
#5 F:\\PROJECT\\sourcetree\\THANH_AN_GROUP\\SOURCE\\THANH_AN_WEB\\vendor\\laravel\\framework\\src\\Illuminate\\Database\\Query\\Builder.php(2119): Illuminate\\Database\\Query\\Builder->onceWithColumns(Array, Object(Closure))
#6 F:\\PROJECT\\sourcetree\\THANH_AN_GROUP\\SOURCE\\THANH_AN_WEB\\vendor\\laravel\\framework\\src\\Illuminate\\Database\\Eloquent\\Builder.php(521): Illuminate\\Database\\Query\\Builder->get(Array)
#7 F:\\PROJECT\\sourcetree\\THANH_AN_GROUP\\SOURCE\\THANH_AN_WEB\\vendor\\laravel\\framework\\src\\Illuminate\\Database\\Eloquent\\Builder.php(505): Illuminate\\Database\\Eloquent\\Builder->getModels(Array)
#8 F:\\PROJECT\\sourcetree\\THANH_AN_GROUP\\SOURCE\\THANH_AN_WEB\\vendor\\laravel\\framework\\src\\Illuminate\\Database\\Concerns\\BuildsQueries.php(77): Illuminate\\Database\\Eloquent\\Builder->get(Array)
#9 F:\\PROJECT\\sourcetree\\THANH_AN_GROUP\\SOURCE\\THANH_AN_WEB\\vendor\\laravel\\framework\\src\\Illuminate\\Support\\Traits\\ForwardsCalls.php(23): Illuminate\\Database\\Eloquent\\Builder->first()
#10 F:\\PROJECT\\sourcetree\\THANH_AN_GROUP\\SOURCE\\THANH_AN_WEB\\vendor\\laravel\\framework\\src\\Illuminate\\Database\\Eloquent\\Model.php(1618): Illuminate\\Database\\Eloquent\\Model->forwardCallTo(Object(Illuminate\\Database\\Eloquent\\Builder), 'first', Array)
#11 F:\\PROJECT\\sourcetree\\THANH_AN_GROUP\\SOURCE\\THANH_AN_WEB\\vendor\\laravel\\framework\\src\\Illuminate\\Database\\Eloquent\\Model.php(1630): Illuminate\\Database\\Eloquent\\Model->__call('first', Array)
#12 F:\\PROJECT\\sourcetree\\THANH_AN_GROUP\\SOURCE\\THANH_AN_WEB\\app\\ConfigGeneral.php(39): Illuminate\\Database\\Eloquent\\Model::__callStatic('first', Array)
#13 F:\\PROJECT\\sourcetree\\THANH_AN_GROUP\\SOURCE\\THANH_AN_WEB\\vendor\\laravel\\framework\\src\\Illuminate\\Cache\\Repository.php(383): App\\ConfigGeneral::App\\{closure}()
#14 F:\\PROJECT\\sourcetree\\THANH_AN_GROUP\\SOURCE\\THANH_AN_WEB\\vendor\\laravel\\framework\\src\\Illuminate\\Cache\\CacheManager.php(357): Illuminate\\Cache\\Repository->remember('congfig-general', 60, Object(Closure))
#15 F:\\PROJECT\\sourcetree\\THANH_AN_GROUP\\SOURCE\\THANH_AN_WEB\\vendor\\laravel\\framework\\src\\Illuminate\\Support\\Facades\\Facade.php(239): Illuminate\\Cache\\CacheManager->__call('remember', Array)
#16 F:\\PROJECT\\sourcetree\\THANH_AN_GROUP\\SOURCE\\THANH_AN_WEB\\app\\ConfigGeneral.php(40): Illuminate\\Support\\Facades\\Facade::__callStatic('remember', Array)
#17 F:\\PROJECT\\sourcetree\\THANH_AN_GROUP\\SOURCE\\THANH_AN_WEB\\app\\Providers\\AppServiceProvider.php(55): App\\ConfigGeneral::getData()
#18 [internal function]: App\\Providers\\AppServiceProvider->boot()
#19 F:\\PROJECT\\sourcetree\\THANH_AN_GROUP\\SOURCE\\THANH_AN_WEB\\vendor\\laravel\\framework\\src\\Illuminate\\Container\\BoundMethod.php(32): call_user_func_array(Array, Array)
#20 F:\\PROJECT\\sourcetree\\THANH_AN_GROUP\\SOURCE\\THANH_AN_WEB\\vendor\\laravel\\framework\\src\\Illuminate\\Container\\BoundMethod.php(90): Illuminate\\Container\\BoundMethod::Illuminate\\Container\\{closure}()
#21 F:\\PROJECT\\sourcetree\\THANH_AN_GROUP\\SOURCE\\THANH_AN_WEB\\vendor\\laravel\\framework\\src\\Illuminate\\Container\\BoundMethod.php(34): Illuminate\\Container\\BoundMethod::callBoundMethod(Object(Illuminate\\Foundation\\Application), Array, Object(Closure))
#22 F:\\PROJECT\\sourcetree\\THANH_AN_GROUP\\SOURCE\\THANH_AN_WEB\\vendor\\laravel\\framework\\src\\Illuminate\\Container\\Container.php(576): Illuminate\\Container\\BoundMethod::call(Object(Illuminate\\Foundation\\Application), Array, Array, NULL)
#23 F:\\PROJECT\\sourcetree\\THANH_AN_GROUP\\SOURCE\\THANH_AN_WEB\\vendor\\laravel\\framework\\src\\Illuminate\\Foundation\\Application.php(827): Illuminate\\Container\\Container->call(Array)
#24 F:\\PROJECT\\sourcetree\\THANH_AN_GROUP\\SOURCE\\THANH_AN_WEB\\vendor\\laravel\\framework\\src\\Illuminate\\Foundation\\Application.php(810): Illuminate\\Foundation\\Application->bootProvider(Object(App\\Providers\\AppServiceProvider))
#25 [internal function]: Illuminate\\Foundation\\Application->Illuminate\\Foundation\\{closure}(Object(App\\Providers\\AppServiceProvider), 22)
#26 F:\\PROJECT\\sourcetree\\THANH_AN_GROUP\\SOURCE\\THANH_AN_WEB\\vendor\\laravel\\framework\\src\\Illuminate\\Foundation\\Application.php(811): array_walk(Array, Object(Closure))
#27 F:\\PROJECT\\sourcetree\\THANH_AN_GROUP\\SOURCE\\THANH_AN_WEB\\vendor\\laravel\\framework\\src\\Illuminate\\Foundation\\Bootstrap\\BootProviders.php(17): Illuminate\\Foundation\\Application->boot()
#28 F:\\PROJECT\\sourcetree\\THANH_AN_GROUP\\SOURCE\\THANH_AN_WEB\\vendor\\laravel\\framework\\src\\Illuminate\\Foundation\\Application.php(210): Illuminate\\Foundation\\Bootstrap\\BootProviders->bootstrap(Object(Illuminate\\Foundation\\Application))
#29 F:\\PROJECT\\sourcetree\\THANH_AN_GROUP\\SOURCE\\THANH_AN_WEB\\vendor\\laravel\\framework\\src\\Illuminate\\Foundation\\Http\\Kernel.php(162): Illuminate\\Foundation\\Application->bootstrapWith(Array)
#30 F:\\PROJECT\\sourcetree\\THANH_AN_GROUP\\SOURCE\\THANH_AN_WEB\\vendor\\laravel\\framework\\src\\Illuminate\\Foundation\\Http\\Kernel.php(146): Illuminate\\Foundation\\Http\\Kernel->bootstrap()
#31 F:\\PROJECT\\sourcetree\\THANH_AN_GROUP\\SOURCE\\THANH_AN_WEB\\vendor\\laravel\\framework\\src\\Illuminate\\Foundation\\Http\\Kernel.php(116): Illuminate\\Foundation\\Http\\Kernel->sendRequestThroughRouter(Object(Illuminate\\Http\\Request))
#32 F:\\PROJECT\\sourcetree\\THANH_AN_GROUP\\SOURCE\\THANH_AN_WEB\\public\\index.php(56): Illuminate\\Foundation\\Http\\Kernel->handle(Object(Illuminate\\Http\\Request))
#33 F:\\PROJECT\\sourcetree\\THANH_AN_GROUP\\SOURCE\\THANH_AN_WEB\\server.php(21): require_once('F:\\\\PROJECT\\\\sour...')
#34 {main}
"} 
[2020-06-25 08:03:06] local.ERROR: SQLSTATE[HY000] [2002] php_network_getaddresses: getaddrinfo failed: No such host is known.  (SQL: select * from `config_generals` limit 1) {"exception":"[object] (Illuminate\\Database\\QueryException(code: 2002): SQLSTATE[HY000] [2002] php_network_getaddresses: getaddrinfo failed: No such host is known.  (SQL: select * from `config_generals` limit 1) at F:\\PROJECT\\sourcetree\\THANH_AN_GROUP\\SOURCE\\THANH_AN_WEB\\vendor\\laravel\\framework\\src\\Illuminate\\Database\\Connection.php:664, Doctrine\\DBAL\\Driver\\PDOException(code: 2002): SQLSTATE[HY000] [2002] php_network_getaddresses: getaddrinfo failed: No such host is known.  at F:\\PROJECT\\sourcetree\\THANH_AN_GROUP\\SOURCE\\THANH_AN_WEB\\vendor\\doctrine\\dbal\\lib\\Doctrine\\DBAL\\Driver\\PDOConnection.php:31, PDOException(code: 2002): SQLSTATE[HY000] [2002] php_network_getaddresses: getaddrinfo failed: No such host is known.  at F:\\PROJECT\\sourcetree\\THANH_AN_GROUP\\SOURCE\\THANH_AN_WEB\\vendor\\doctrine\\dbal\\lib\\Doctrine\\DBAL\\Driver\\PDOConnection.php:27, PDOException(code: 0): PDO::__construct(): php_network_getaddresses: getaddrinfo failed: No such host is known.  at F:\\PROJECT\\sourcetree\\THANH_AN_GROUP\\SOURCE\\THANH_AN_WEB\\vendor\\doctrine\\dbal\\lib\\Doctrine\\DBAL\\Driver\\PDOConnection.php:27)
[stacktrace]
#0 F:\\PROJECT\\sourcetree\\THANH_AN_GROUP\\SOURCE\\THANH_AN_WEB\\vendor\\laravel\\framework\\src\\Illuminate\\Database\\Connection.php(624): Illuminate\\Database\\Connection->runQueryCallback('select * from `...', Array, Object(Closure))
#1 F:\\PROJECT\\sourcetree\\THANH_AN_GROUP\\SOURCE\\THANH_AN_WEB\\vendor\\laravel\\framework\\src\\Illuminate\\Database\\Connection.php(333): Illuminate\\Database\\Connection->run('select * from `...', Array, Object(Closure))
#2 F:\\PROJECT\\sourcetree\\THANH_AN_GROUP\\SOURCE\\THANH_AN_WEB\\vendor\\laravel\\framework\\src\\Illuminate\\Database\\Query\\Builder.php(2130): Illuminate\\Database\\Connection->select('select * from `...', Array, true)
#3 F:\\PROJECT\\sourcetree\\THANH_AN_GROUP\\SOURCE\\THANH_AN_WEB\\vendor\\laravel\\framework\\src\\Illuminate\\Database\\Query\\Builder.php(2118): Illuminate\\Database\\Query\\Builder->runSelect()
#4 F:\\PROJECT\\sourcetree\\THANH_AN_GROUP\\SOURCE\\THANH_AN_WEB\\vendor\\laravel\\framework\\src\\Illuminate\\Database\\Query\\Builder.php(2604): Illuminate\\Database\\Query\\Builder->Illuminate\\Database\\Query\\{closure}()
#5 F:\\PROJECT\\sourcetree\\THANH_AN_GROUP\\SOURCE\\THANH_AN_WEB\\vendor\\laravel\\framework\\src\\Illuminate\\Database\\Query\\Builder.php(2119): Illuminate\\Database\\Query\\Builder->onceWithColumns(Array, Object(Closure))
#6 F:\\PROJECT\\sourcetree\\THANH_AN_GROUP\\SOURCE\\THANH_AN_WEB\\vendor\\laravel\\framework\\src\\Illuminate\\Database\\Eloquent\\Builder.php(521): Illuminate\\Database\\Query\\Builder->get(Array)
#7 F:\\PROJECT\\sourcetree\\THANH_AN_GROUP\\SOURCE\\THANH_AN_WEB\\vendor\\laravel\\framework\\src\\Illuminate\\Database\\Eloquent\\Builder.php(505): Illuminate\\Database\\Eloquent\\Builder->getModels(Array)
#8 F:\\PROJECT\\sourcetree\\THANH_AN_GROUP\\SOURCE\\THANH_AN_WEB\\vendor\\laravel\\framework\\src\\Illuminate\\Database\\Concerns\\BuildsQueries.php(77): Illuminate\\Database\\Eloquent\\Builder->get(Array)
#9 F:\\PROJECT\\sourcetree\\THANH_AN_GROUP\\SOURCE\\THANH_AN_WEB\\vendor\\laravel\\framework\\src\\Illuminate\\Support\\Traits\\ForwardsCalls.php(23): Illuminate\\Database\\Eloquent\\Builder->first()
#10 F:\\PROJECT\\sourcetree\\THANH_AN_GROUP\\SOURCE\\THANH_AN_WEB\\vendor\\laravel\\framework\\src\\Illuminate\\Database\\Eloquent\\Model.php(1618): Illuminate\\Database\\Eloquent\\Model->forwardCallTo(Object(Illuminate\\Database\\Eloquent\\Builder), 'first', Array)
#11 F:\\PROJECT\\sourcetree\\THANH_AN_GROUP\\SOURCE\\THANH_AN_WEB\\vendor\\laravel\\framework\\src\\Illuminate\\Database\\Eloquent\\Model.php(1630): Illuminate\\Database\\Eloquent\\Model->__call('first', Array)
#12 F:\\PROJECT\\sourcetree\\THANH_AN_GROUP\\SOURCE\\THANH_AN_WEB\\app\\ConfigGeneral.php(39): Illuminate\\Database\\Eloquent\\Model::__callStatic('first', Array)
#13 F:\\PROJECT\\sourcetree\\THANH_AN_GROUP\\SOURCE\\THANH_AN_WEB\\vendor\\laravel\\framework\\src\\Illuminate\\Cache\\Repository.php(383): App\\ConfigGeneral::App\\{closure}()
#14 F:\\PROJECT\\sourcetree\\THANH_AN_GROUP\\SOURCE\\THANH_AN_WEB\\vendor\\laravel\\framework\\src\\Illuminate\\Cache\\CacheManager.php(357): Illuminate\\Cache\\Repository->remember('congfig-general', 60, Object(Closure))
#15 F:\\PROJECT\\sourcetree\\THANH_AN_GROUP\\SOURCE\\THANH_AN_WEB\\vendor\\laravel\\framework\\src\\Illuminate\\Support\\Facades\\Facade.php(239): Illuminate\\Cache\\CacheManager->__call('remember', Array)
#16 F:\\PROJECT\\sourcetree\\THANH_AN_GROUP\\SOURCE\\THANH_AN_WEB\\app\\ConfigGeneral.php(40): Illuminate\\Support\\Facades\\Facade::__callStatic('remember', Array)
#17 F:\\PROJECT\\sourcetree\\THANH_AN_GROUP\\SOURCE\\THANH_AN_WEB\\app\\Providers\\AppServiceProvider.php(55): App\\ConfigGeneral::getData()
#18 [internal function]: App\\Providers\\AppServiceProvider->boot()
#19 F:\\PROJECT\\sourcetree\\THANH_AN_GROUP\\SOURCE\\THANH_AN_WEB\\vendor\\laravel\\framework\\src\\Illuminate\\Container\\BoundMethod.php(32): call_user_func_array(Array, Array)
#20 F:\\PROJECT\\sourcetree\\THANH_AN_GROUP\\SOURCE\\THANH_AN_WEB\\vendor\\laravel\\framework\\src\\Illuminate\\Container\\BoundMethod.php(90): Illuminate\\Container\\BoundMethod::Illuminate\\Container\\{closure}()
#21 F:\\PROJECT\\sourcetree\\THANH_AN_GROUP\\SOURCE\\THANH_AN_WEB\\vendor\\laravel\\framework\\src\\Illuminate\\Container\\BoundMethod.php(34): Illuminate\\Container\\BoundMethod::callBoundMethod(Object(Illuminate\\Foundation\\Application), Array, Object(Closure))
#22 F:\\PROJECT\\sourcetree\\THANH_AN_GROUP\\SOURCE\\THANH_AN_WEB\\vendor\\laravel\\framework\\src\\Illuminate\\Container\\Container.php(576): Illuminate\\Container\\BoundMethod::call(Object(Illuminate\\Foundation\\Application), Array, Array, NULL)
#23 F:\\PROJECT\\sourcetree\\THANH_AN_GROUP\\SOURCE\\THANH_AN_WEB\\vendor\\laravel\\framework\\src\\Illuminate\\Foundation\\Application.php(827): Illuminate\\Container\\Container->call(Array)
#24 F:\\PROJECT\\sourcetree\\THANH_AN_GROUP\\SOURCE\\THANH_AN_WEB\\vendor\\laravel\\framework\\src\\Illuminate\\Foundation\\Application.php(810): Illuminate\\Foundation\\Application->bootProvider(Object(App\\Providers\\AppServiceProvider))
#25 [internal function]: Illuminate\\Foundation\\Application->Illuminate\\Foundation\\{closure}(Object(App\\Providers\\AppServiceProvider), 22)
#26 F:\\PROJECT\\sourcetree\\THANH_AN_GROUP\\SOURCE\\THANH_AN_WEB\\vendor\\laravel\\framework\\src\\Illuminate\\Foundation\\Application.php(811): array_walk(Array, Object(Closure))
#27 F:\\PROJECT\\sourcetree\\THANH_AN_GROUP\\SOURCE\\THANH_AN_WEB\\vendor\\laravel\\framework\\src\\Illuminate\\Foundation\\Bootstrap\\BootProviders.php(17): Illuminate\\Foundation\\Application->boot()
#28 F:\\PROJECT\\sourcetree\\THANH_AN_GROUP\\SOURCE\\THANH_AN_WEB\\vendor\\laravel\\framework\\src\\Illuminate\\Foundation\\Application.php(210): Illuminate\\Foundation\\Bootstrap\\BootProviders->bootstrap(Object(Illuminate\\Foundation\\Application))
#29 F:\\PROJECT\\sourcetree\\THANH_AN_GROUP\\SOURCE\\THANH_AN_WEB\\vendor\\laravel\\framework\\src\\Illuminate\\Foundation\\Http\\Kernel.php(162): Illuminate\\Foundation\\Application->bootstrapWith(Array)
#30 F:\\PROJECT\\sourcetree\\THANH_AN_GROUP\\SOURCE\\THANH_AN_WEB\\vendor\\laravel\\framework\\src\\Illuminate\\Foundation\\Http\\Kernel.php(146): Illuminate\\Foundation\\Http\\Kernel->bootstrap()
#31 F:\\PROJECT\\sourcetree\\THANH_AN_GROUP\\SOURCE\\THANH_AN_WEB\\vendor\\laravel\\framework\\src\\Illuminate\\Foundation\\Http\\Kernel.php(116): Illuminate\\Foundation\\Http\\Kernel->sendRequestThroughRouter(Object(Illuminate\\Http\\Request))
#32 F:\\PROJECT\\sourcetree\\THANH_AN_GROUP\\SOURCE\\THANH_AN_WEB\\public\\index.php(56): Illuminate\\Foundation\\Http\\Kernel->handle(Object(Illuminate\\Http\\Request))
#33 F:\\PROJECT\\sourcetree\\THANH_AN_GROUP\\SOURCE\\THANH_AN_WEB\\server.php(21): require_once('F:\\\\PROJECT\\\\sour...')
#34 {main}
"} 
