[2020-03-11 08:25:37] local.ERROR: Route [chi-tiet-tin-tuc] not defined. (View: F:\PROJECT\sourcetree\NHA_KHOA\SOURCE\NK_LANOLAY_PAGE\resources\views\client\index.blade.php) {"exception":"[object] (ErrorException(code: 0): Route [chi-tiet-tin-tuc] not defined. (View: F:\\PROJECT\\sourcetree\\NHA_KHOA\\SOURCE\\NK_LANOLAY_PAGE\esources\\views\\client\\index.blade.php) at F:\\PROJECT\\sourcetree\\NHA_KHOA\\SOURCE\\NK_LANOLAY_PAGE\\vendor\\laravel\\framework\\src\\Illuminate\\Routing\\UrlGenerator.php:388, InvalidArgumentException(code: 0): Route [chi-tiet-tin-tuc] not defined. at F:\\PROJECT\\sourcetree\\NHA_KHOA\\SOURCE\\NK_LANOLAY_PAGE\\vendor\\laravel\\framework\\src\\Illuminate\\Routing\\UrlGenerator.php:388)
[stacktrace]
#0 F:\\PROJECT\\sourcetree\\NHA_KHOA\\SOURCE\\NK_LANOLAY_PAGE\\vendor\\laravel\\framework\\src\\Illuminate\\View\\Engines\\PhpEngine.php(45): Illuminate\\View\\Engines\\CompilerEngine->handleViewException(Object(InvalidArgumentException), 1)
#1 F:\\PROJECT\\sourcetree\\NHA_KHOA\\SOURCE\\NK_LANOLAY_PAGE\\vendor\\laravel\\framework\\src\\Illuminate\\View\\Engines\\CompilerEngine.php(59): Illuminate\\View\\Engines\\PhpEngine->evaluatePath('F:\\\\PROJECT\\\\sour...', Array)
#2 F:\\PROJECT\\sourcetree\\NHA_KHOA\\SOURCE\\NK_LANOLAY_PAGE\\vendor\\laravel\\framework\\src\\Illuminate\\View\\View.php(142): Illuminate\\View\\Engines\\CompilerEngine->get('F:\\\\PROJECT\\\\sour...', Array)
#3 F:\\PROJECT\\sourcetree\\NHA_KHOA\\SOURCE\\NK_LANOLAY_PAGE\\vendor\\laravel\\framework\\src\\Illuminate\\View\\View.php(125): Illuminate\\View\\View->getContents()
#4 F:\\PROJECT\\sourcetree\\NHA_KHOA\\SOURCE\\NK_LANOLAY_PAGE\\vendor\\laravel\\framework\\src\\Illuminate\\View\\View.php(90): Illuminate\\View\\View->renderContents()
#5 F:\\PROJECT\\sourcetree\\NHA_KHOA\\SOURCE\\NK_LANOLAY_PAGE\\vendor\\laravel\\framework\\src\\Illuminate\\Http\\Response.php(42): Illuminate\\View\\View->render()
#6 F:\\PROJECT\\sourcetree\\NHA_KHOA\\SOURCE\\NK_LANOLAY_PAGE\\vendor\\symfony\\http-foundation\\Response.php(202): Illuminate\\Http\\Response->setContent(Object(Illuminate\\View\\View))
#7 F:\\PROJECT\\sourcetree\\NHA_KHOA\\SOURCE\\NK_LANOLAY_PAGE\\vendor\\laravel\\framework\\src\\Illuminate\\Routing\\Router.php(748): Symfony\\Component\\HttpFoundation\\Response->__construct(Object(Illuminate\\View\\View))
#8 F:\\PROJECT\\sourcetree\\NHA_KHOA\\SOURCE\\NK_LANOLAY_PAGE\\vendor\\laravel\\framework\\src\\Illuminate\\Routing\\Router.php(720): Illuminate\\Routing\\Router::toResponse(Object(Illuminate\\Http\\Request), Object(Illuminate\\View\\View))
#9 F:\\PROJECT\\sourcetree\\NHA_KHOA\\SOURCE\\NK_LANOLAY_PAGE\\vendor\\laravel\\framework\\src\\Illuminate\\Routing\\Router.php(680): Illuminate\\Routing\\Router->prepareResponse(Object(Illuminate\\Http\\Request), Object(Illuminate\\View\\View))
#10 F:\\PROJECT\\sourcetree\\NHA_KHOA\\SOURCE\\NK_LANOLAY_PAGE\\vendor\\laravel\\framework\\src\\Illuminate\\Routing\\Pipeline.php(30): Illuminate\\Routing\\Router->Illuminate\\Routing\\{closure}(Object(Illuminate\\Http\\Request))
#11 F:\\PROJECT\\sourcetree\\NHA_KHOA\\SOURCE\\NK_LANOLAY_PAGE\\vendor\\laravel\\framework\\src\\Illuminate\\Routing\\Middleware\\SubstituteBindings.php(41): Illuminate\\Routing\\Pipeline->Illuminate\\Routing\\{closure}(Object(Illuminate\\Http\\Request))
#12 F:\\PROJECT\\sourcetree\\NHA_KHOA\\SOURCE\\NK_LANOLAY_PAGE\\vendor\\laravel\\framework\\src\\Illuminate\\Pipeline\\Pipeline.php(163): Illuminate\\Routing\\Middleware\\SubstituteBindings->handle(Object(Illuminate\\Http\\Request), Object(Closure))
#13 F:\\PROJECT\\sourcetree\\NHA_KHOA\\SOURCE\\NK_LANOLAY_PAGE\\vendor\\laravel\\framework\\src\\Illuminate\\Routing\\Pipeline.php(53): Illuminate\\Pipeline\\Pipeline->Illuminate\\Pipeline\\{closure}(Object(Illuminate\\Http\\Request))
#14 F:\\PROJECT\\sourcetree\\NHA_KHOA\\SOURCE\\NK_LANOLAY_PAGE\\vendor\\laravel\\framework\\src\\Illuminate\\Foundation\\Http\\Middleware\\VerifyCsrfToken.php(75): Illuminate\\Routing\\Pipeline->Illuminate\\Routing\\{closure}(Object(Illuminate\\Http\\Request))
#15 F:\\PROJECT\\sourcetree\\NHA_KHOA\\SOURCE\\NK_LANOLAY_PAGE\\vendor\\laravel\\framework\\src\\Illuminate\\Pipeline\\Pipeline.php(163): Illuminate\\Foundation\\Http\\Middleware\\VerifyCsrfToken->handle(Object(Illuminate\\Http\\Request), Object(Closure))
#16 F:\\PROJECT\\sourcetree\\NHA_KHOA\\SOURCE\\NK_LANOLAY_PAGE\\vendor\\laravel\\framework\\src\\Illuminate\\Routing\\Pipeline.php(53): Illuminate\\Pipeline\\Pipeline->Illuminate\\Pipeline\\{closure}(Object(Illuminate\\Http\\Request))
#17 F:\\PROJECT\\sourcetree\\NHA_KHOA\\SOURCE\\NK_LANOLAY_PAGE\\vendor\\laravel\\framework\\src\\Illuminate\\View\\Middleware\\ShareErrorsFromSession.php(49): Illuminate\\Routing\\Pipeline->Illuminate\\Routing\\{closure}(Object(Illuminate\\Http\\Request))
#18 F:\\PROJECT\\sourcetree\\NHA_KHOA\\SOURCE\\NK_LANOLAY_PAGE\\vendor\\laravel\\framework\\src\\Illuminate\\Pipeline\\Pipeline.php(163): Illuminate\\View\\Middleware\\ShareErrorsFromSession->handle(Object(Illuminate\\Http\\Request), Object(Closure))
#19 F:\\PROJECT\\sourcetree\\NHA_KHOA\\SOURCE\\NK_LANOLAY_PAGE\\vendor\\laravel\\framework\\src\\Illuminate\\Routing\\Pipeline.php(53): Illuminate\\Pipeline\\Pipeline->Illuminate\\Pipeline\\{closure}(Object(Illuminate\\Http\\Request))
#20 F:\\PROJECT\\sourcetree\\NHA_KHOA\\SOURCE\\NK_LANOLAY_PAGE\\vendor\\laravel\\framework\\src\\Illuminate\\Session\\Middleware\\StartSession.php(56): Illuminate\\Routing\\Pipeline->Illuminate\\Routing\\{closure}(Object(Illuminate\\Http\\Request))
#21 F:\\PROJECT\\sourcetree\\NHA_KHOA\\SOURCE\\NK_LANOLAY_PAGE\\vendor\\laravel\\framework\\src\\Illuminate\\Pipeline\\Pipeline.php(163): Illuminate\\Session\\Middleware\\StartSession->handle(Object(Illuminate\\Http\\Request), Object(Closure))
#22 F:\\PROJECT\\sourcetree\\NHA_KHOA\\SOURCE\\NK_LANOLAY_PAGE\\vendor\\laravel\\framework\\src\\Illuminate\\Routing\\Pipeline.php(53): Illuminate\\Pipeline\\Pipeline->Illuminate\\Pipeline\\{closure}(Object(Illuminate\\Http\\Request))
#23 F:\\PROJECT\\sourcetree\\NHA_KHOA\\SOURCE\\NK_LANOLAY_PAGE\\vendor\\laravel\\framework\\src\\Illuminate\\Cookie\\Middleware\\AddQueuedCookiesToResponse.php(37): Illuminate\\Routing\\Pipeline->Illuminate\\Routing\\{closure}(Object(Illuminate\\Http\\Request))
#24 F:\\PROJECT\\sourcetree\\NHA_KHOA\\SOURCE\\NK_LANOLAY_PAGE\\vendor\\laravel\\framework\\src\\Illuminate\\Pipeline\\Pipeline.php(163): Illuminate\\Cookie\\Middleware\\AddQueuedCookiesToResponse->handle(Object(Illuminate\\Http\\Request), Object(Closure))
#25 F:\\PROJECT\\sourcetree\\NHA_KHOA\\SOURCE\\NK_LANOLAY_PAGE\\vendor\\laravel\\framework\\src\\Illuminate\\Routing\\Pipeline.php(53): Illuminate\\Pipeline\\Pipeline->Illuminate\\Pipeline\\{closure}(Object(Illuminate\\Http\\Request))
#26 F:\\PROJECT\\sourcetree\\NHA_KHOA\\SOURCE\\NK_LANOLAY_PAGE\\vendor\\laravel\\framework\\src\\Illuminate\\Cookie\\Middleware\\EncryptCookies.php(66): Illuminate\\Routing\\Pipeline->Illuminate\\Routing\\{closure}(Object(Illuminate\\Http\\Request))
#27 F:\\PROJECT\\sourcetree\\NHA_KHOA\\SOURCE\\NK_LANOLAY_PAGE\\vendor\\laravel\\framework\\src\\Illuminate\\Pipeline\\Pipeline.php(163): Illuminate\\Cookie\\Middleware\\EncryptCookies->handle(Object(Illuminate\\Http\\Request), Object(Closure))
#28 F:\\PROJECT\\sourcetree\\NHA_KHOA\\SOURCE\\NK_LANOLAY_PAGE\\vendor\\laravel\\framework\\src\\Illuminate\\Routing\\Pipeline.php(53): Illuminate\\Pipeline\\Pipeline->Illuminate\\Pipeline\\{closure}(Object(Illuminate\\Http\\Request))
#29 F:\\PROJECT\\sourcetree\\NHA_KHOA\\SOURCE\\NK_LANOLAY_PAGE\\vendor\\laravel\\framework\\src\\Illuminate\\Pipeline\\Pipeline.php(104): Illuminate\\Routing\\Pipeline->Illuminate\\Routing\\{closure}(Object(Illuminate\\Http\\Request))
#30 F:\\PROJECT\\sourcetree\\NHA_KHOA\\SOURCE\\NK_LANOLAY_PAGE\\vendor\\laravel\\framework\\src\\Illuminate\\Routing\\Router.php(682): Illuminate\\Pipeline\\Pipeline->then(Object(Closure))
#31 F:\\PROJECT\\sourcetree\\NHA_KHOA\\SOURCE\\NK_LANOLAY_PAGE\\vendor\\laravel\\framework\\src\\Illuminate\\Routing\\Router.php(657): Illuminate\\Routing\\Router->runRouteWithinStack(Object(Illuminate\\Routing\\Route), Object(Illuminate\\Http\\Request))
#32 F:\\PROJECT\\sourcetree\\NHA_KHOA\\SOURCE\\NK_LANOLAY_PAGE\\vendor\\laravel\\framework\\src\\Illuminate\\Routing\\Router.php(623): Illuminate\\Routing\\Router->runRoute(Object(Illuminate\\Http\\Request), Object(Illuminate\\Routing\\Route))
#33 F:\\PROJECT\\sourcetree\\NHA_KHOA\\SOURCE\\NK_LANOLAY_PAGE\\vendor\\laravel\\framework\\src\\Illuminate\\Routing\\Router.php(612): Illuminate\\Routing\\Router->dispatchToRoute(Object(Illuminate\\Http\\Request))
#34 F:\\PROJECT\\sourcetree\\NHA_KHOA\\SOURCE\\NK_LANOLAY_PAGE\\vendor\\laravel\\framework\\src\\Illuminate\\Foundation\\Http\\Kernel.php(176): Illuminate\\Routing\\Router->dispatch(Object(Illuminate\\Http\\Request))
#35 F:\\PROJECT\\sourcetree\\NHA_KHOA\\SOURCE\\NK_LANOLAY_PAGE\\vendor\\laravel\\framework\\src\\Illuminate\\Routing\\Pipeline.php(30): Illuminate\\Foundation\\Http\\Kernel->Illuminate\\Foundation\\Http\\{closure}(Object(Illuminate\\Http\\Request))
#36 F:\\PROJECT\\sourcetree\\NHA_KHOA\\SOURCE\\NK_LANOLAY_PAGE\\vendor\\barryvdh\\laravel-debugbar\\src\\Middleware\\InjectDebugbar.php(65): Illuminate\\Routing\\Pipeline->Illuminate\\Routing\\{closure}(Object(Illuminate\\Http\\Request))
#37 F:\\PROJECT\\sourcetree\\NHA_KHOA\\SOURCE\\NK_LANOLAY_PAGE\\vendor\\laravel\\framework\\src\\Illuminate\\Pipeline\\Pipeline.php(163): Barryvdh\\Debugbar\\Middleware\\InjectDebugbar->handle(Object(Illuminate\\Http\\Request), Object(Closure))
#38 F:\\PROJECT\\sourcetree\\NHA_KHOA\\SOURCE\\NK_LANOLAY_PAGE\\vendor\\laravel\\framework\\src\\Illuminate\\Routing\\Pipeline.php(53): Illuminate\\Pipeline\\Pipeline->Illuminate\\Pipeline\\{closure}(Object(Illuminate\\Http\\Request))
#39 F:\\PROJECT\\sourcetree\\NHA_KHOA\\SOURCE\\NK_LANOLAY_PAGE\\vendor\\ecrmnn\\laravel-https\\src\\Http\\Middleware\\ForceHttps.php(27): Illuminate\\Routing\\Pipeline->Illuminate\\Routing\\{closure}(Object(Illuminate\\Http\\Request))
#40 F:\\PROJECT\\sourcetree\\NHA_KHOA\\SOURCE\\NK_LANOLAY_PAGE\\vendor\\laravel\\framework\\src\\Illuminate\\Pipeline\\Pipeline.php(163): Ecrmnn\\LaravelHttps\\Http\\Middleware\\ForceHttps->handle(Object(Illuminate\\Http\\Request), Object(Closure))
#41 F:\\PROJECT\\sourcetree\\NHA_KHOA\\SOURCE\\NK_LANOLAY_PAGE\\vendor\\laravel\\framework\\src\\Illuminate\\Routing\\Pipeline.php(53): Illuminate\\Pipeline\\Pipeline->Illuminate\\Pipeline\\{closure}(Object(Illuminate\\Http\\Request))
#42 F:\\PROJECT\\sourcetree\\NHA_KHOA\\SOURCE\\NK_LANOLAY_PAGE\\vendor\\fideloper\\proxy\\src\\TrustProxies.php(57): Illuminate\\Routing\\Pipeline->Illuminate\\Routing\\{closure}(Object(Illuminate\\Http\\Request))
#43 F:\\PROJECT\\sourcetree\\NHA_KHOA\\SOURCE\\NK_LANOLAY_PAGE\\vendor\\laravel\\framework\\src\\Illuminate\\Pipeline\\Pipeline.php(163): Fideloper\\Proxy\\TrustProxies->handle(Object(Illuminate\\Http\\Request), Object(Closure))
#44 F:\\PROJECT\\sourcetree\\NHA_KHOA\\SOURCE\\NK_LANOLAY_PAGE\\vendor\\laravel\\framework\\src\\Illuminate\\Routing\\Pipeline.php(53): Illuminate\\Pipeline\\Pipeline->Illuminate\\Pipeline\\{closure}(Object(Illuminate\\Http\\Request))
#45 F:\\PROJECT\\sourcetree\\NHA_KHOA\\SOURCE\\NK_LANOLAY_PAGE\\vendor\\laravel\\framework\\src\\Illuminate\\Foundation\\Http\\Middleware\\TransformsRequest.php(21): Illuminate\\Routing\\Pipeline->Illuminate\\Routing\\{closure}(Object(Illuminate\\Http\\Request))
#46 F:\\PROJECT\\sourcetree\\NHA_KHOA\\SOURCE\\NK_LANOLAY_PAGE\\vendor\\laravel\\framework\\src\\Illuminate\\Pipeline\\Pipeline.php(163): Illuminate\\Foundation\\Http\\Middleware\\TransformsRequest->handle(Object(Illuminate\\Http\\Request), Object(Closure))
#47 F:\\PROJECT\\sourcetree\\NHA_KHOA\\SOURCE\\NK_LANOLAY_PAGE\\vendor\\laravel\\framework\\src\\Illuminate\\Routing\\Pipeline.php(53): Illuminate\\Pipeline\\Pipeline->Illuminate\\Pipeline\\{closure}(Object(Illuminate\\Http\\Request))
#48 F:\\PROJECT\\sourcetree\\NHA_KHOA\\SOURCE\\NK_LANOLAY_PAGE\\vendor\\laravel\\framework\\src\\Illuminate\\Foundation\\Http\\Middleware\\TransformsRequest.php(21): Illuminate\\Routing\\Pipeline->Illuminate\\Routing\\{closure}(Object(Illuminate\\Http\\Request))
#49 F:\\PROJECT\\sourcetree\\NHA_KHOA\\SOURCE\\NK_LANOLAY_PAGE\\vendor\\laravel\\framework\\src\\Illuminate\\Pipeline\\Pipeline.php(163): Illuminate\\Foundation\\Http\\Middleware\\TransformsRequest->handle(Object(Illuminate\\Http\\Request), Object(Closure))
#50 F:\\PROJECT\\sourcetree\\NHA_KHOA\\SOURCE\\NK_LANOLAY_PAGE\\vendor\\laravel\\framework\\src\\Illuminate\\Routing\\Pipeline.php(53): Illuminate\\Pipeline\\Pipeline->Illuminate\\Pipeline\\{closure}(Object(Illuminate\\Http\\Request))
#51 F:\\PROJECT\\sourcetree\\NHA_KHOA\\SOURCE\\NK_LANOLAY_PAGE\\vendor\\laravel\\framework\\src\\Illuminate\\Foundation\\Http\\Middleware\\ValidatePostSize.php(27): Illuminate\\Routing\\Pipeline->Illuminate\\Routing\\{closure}(Object(Illuminate\\Http\\Request))
#52 F:\\PROJECT\\sourcetree\\NHA_KHOA\\SOURCE\\NK_LANOLAY_PAGE\\vendor\\laravel\\framework\\src\\Illuminate\\Pipeline\\Pipeline.php(163): Illuminate\\Foundation\\Http\\Middleware\\ValidatePostSize->handle(Object(Illuminate\\Http\\Request), Object(Closure))
#53 F:\\PROJECT\\sourcetree\\NHA_KHOA\\SOURCE\\NK_LANOLAY_PAGE\\vendor\\laravel\\framework\\src\\Illuminate\\Routing\\Pipeline.php(53): Illuminate\\Pipeline\\Pipeline->Illuminate\\Pipeline\\{closure}(Object(Illuminate\\Http\\Request))
#54 F:\\PROJECT\\sourcetree\\NHA_KHOA\\SOURCE\\NK_LANOLAY_PAGE\\vendor\\laravel\\framework\\src\\Illuminate\\Foundation\\Http\\Middleware\\CheckForMaintenanceMode.php(62): Illuminate\\Routing\\Pipeline->Illuminate\\Routing\\{closure}(Object(Illuminate\\Http\\Request))
#55 F:\\PROJECT\\sourcetree\\NHA_KHOA\\SOURCE\\NK_LANOLAY_PAGE\\vendor\\laravel\\framework\\src\\Illuminate\\Pipeline\\Pipeline.php(163): Illuminate\\Foundation\\Http\\Middleware\\CheckForMaintenanceMode->handle(Object(Illuminate\\Http\\Request), Object(Closure))
#56 F:\\PROJECT\\sourcetree\\NHA_KHOA\\SOURCE\\NK_LANOLAY_PAGE\\vendor\\laravel\\framework\\src\\Illuminate\\Routing\\Pipeline.php(53): Illuminate\\Pipeline\\Pipeline->Illuminate\\Pipeline\\{closure}(Object(Illuminate\\Http\\Request))
#57 F:\\PROJECT\\sourcetree\\NHA_KHOA\\SOURCE\\NK_LANOLAY_PAGE\\vendor\\laravel\\framework\\src\\Illuminate\\Pipeline\\Pipeline.php(104): Illuminate\\Routing\\Pipeline->Illuminate\\Routing\\{closure}(Object(Illuminate\\Http\\Request))
#58 F:\\PROJECT\\sourcetree\\NHA_KHOA\\SOURCE\\NK_LANOLAY_PAGE\\vendor\\laravel\\framework\\src\\Illuminate\\Foundation\\Http\\Kernel.php(151): Illuminate\\Pipeline\\Pipeline->then(Object(Closure))
#59 F:\\PROJECT\\sourcetree\\NHA_KHOA\\SOURCE\\NK_LANOLAY_PAGE\\vendor\\laravel\\framework\\src\\Illuminate\\Foundation\\Http\\Kernel.php(116): Illuminate\\Foundation\\Http\\Kernel->sendRequestThroughRouter(Object(Illuminate\\Http\\Request))
#60 F:\\PROJECT\\sourcetree\\NHA_KHOA\\SOURCE\\NK_LANOLAY_PAGE\\public\\index.php(56): Illuminate\\Foundation\\Http\\Kernel->handle(Object(Illuminate\\Http\\Request))
#61 F:\\PROJECT\\sourcetree\\NHA_KHOA\\SOURCE\\NK_LANOLAY_PAGE\\server.php(21): require_once('F:\\\\PROJECT\\\\sour...')
#62 {main}
"} 
[2020-03-11 08:25:39] local.ERROR: Route [chi-tiet-tin-tuc] not defined. (View: F:\PROJECT\sourcetree\NHA_KHOA\SOURCE\NK_LANOLAY_PAGE\resources\views\client\index.blade.php) {"exception":"[object] (ErrorException(code: 0): Route [chi-tiet-tin-tuc] not defined. (View: F:\\PROJECT\\sourcetree\\NHA_KHOA\\SOURCE\\NK_LANOLAY_PAGE\esources\\views\\client\\index.blade.php) at F:\\PROJECT\\sourcetree\\NHA_KHOA\\SOURCE\\NK_LANOLAY_PAGE\\vendor\\laravel\\framework\\src\\Illuminate\\Routing\\UrlGenerator.php:388, InvalidArgumentException(code: 0): Route [chi-tiet-tin-tuc] not defined. at F:\\PROJECT\\sourcetree\\NHA_KHOA\\SOURCE\\NK_LANOLAY_PAGE\\vendor\\laravel\\framework\\src\\Illuminate\\Routing\\UrlGenerator.php:388)
[stacktrace]
#0 F:\\PROJECT\\sourcetree\\NHA_KHOA\\SOURCE\\NK_LANOLAY_PAGE\\vendor\\laravel\\framework\\src\\Illuminate\\View\\Engines\\PhpEngine.php(45): Illuminate\\View\\Engines\\CompilerEngine->handleViewException(Object(InvalidArgumentException), 1)
#1 F:\\PROJECT\\sourcetree\\NHA_KHOA\\SOURCE\\NK_LANOLAY_PAGE\\vendor\\laravel\\framework\\src\\Illuminate\\View\\Engines\\CompilerEngine.php(59): Illuminate\\View\\Engines\\PhpEngine->evaluatePath('F:\\\\PROJECT\\\\sour...', Array)
#2 F:\\PROJECT\\sourcetree\\NHA_KHOA\\SOURCE\\NK_LANOLAY_PAGE\\vendor\\laravel\\framework\\src\\Illuminate\\View\\View.php(142): Illuminate\\View\\Engines\\CompilerEngine->get('F:\\\\PROJECT\\\\sour...', Array)
#3 F:\\PROJECT\\sourcetree\\NHA_KHOA\\SOURCE\\NK_LANOLAY_PAGE\\vendor\\laravel\\framework\\src\\Illuminate\\View\\View.php(125): Illuminate\\View\\View->getContents()
#4 F:\\PROJECT\\sourcetree\\NHA_KHOA\\SOURCE\\NK_LANOLAY_PAGE\\vendor\\laravel\\framework\\src\\Illuminate\\View\\View.php(90): Illuminate\\View\\View->renderContents()
#5 F:\\PROJECT\\sourcetree\\NHA_KHOA\\SOURCE\\NK_LANOLAY_PAGE\\vendor\\laravel\\framework\\src\\Illuminate\\Http\\Response.php(42): Illuminate\\View\\View->render()
#6 F:\\PROJECT\\sourcetree\\NHA_KHOA\\SOURCE\\NK_LANOLAY_PAGE\\vendor\\symfony\\http-foundation\\Response.php(202): Illuminate\\Http\\Response->setContent(Object(Illuminate\\View\\View))
#7 F:\\PROJECT\\sourcetree\\NHA_KHOA\\SOURCE\\NK_LANOLAY_PAGE\\vendor\\laravel\\framework\\src\\Illuminate\\Routing\\Router.php(748): Symfony\\Component\\HttpFoundation\\Response->__construct(Object(Illuminate\\View\\View))
#8 F:\\PROJECT\\sourcetree\\NHA_KHOA\\SOURCE\\NK_LANOLAY_PAGE\\vendor\\laravel\\framework\\src\\Illuminate\\Routing\\Router.php(720): Illuminate\\Routing\\Router::toResponse(Object(Illuminate\\Http\\Request), Object(Illuminate\\View\\View))
#9 F:\\PROJECT\\sourcetree\\NHA_KHOA\\SOURCE\\NK_LANOLAY_PAGE\\vendor\\laravel\\framework\\src\\Illuminate\\Routing\\Router.php(680): Illuminate\\Routing\\Router->prepareResponse(Object(Illuminate\\Http\\Request), Object(Illuminate\\View\\View))
#10 F:\\PROJECT\\sourcetree\\NHA_KHOA\\SOURCE\\NK_LANOLAY_PAGE\\vendor\\laravel\\framework\\src\\Illuminate\\Routing\\Pipeline.php(30): Illuminate\\Routing\\Router->Illuminate\\Routing\\{closure}(Object(Illuminate\\Http\\Request))
#11 F:\\PROJECT\\sourcetree\\NHA_KHOA\\SOURCE\\NK_LANOLAY_PAGE\\vendor\\laravel\\framework\\src\\Illuminate\\Routing\\Middleware\\SubstituteBindings.php(41): Illuminate\\Routing\\Pipeline->Illuminate\\Routing\\{closure}(Object(Illuminate\\Http\\Request))
#12 F:\\PROJECT\\sourcetree\\NHA_KHOA\\SOURCE\\NK_LANOLAY_PAGE\\vendor\\laravel\\framework\\src\\Illuminate\\Pipeline\\Pipeline.php(163): Illuminate\\Routing\\Middleware\\SubstituteBindings->handle(Object(Illuminate\\Http\\Request), Object(Closure))
#13 F:\\PROJECT\\sourcetree\\NHA_KHOA\\SOURCE\\NK_LANOLAY_PAGE\\vendor\\laravel\\framework\\src\\Illuminate\\Routing\\Pipeline.php(53): Illuminate\\Pipeline\\Pipeline->Illuminate\\Pipeline\\{closure}(Object(Illuminate\\Http\\Request))
#14 F:\\PROJECT\\sourcetree\\NHA_KHOA\\SOURCE\\NK_LANOLAY_PAGE\\vendor\\laravel\\framework\\src\\Illuminate\\Foundation\\Http\\Middleware\\VerifyCsrfToken.php(75): Illuminate\\Routing\\Pipeline->Illuminate\\Routing\\{closure}(Object(Illuminate\\Http\\Request))
#15 F:\\PROJECT\\sourcetree\\NHA_KHOA\\SOURCE\\NK_LANOLAY_PAGE\\vendor\\laravel\\framework\\src\\Illuminate\\Pipeline\\Pipeline.php(163): Illuminate\\Foundation\\Http\\Middleware\\VerifyCsrfToken->handle(Object(Illuminate\\Http\\Request), Object(Closure))
#16 F:\\PROJECT\\sourcetree\\NHA_KHOA\\SOURCE\\NK_LANOLAY_PAGE\\vendor\\laravel\\framework\\src\\Illuminate\\Routing\\Pipeline.php(53): Illuminate\\Pipeline\\Pipeline->Illuminate\\Pipeline\\{closure}(Object(Illuminate\\Http\\Request))
#17 F:\\PROJECT\\sourcetree\\NHA_KHOA\\SOURCE\\NK_LANOLAY_PAGE\\vendor\\laravel\\framework\\src\\Illuminate\\View\\Middleware\\ShareErrorsFromSession.php(49): Illuminate\\Routing\\Pipeline->Illuminate\\Routing\\{closure}(Object(Illuminate\\Http\\Request))
#18 F:\\PROJECT\\sourcetree\\NHA_KHOA\\SOURCE\\NK_LANOLAY_PAGE\\vendor\\laravel\\framework\\src\\Illuminate\\Pipeline\\Pipeline.php(163): Illuminate\\View\\Middleware\\ShareErrorsFromSession->handle(Object(Illuminate\\Http\\Request), Object(Closure))
#19 F:\\PROJECT\\sourcetree\\NHA_KHOA\\SOURCE\\NK_LANOLAY_PAGE\\vendor\\laravel\\framework\\src\\Illuminate\\Routing\\Pipeline.php(53): Illuminate\\Pipeline\\Pipeline->Illuminate\\Pipeline\\{closure}(Object(Illuminate\\Http\\Request))
#20 F:\\PROJECT\\sourcetree\\NHA_KHOA\\SOURCE\\NK_LANOLAY_PAGE\\vendor\\laravel\\framework\\src\\Illuminate\\Session\\Middleware\\StartSession.php(56): Illuminate\\Routing\\Pipeline->Illuminate\\Routing\\{closure}(Object(Illuminate\\Http\\Request))
#21 F:\\PROJECT\\sourcetree\\NHA_KHOA\\SOURCE\\NK_LANOLAY_PAGE\\vendor\\laravel\\framework\\src\\Illuminate\\Pipeline\\Pipeline.php(163): Illuminate\\Session\\Middleware\\StartSession->handle(Object(Illuminate\\Http\\Request), Object(Closure))
#22 F:\\PROJECT\\sourcetree\\NHA_KHOA\\SOURCE\\NK_LANOLAY_PAGE\\vendor\\laravel\\framework\\src\\Illuminate\\Routing\\Pipeline.php(53): Illuminate\\Pipeline\\Pipeline->Illuminate\\Pipeline\\{closure}(Object(Illuminate\\Http\\Request))
#23 F:\\PROJECT\\sourcetree\\NHA_KHOA\\SOURCE\\NK_LANOLAY_PAGE\\vendor\\laravel\\framework\\src\\Illuminate\\Cookie\\Middleware\\AddQueuedCookiesToResponse.php(37): Illuminate\\Routing\\Pipeline->Illuminate\\Routing\\{closure}(Object(Illuminate\\Http\\Request))
#24 F:\\PROJECT\\sourcetree\\NHA_KHOA\\SOURCE\\NK_LANOLAY_PAGE\\vendor\\laravel\\framework\\src\\Illuminate\\Pipeline\\Pipeline.php(163): Illuminate\\Cookie\\Middleware\\AddQueuedCookiesToResponse->handle(Object(Illuminate\\Http\\Request), Object(Closure))
#25 F:\\PROJECT\\sourcetree\\NHA_KHOA\\SOURCE\\NK_LANOLAY_PAGE\\vendor\\laravel\\framework\\src\\Illuminate\\Routing\\Pipeline.php(53): Illuminate\\Pipeline\\Pipeline->Illuminate\\Pipeline\\{closure}(Object(Illuminate\\Http\\Request))
#26 F:\\PROJECT\\sourcetree\\NHA_KHOA\\SOURCE\\NK_LANOLAY_PAGE\\vendor\\laravel\\framework\\src\\Illuminate\\Cookie\\Middleware\\EncryptCookies.php(66): Illuminate\\Routing\\Pipeline->Illuminate\\Routing\\{closure}(Object(Illuminate\\Http\\Request))
#27 F:\\PROJECT\\sourcetree\\NHA_KHOA\\SOURCE\\NK_LANOLAY_PAGE\\vendor\\laravel\\framework\\src\\Illuminate\\Pipeline\\Pipeline.php(163): Illuminate\\Cookie\\Middleware\\EncryptCookies->handle(Object(Illuminate\\Http\\Request), Object(Closure))
#28 F:\\PROJECT\\sourcetree\\NHA_KHOA\\SOURCE\\NK_LANOLAY_PAGE\\vendor\\laravel\\framework\\src\\Illuminate\\Routing\\Pipeline.php(53): Illuminate\\Pipeline\\Pipeline->Illuminate\\Pipeline\\{closure}(Object(Illuminate\\Http\\Request))
#29 F:\\PROJECT\\sourcetree\\NHA_KHOA\\SOURCE\\NK_LANOLAY_PAGE\\vendor\\laravel\\framework\\src\\Illuminate\\Pipeline\\Pipeline.php(104): Illuminate\\Routing\\Pipeline->Illuminate\\Routing\\{closure}(Object(Illuminate\\Http\\Request))
#30 F:\\PROJECT\\sourcetree\\NHA_KHOA\\SOURCE\\NK_LANOLAY_PAGE\\vendor\\laravel\\framework\\src\\Illuminate\\Routing\\Router.php(682): Illuminate\\Pipeline\\Pipeline->then(Object(Closure))
#31 F:\\PROJECT\\sourcetree\\NHA_KHOA\\SOURCE\\NK_LANOLAY_PAGE\\vendor\\laravel\\framework\\src\\Illuminate\\Routing\\Router.php(657): Illuminate\\Routing\\Router->runRouteWithinStack(Object(Illuminate\\Routing\\Route), Object(Illuminate\\Http\\Request))
#32 F:\\PROJECT\\sourcetree\\NHA_KHOA\\SOURCE\\NK_LANOLAY_PAGE\\vendor\\laravel\\framework\\src\\Illuminate\\Routing\\Router.php(623): Illuminate\\Routing\\Router->runRoute(Object(Illuminate\\Http\\Request), Object(Illuminate\\Routing\\Route))
#33 F:\\PROJECT\\sourcetree\\NHA_KHOA\\SOURCE\\NK_LANOLAY_PAGE\\vendor\\laravel\\framework\\src\\Illuminate\\Routing\\Router.php(612): Illuminate\\Routing\\Router->dispatchToRoute(Object(Illuminate\\Http\\Request))
#34 F:\\PROJECT\\sourcetree\\NHA_KHOA\\SOURCE\\NK_LANOLAY_PAGE\\vendor\\laravel\\framework\\src\\Illuminate\\Foundation\\Http\\Kernel.php(176): Illuminate\\Routing\\Router->dispatch(Object(Illuminate\\Http\\Request))
#35 F:\\PROJECT\\sourcetree\\NHA_KHOA\\SOURCE\\NK_LANOLAY_PAGE\\vendor\\laravel\\framework\\src\\Illuminate\\Routing\\Pipeline.php(30): Illuminate\\Foundation\\Http\\Kernel->Illuminate\\Foundation\\Http\\{closure}(Object(Illuminate\\Http\\Request))
#36 F:\\PROJECT\\sourcetree\\NHA_KHOA\\SOURCE\\NK_LANOLAY_PAGE\\vendor\\barryvdh\\laravel-debugbar\\src\\Middleware\\InjectDebugbar.php(65): Illuminate\\Routing\\Pipeline->Illuminate\\Routing\\{closure}(Object(Illuminate\\Http\\Request))
#37 F:\\PROJECT\\sourcetree\\NHA_KHOA\\SOURCE\\NK_LANOLAY_PAGE\\vendor\\laravel\\framework\\src\\Illuminate\\Pipeline\\Pipeline.php(163): Barryvdh\\Debugbar\\Middleware\\InjectDebugbar->handle(Object(Illuminate\\Http\\Request), Object(Closure))
#38 F:\\PROJECT\\sourcetree\\NHA_KHOA\\SOURCE\\NK_LANOLAY_PAGE\\vendor\\laravel\\framework\\src\\Illuminate\\Routing\\Pipeline.php(53): Illuminate\\Pipeline\\Pipeline->Illuminate\\Pipeline\\{closure}(Object(Illuminate\\Http\\Request))
#39 F:\\PROJECT\\sourcetree\\NHA_KHOA\\SOURCE\\NK_LANOLAY_PAGE\\vendor\\ecrmnn\\laravel-https\\src\\Http\\Middleware\\ForceHttps.php(27): Illuminate\\Routing\\Pipeline->Illuminate\\Routing\\{closure}(Object(Illuminate\\Http\\Request))
#40 F:\\PROJECT\\sourcetree\\NHA_KHOA\\SOURCE\\NK_LANOLAY_PAGE\\vendor\\laravel\\framework\\src\\Illuminate\\Pipeline\\Pipeline.php(163): Ecrmnn\\LaravelHttps\\Http\\Middleware\\ForceHttps->handle(Object(Illuminate\\Http\\Request), Object(Closure))
#41 F:\\PROJECT\\sourcetree\\NHA_KHOA\\SOURCE\\NK_LANOLAY_PAGE\\vendor\\laravel\\framework\\src\\Illuminate\\Routing\\Pipeline.php(53): Illuminate\\Pipeline\\Pipeline->Illuminate\\Pipeline\\{closure}(Object(Illuminate\\Http\\Request))
#42 F:\\PROJECT\\sourcetree\\NHA_KHOA\\SOURCE\\NK_LANOLAY_PAGE\\vendor\\fideloper\\proxy\\src\\TrustProxies.php(57): Illuminate\\Routing\\Pipeline->Illuminate\\Routing\\{closure}(Object(Illuminate\\Http\\Request))
#43 F:\\PROJECT\\sourcetree\\NHA_KHOA\\SOURCE\\NK_LANOLAY_PAGE\\vendor\\laravel\\framework\\src\\Illuminate\\Pipeline\\Pipeline.php(163): Fideloper\\Proxy\\TrustProxies->handle(Object(Illuminate\\Http\\Request), Object(Closure))
#44 F:\\PROJECT\\sourcetree\\NHA_KHOA\\SOURCE\\NK_LANOLAY_PAGE\\vendor\\laravel\\framework\\src\\Illuminate\\Routing\\Pipeline.php(53): Illuminate\\Pipeline\\Pipeline->Illuminate\\Pipeline\\{closure}(Object(Illuminate\\Http\\Request))
#45 F:\\PROJECT\\sourcetree\\NHA_KHOA\\SOURCE\\NK_LANOLAY_PAGE\\vendor\\laravel\\framework\\src\\Illuminate\\Foundation\\Http\\Middleware\\TransformsRequest.php(21): Illuminate\\Routing\\Pipeline->Illuminate\\Routing\\{closure}(Object(Illuminate\\Http\\Request))
#46 F:\\PROJECT\\sourcetree\\NHA_KHOA\\SOURCE\\NK_LANOLAY_PAGE\\vendor\\laravel\\framework\\src\\Illuminate\\Pipeline\\Pipeline.php(163): Illuminate\\Foundation\\Http\\Middleware\\TransformsRequest->handle(Object(Illuminate\\Http\\Request), Object(Closure))
#47 F:\\PROJECT\\sourcetree\\NHA_KHOA\\SOURCE\\NK_LANOLAY_PAGE\\vendor\\laravel\\framework\\src\\Illuminate\\Routing\\Pipeline.php(53): Illuminate\\Pipeline\\Pipeline->Illuminate\\Pipeline\\{closure}(Object(Illuminate\\Http\\Request))
#48 F:\\PROJECT\\sourcetree\\NHA_KHOA\\SOURCE\\NK_LANOLAY_PAGE\\vendor\\laravel\\framework\\src\\Illuminate\\Foundation\\Http\\Middleware\\TransformsRequest.php(21): Illuminate\\Routing\\Pipeline->Illuminate\\Routing\\{closure}(Object(Illuminate\\Http\\Request))
#49 F:\\PROJECT\\sourcetree\\NHA_KHOA\\SOURCE\\NK_LANOLAY_PAGE\\vendor\\laravel\\framework\\src\\Illuminate\\Pipeline\\Pipeline.php(163): Illuminate\\Foundation\\Http\\Middleware\\TransformsRequest->handle(Object(Illuminate\\Http\\Request), Object(Closure))
#50 F:\\PROJECT\\sourcetree\\NHA_KHOA\\SOURCE\\NK_LANOLAY_PAGE\\vendor\\laravel\\framework\\src\\Illuminate\\Routing\\Pipeline.php(53): Illuminate\\Pipeline\\Pipeline->Illuminate\\Pipeline\\{closure}(Object(Illuminate\\Http\\Request))
#51 F:\\PROJECT\\sourcetree\\NHA_KHOA\\SOURCE\\NK_LANOLAY_PAGE\\vendor\\laravel\\framework\\src\\Illuminate\\Foundation\\Http\\Middleware\\ValidatePostSize.php(27): Illuminate\\Routing\\Pipeline->Illuminate\\Routing\\{closure}(Object(Illuminate\\Http\\Request))
#52 F:\\PROJECT\\sourcetree\\NHA_KHOA\\SOURCE\\NK_LANOLAY_PAGE\\vendor\\laravel\\framework\\src\\Illuminate\\Pipeline\\Pipeline.php(163): Illuminate\\Foundation\\Http\\Middleware\\ValidatePostSize->handle(Object(Illuminate\\Http\\Request), Object(Closure))
#53 F:\\PROJECT\\sourcetree\\NHA_KHOA\\SOURCE\\NK_LANOLAY_PAGE\\vendor\\laravel\\framework\\src\\Illuminate\\Routing\\Pipeline.php(53): Illuminate\\Pipeline\\Pipeline->Illuminate\\Pipeline\\{closure}(Object(Illuminate\\Http\\Request))
#54 F:\\PROJECT\\sourcetree\\NHA_KHOA\\SOURCE\\NK_LANOLAY_PAGE\\vendor\\laravel\\framework\\src\\Illuminate\\Foundation\\Http\\Middleware\\CheckForMaintenanceMode.php(62): Illuminate\\Routing\\Pipeline->Illuminate\\Routing\\{closure}(Object(Illuminate\\Http\\Request))
#55 F:\\PROJECT\\sourcetree\\NHA_KHOA\\SOURCE\\NK_LANOLAY_PAGE\\vendor\\laravel\\framework\\src\\Illuminate\\Pipeline\\Pipeline.php(163): Illuminate\\Foundation\\Http\\Middleware\\CheckForMaintenanceMode->handle(Object(Illuminate\\Http\\Request), Object(Closure))
#56 F:\\PROJECT\\sourcetree\\NHA_KHOA\\SOURCE\\NK_LANOLAY_PAGE\\vendor\\laravel\\framework\\src\\Illuminate\\Routing\\Pipeline.php(53): Illuminate\\Pipeline\\Pipeline->Illuminate\\Pipeline\\{closure}(Object(Illuminate\\Http\\Request))
#57 F:\\PROJECT\\sourcetree\\NHA_KHOA\\SOURCE\\NK_LANOLAY_PAGE\\vendor\\laravel\\framework\\src\\Illuminate\\Pipeline\\Pipeline.php(104): Illuminate\\Routing\\Pipeline->Illuminate\\Routing\\{closure}(Object(Illuminate\\Http\\Request))
#58 F:\\PROJECT\\sourcetree\\NHA_KHOA\\SOURCE\\NK_LANOLAY_PAGE\\vendor\\laravel\\framework\\src\\Illuminate\\Foundation\\Http\\Kernel.php(151): Illuminate\\Pipeline\\Pipeline->then(Object(Closure))
#59 F:\\PROJECT\\sourcetree\\NHA_KHOA\\SOURCE\\NK_LANOLAY_PAGE\\vendor\\laravel\\framework\\src\\Illuminate\\Foundation\\Http\\Kernel.php(116): Illuminate\\Foundation\\Http\\Kernel->sendRequestThroughRouter(Object(Illuminate\\Http\\Request))
#60 F:\\PROJECT\\sourcetree\\NHA_KHOA\\SOURCE\\NK_LANOLAY_PAGE\\public\\index.php(56): Illuminate\\Foundation\\Http\\Kernel->handle(Object(Illuminate\\Http\\Request))
#61 F:\\PROJECT\\sourcetree\\NHA_KHOA\\SOURCE\\NK_LANOLAY_PAGE\\server.php(21): require_once('F:\\\\PROJECT\\\\sour...')
#62 {main}
"} 
[2020-03-11 08:26:15] local.ERROR: Route [post.detail] not defined. (View: F:\PROJECT\sourcetree\NHA_KHOA\SOURCE\NK_LANOLAY_PAGE\resources\views\client\index.blade.php) {"exception":"[object] (ErrorException(code: 0): Route [post.detail] not defined. (View: F:\\PROJECT\\sourcetree\\NHA_KHOA\\SOURCE\\NK_LANOLAY_PAGE\esources\\views\\client\\index.blade.php) at F:\\PROJECT\\sourcetree\\NHA_KHOA\\SOURCE\\NK_LANOLAY_PAGE\\vendor\\laravel\\framework\\src\\Illuminate\\Routing\\UrlGenerator.php:388, InvalidArgumentException(code: 0): Route [post.detail] not defined. at F:\\PROJECT\\sourcetree\\NHA_KHOA\\SOURCE\\NK_LANOLAY_PAGE\\vendor\\laravel\\framework\\src\\Illuminate\\Routing\\UrlGenerator.php:388)
[stacktrace]
#0 F:\\PROJECT\\sourcetree\\NHA_KHOA\\SOURCE\\NK_LANOLAY_PAGE\\vendor\\laravel\\framework\\src\\Illuminate\\View\\Engines\\PhpEngine.php(45): Illuminate\\View\\Engines\\CompilerEngine->handleViewException(Object(InvalidArgumentException), 1)
#1 F:\\PROJECT\\sourcetree\\NHA_KHOA\\SOURCE\\NK_LANOLAY_PAGE\\vendor\\laravel\\framework\\src\\Illuminate\\View\\Engines\\CompilerEngine.php(59): Illuminate\\View\\Engines\\PhpEngine->evaluatePath('F:\\\\PROJECT\\\\sour...', Array)
#2 F:\\PROJECT\\sourcetree\\NHA_KHOA\\SOURCE\\NK_LANOLAY_PAGE\\vendor\\laravel\\framework\\src\\Illuminate\\View\\View.php(142): Illuminate\\View\\Engines\\CompilerEngine->get('F:\\\\PROJECT\\\\sour...', Array)
#3 F:\\PROJECT\\sourcetree\\NHA_KHOA\\SOURCE\\NK_LANOLAY_PAGE\\vendor\\laravel\\framework\\src\\Illuminate\\View\\View.php(125): Illuminate\\View\\View->getContents()
#4 F:\\PROJECT\\sourcetree\\NHA_KHOA\\SOURCE\\NK_LANOLAY_PAGE\\vendor\\laravel\\framework\\src\\Illuminate\\View\\View.php(90): Illuminate\\View\\View->renderContents()
#5 F:\\PROJECT\\sourcetree\\NHA_KHOA\\SOURCE\\NK_LANOLAY_PAGE\\vendor\\laravel\\framework\\src\\Illuminate\\Http\\Response.php(42): Illuminate\\View\\View->render()
#6 F:\\PROJECT\\sourcetree\\NHA_KHOA\\SOURCE\\NK_LANOLAY_PAGE\\vendor\\symfony\\http-foundation\\Response.php(202): Illuminate\\Http\\Response->setContent(Object(Illuminate\\View\\View))
#7 F:\\PROJECT\\sourcetree\\NHA_KHOA\\SOURCE\\NK_LANOLAY_PAGE\\vendor\\laravel\\framework\\src\\Illuminate\\Routing\\Router.php(748): Symfony\\Component\\HttpFoundation\\Response->__construct(Object(Illuminate\\View\\View))
#8 F:\\PROJECT\\sourcetree\\NHA_KHOA\\SOURCE\\NK_LANOLAY_PAGE\\vendor\\laravel\\framework\\src\\Illuminate\\Routing\\Router.php(720): Illuminate\\Routing\\Router::toResponse(Object(Illuminate\\Http\\Request), Object(Illuminate\\View\\View))
#9 F:\\PROJECT\\sourcetree\\NHA_KHOA\\SOURCE\\NK_LANOLAY_PAGE\\vendor\\laravel\\framework\\src\\Illuminate\\Routing\\Router.php(680): Illuminate\\Routing\\Router->prepareResponse(Object(Illuminate\\Http\\Request), Object(Illuminate\\View\\View))
#10 F:\\PROJECT\\sourcetree\\NHA_KHOA\\SOURCE\\NK_LANOLAY_PAGE\\vendor\\laravel\\framework\\src\\Illuminate\\Routing\\Pipeline.php(30): Illuminate\\Routing\\Router->Illuminate\\Routing\\{closure}(Object(Illuminate\\Http\\Request))
#11 F:\\PROJECT\\sourcetree\\NHA_KHOA\\SOURCE\\NK_LANOLAY_PAGE\\vendor\\laravel\\framework\\src\\Illuminate\\Routing\\Middleware\\SubstituteBindings.php(41): Illuminate\\Routing\\Pipeline->Illuminate\\Routing\\{closure}(Object(Illuminate\\Http\\Request))
#12 F:\\PROJECT\\sourcetree\\NHA_KHOA\\SOURCE\\NK_LANOLAY_PAGE\\vendor\\laravel\\framework\\src\\Illuminate\\Pipeline\\Pipeline.php(163): Illuminate\\Routing\\Middleware\\SubstituteBindings->handle(Object(Illuminate\\Http\\Request), Object(Closure))
#13 F:\\PROJECT\\sourcetree\\NHA_KHOA\\SOURCE\\NK_LANOLAY_PAGE\\vendor\\laravel\\framework\\src\\Illuminate\\Routing\\Pipeline.php(53): Illuminate\\Pipeline\\Pipeline->Illuminate\\Pipeline\\{closure}(Object(Illuminate\\Http\\Request))
#14 F:\\PROJECT\\sourcetree\\NHA_KHOA\\SOURCE\\NK_LANOLAY_PAGE\\vendor\\laravel\\framework\\src\\Illuminate\\Foundation\\Http\\Middleware\\VerifyCsrfToken.php(75): Illuminate\\Routing\\Pipeline->Illuminate\\Routing\\{closure}(Object(Illuminate\\Http\\Request))
#15 F:\\PROJECT\\sourcetree\\NHA_KHOA\\SOURCE\\NK_LANOLAY_PAGE\\vendor\\laravel\\framework\\src\\Illuminate\\Pipeline\\Pipeline.php(163): Illuminate\\Foundation\\Http\\Middleware\\VerifyCsrfToken->handle(Object(Illuminate\\Http\\Request), Object(Closure))
#16 F:\\PROJECT\\sourcetree\\NHA_KHOA\\SOURCE\\NK_LANOLAY_PAGE\\vendor\\laravel\\framework\\src\\Illuminate\\Routing\\Pipeline.php(53): Illuminate\\Pipeline\\Pipeline->Illuminate\\Pipeline\\{closure}(Object(Illuminate\\Http\\Request))
#17 F:\\PROJECT\\sourcetree\\NHA_KHOA\\SOURCE\\NK_LANOLAY_PAGE\\vendor\\laravel\\framework\\src\\Illuminate\\View\\Middleware\\ShareErrorsFromSession.php(49): Illuminate\\Routing\\Pipeline->Illuminate\\Routing\\{closure}(Object(Illuminate\\Http\\Request))
#18 F:\\PROJECT\\sourcetree\\NHA_KHOA\\SOURCE\\NK_LANOLAY_PAGE\\vendor\\laravel\\framework\\src\\Illuminate\\Pipeline\\Pipeline.php(163): Illuminate\\View\\Middleware\\ShareErrorsFromSession->handle(Object(Illuminate\\Http\\Request), Object(Closure))
#19 F:\\PROJECT\\sourcetree\\NHA_KHOA\\SOURCE\\NK_LANOLAY_PAGE\\vendor\\laravel\\framework\\src\\Illuminate\\Routing\\Pipeline.php(53): Illuminate\\Pipeline\\Pipeline->Illuminate\\Pipeline\\{closure}(Object(Illuminate\\Http\\Request))
#20 F:\\PROJECT\\sourcetree\\NHA_KHOA\\SOURCE\\NK_LANOLAY_PAGE\\vendor\\laravel\\framework\\src\\Illuminate\\Session\\Middleware\\StartSession.php(56): Illuminate\\Routing\\Pipeline->Illuminate\\Routing\\{closure}(Object(Illuminate\\Http\\Request))
#21 F:\\PROJECT\\sourcetree\\NHA_KHOA\\SOURCE\\NK_LANOLAY_PAGE\\vendor\\laravel\\framework\\src\\Illuminate\\Pipeline\\Pipeline.php(163): Illuminate\\Session\\Middleware\\StartSession->handle(Object(Illuminate\\Http\\Request), Object(Closure))
#22 F:\\PROJECT\\sourcetree\\NHA_KHOA\\SOURCE\\NK_LANOLAY_PAGE\\vendor\\laravel\\framework\\src\\Illuminate\\Routing\\Pipeline.php(53): Illuminate\\Pipeline\\Pipeline->Illuminate\\Pipeline\\{closure}(Object(Illuminate\\Http\\Request))
#23 F:\\PROJECT\\sourcetree\\NHA_KHOA\\SOURCE\\NK_LANOLAY_PAGE\\vendor\\laravel\\framework\\src\\Illuminate\\Cookie\\Middleware\\AddQueuedCookiesToResponse.php(37): Illuminate\\Routing\\Pipeline->Illuminate\\Routing\\{closure}(Object(Illuminate\\Http\\Request))
#24 F:\\PROJECT\\sourcetree\\NHA_KHOA\\SOURCE\\NK_LANOLAY_PAGE\\vendor\\laravel\\framework\\src\\Illuminate\\Pipeline\\Pipeline.php(163): Illuminate\\Cookie\\Middleware\\AddQueuedCookiesToResponse->handle(Object(Illuminate\\Http\\Request), Object(Closure))
#25 F:\\PROJECT\\sourcetree\\NHA_KHOA\\SOURCE\\NK_LANOLAY_PAGE\\vendor\\laravel\\framework\\src\\Illuminate\\Routing\\Pipeline.php(53): Illuminate\\Pipeline\\Pipeline->Illuminate\\Pipeline\\{closure}(Object(Illuminate\\Http\\Request))
#26 F:\\PROJECT\\sourcetree\\NHA_KHOA\\SOURCE\\NK_LANOLAY_PAGE\\vendor\\laravel\\framework\\src\\Illuminate\\Cookie\\Middleware\\EncryptCookies.php(66): Illuminate\\Routing\\Pipeline->Illuminate\\Routing\\{closure}(Object(Illuminate\\Http\\Request))
#27 F:\\PROJECT\\sourcetree\\NHA_KHOA\\SOURCE\\NK_LANOLAY_PAGE\\vendor\\laravel\\framework\\src\\Illuminate\\Pipeline\\Pipeline.php(163): Illuminate\\Cookie\\Middleware\\EncryptCookies->handle(Object(Illuminate\\Http\\Request), Object(Closure))
#28 F:\\PROJECT\\sourcetree\\NHA_KHOA\\SOURCE\\NK_LANOLAY_PAGE\\vendor\\laravel\\framework\\src\\Illuminate\\Routing\\Pipeline.php(53): Illuminate\\Pipeline\\Pipeline->Illuminate\\Pipeline\\{closure}(Object(Illuminate\\Http\\Request))
#29 F:\\PROJECT\\sourcetree\\NHA_KHOA\\SOURCE\\NK_LANOLAY_PAGE\\vendor\\laravel\\framework\\src\\Illuminate\\Pipeline\\Pipeline.php(104): Illuminate\\Routing\\Pipeline->Illuminate\\Routing\\{closure}(Object(Illuminate\\Http\\Request))
#30 F:\\PROJECT\\sourcetree\\NHA_KHOA\\SOURCE\\NK_LANOLAY_PAGE\\vendor\\laravel\\framework\\src\\Illuminate\\Routing\\Router.php(682): Illuminate\\Pipeline\\Pipeline->then(Object(Closure))
#31 F:\\PROJECT\\sourcetree\\NHA_KHOA\\SOURCE\\NK_LANOLAY_PAGE\\vendor\\laravel\\framework\\src\\Illuminate\\Routing\\Router.php(657): Illuminate\\Routing\\Router->runRouteWithinStack(Object(Illuminate\\Routing\\Route), Object(Illuminate\\Http\\Request))
#32 F:\\PROJECT\\sourcetree\\NHA_KHOA\\SOURCE\\NK_LANOLAY_PAGE\\vendor\\laravel\\framework\\src\\Illuminate\\Routing\\Router.php(623): Illuminate\\Routing\\Router->runRoute(Object(Illuminate\\Http\\Request), Object(Illuminate\\Routing\\Route))
#33 F:\\PROJECT\\sourcetree\\NHA_KHOA\\SOURCE\\NK_LANOLAY_PAGE\\vendor\\laravel\\framework\\src\\Illuminate\\Routing\\Router.php(612): Illuminate\\Routing\\Router->dispatchToRoute(Object(Illuminate\\Http\\Request))
#34 F:\\PROJECT\\sourcetree\\NHA_KHOA\\SOURCE\\NK_LANOLAY_PAGE\\vendor\\laravel\\framework\\src\\Illuminate\\Foundation\\Http\\Kernel.php(176): Illuminate\\Routing\\Router->dispatch(Object(Illuminate\\Http\\Request))
#35 F:\\PROJECT\\sourcetree\\NHA_KHOA\\SOURCE\\NK_LANOLAY_PAGE\\vendor\\laravel\\framework\\src\\Illuminate\\Routing\\Pipeline.php(30): Illuminate\\Foundation\\Http\\Kernel->Illuminate\\Foundation\\Http\\{closure}(Object(Illuminate\\Http\\Request))
#36 F:\\PROJECT\\sourcetree\\NHA_KHOA\\SOURCE\\NK_LANOLAY_PAGE\\vendor\\barryvdh\\laravel-debugbar\\src\\Middleware\\InjectDebugbar.php(65): Illuminate\\Routing\\Pipeline->Illuminate\\Routing\\{closure}(Object(Illuminate\\Http\\Request))
#37 F:\\PROJECT\\sourcetree\\NHA_KHOA\\SOURCE\\NK_LANOLAY_PAGE\\vendor\\laravel\\framework\\src\\Illuminate\\Pipeline\\Pipeline.php(163): Barryvdh\\Debugbar\\Middleware\\InjectDebugbar->handle(Object(Illuminate\\Http\\Request), Object(Closure))
#38 F:\\PROJECT\\sourcetree\\NHA_KHOA\\SOURCE\\NK_LANOLAY_PAGE\\vendor\\laravel\\framework\\src\\Illuminate\\Routing\\Pipeline.php(53): Illuminate\\Pipeline\\Pipeline->Illuminate\\Pipeline\\{closure}(Object(Illuminate\\Http\\Request))
#39 F:\\PROJECT\\sourcetree\\NHA_KHOA\\SOURCE\\NK_LANOLAY_PAGE\\vendor\\ecrmnn\\laravel-https\\src\\Http\\Middleware\\ForceHttps.php(27): Illuminate\\Routing\\Pipeline->Illuminate\\Routing\\{closure}(Object(Illuminate\\Http\\Request))
#40 F:\\PROJECT\\sourcetree\\NHA_KHOA\\SOURCE\\NK_LANOLAY_PAGE\\vendor\\laravel\\framework\\src\\Illuminate\\Pipeline\\Pipeline.php(163): Ecrmnn\\LaravelHttps\\Http\\Middleware\\ForceHttps->handle(Object(Illuminate\\Http\\Request), Object(Closure))
#41 F:\\PROJECT\\sourcetree\\NHA_KHOA\\SOURCE\\NK_LANOLAY_PAGE\\vendor\\laravel\\framework\\src\\Illuminate\\Routing\\Pipeline.php(53): Illuminate\\Pipeline\\Pipeline->Illuminate\\Pipeline\\{closure}(Object(Illuminate\\Http\\Request))
#42 F:\\PROJECT\\sourcetree\\NHA_KHOA\\SOURCE\\NK_LANOLAY_PAGE\\vendor\\fideloper\\proxy\\src\\TrustProxies.php(57): Illuminate\\Routing\\Pipeline->Illuminate\\Routing\\{closure}(Object(Illuminate\\Http\\Request))
#43 F:\\PROJECT\\sourcetree\\NHA_KHOA\\SOURCE\\NK_LANOLAY_PAGE\\vendor\\laravel\\framework\\src\\Illuminate\\Pipeline\\Pipeline.php(163): Fideloper\\Proxy\\TrustProxies->handle(Object(Illuminate\\Http\\Request), Object(Closure))
#44 F:\\PROJECT\\sourcetree\\NHA_KHOA\\SOURCE\\NK_LANOLAY_PAGE\\vendor\\laravel\\framework\\src\\Illuminate\\Routing\\Pipeline.php(53): Illuminate\\Pipeline\\Pipeline->Illuminate\\Pipeline\\{closure}(Object(Illuminate\\Http\\Request))
#45 F:\\PROJECT\\sourcetree\\NHA_KHOA\\SOURCE\\NK_LANOLAY_PAGE\\vendor\\laravel\\framework\\src\\Illuminate\\Foundation\\Http\\Middleware\\TransformsRequest.php(21): Illuminate\\Routing\\Pipeline->Illuminate\\Routing\\{closure}(Object(Illuminate\\Http\\Request))
#46 F:\\PROJECT\\sourcetree\\NHA_KHOA\\SOURCE\\NK_LANOLAY_PAGE\\vendor\\laravel\\framework\\src\\Illuminate\\Pipeline\\Pipeline.php(163): Illuminate\\Foundation\\Http\\Middleware\\TransformsRequest->handle(Object(Illuminate\\Http\\Request), Object(Closure))
#47 F:\\PROJECT\\sourcetree\\NHA_KHOA\\SOURCE\\NK_LANOLAY_PAGE\\vendor\\laravel\\framework\\src\\Illuminate\\Routing\\Pipeline.php(53): Illuminate\\Pipeline\\Pipeline->Illuminate\\Pipeline\\{closure}(Object(Illuminate\\Http\\Request))
#48 F:\\PROJECT\\sourcetree\\NHA_KHOA\\SOURCE\\NK_LANOLAY_PAGE\\vendor\\laravel\\framework\\src\\Illuminate\\Foundation\\Http\\Middleware\\TransformsRequest.php(21): Illuminate\\Routing\\Pipeline->Illuminate\\Routing\\{closure}(Object(Illuminate\\Http\\Request))
#49 F:\\PROJECT\\sourcetree\\NHA_KHOA\\SOURCE\\NK_LANOLAY_PAGE\\vendor\\laravel\\framework\\src\\Illuminate\\Pipeline\\Pipeline.php(163): Illuminate\\Foundation\\Http\\Middleware\\TransformsRequest->handle(Object(Illuminate\\Http\\Request), Object(Closure))
#50 F:\\PROJECT\\sourcetree\\NHA_KHOA\\SOURCE\\NK_LANOLAY_PAGE\\vendor\\laravel\\framework\\src\\Illuminate\\Routing\\Pipeline.php(53): Illuminate\\Pipeline\\Pipeline->Illuminate\\Pipeline\\{closure}(Object(Illuminate\\Http\\Request))
#51 F:\\PROJECT\\sourcetree\\NHA_KHOA\\SOURCE\\NK_LANOLAY_PAGE\\vendor\\laravel\\framework\\src\\Illuminate\\Foundation\\Http\\Middleware\\ValidatePostSize.php(27): Illuminate\\Routing\\Pipeline->Illuminate\\Routing\\{closure}(Object(Illuminate\\Http\\Request))
#52 F:\\PROJECT\\sourcetree\\NHA_KHOA\\SOURCE\\NK_LANOLAY_PAGE\\vendor\\laravel\\framework\\src\\Illuminate\\Pipeline\\Pipeline.php(163): Illuminate\\Foundation\\Http\\Middleware\\ValidatePostSize->handle(Object(Illuminate\\Http\\Request), Object(Closure))
#53 F:\\PROJECT\\sourcetree\\NHA_KHOA\\SOURCE\\NK_LANOLAY_PAGE\\vendor\\laravel\\framework\\src\\Illuminate\\Routing\\Pipeline.php(53): Illuminate\\Pipeline\\Pipeline->Illuminate\\Pipeline\\{closure}(Object(Illuminate\\Http\\Request))
#54 F:\\PROJECT\\sourcetree\\NHA_KHOA\\SOURCE\\NK_LANOLAY_PAGE\\vendor\\laravel\\framework\\src\\Illuminate\\Foundation\\Http\\Middleware\\CheckForMaintenanceMode.php(62): Illuminate\\Routing\\Pipeline->Illuminate\\Routing\\{closure}(Object(Illuminate\\Http\\Request))
#55 F:\\PROJECT\\sourcetree\\NHA_KHOA\\SOURCE\\NK_LANOLAY_PAGE\\vendor\\laravel\\framework\\src\\Illuminate\\Pipeline\\Pipeline.php(163): Illuminate\\Foundation\\Http\\Middleware\\CheckForMaintenanceMode->handle(Object(Illuminate\\Http\\Request), Object(Closure))
#56 F:\\PROJECT\\sourcetree\\NHA_KHOA\\SOURCE\\NK_LANOLAY_PAGE\\vendor\\laravel\\framework\\src\\Illuminate\\Routing\\Pipeline.php(53): Illuminate\\Pipeline\\Pipeline->Illuminate\\Pipeline\\{closure}(Object(Illuminate\\Http\\Request))
#57 F:\\PROJECT\\sourcetree\\NHA_KHOA\\SOURCE\\NK_LANOLAY_PAGE\\vendor\\laravel\\framework\\src\\Illuminate\\Pipeline\\Pipeline.php(104): Illuminate\\Routing\\Pipeline->Illuminate\\Routing\\{closure}(Object(Illuminate\\Http\\Request))
#58 F:\\PROJECT\\sourcetree\\NHA_KHOA\\SOURCE\\NK_LANOLAY_PAGE\\vendor\\laravel\\framework\\src\\Illuminate\\Foundation\\Http\\Kernel.php(151): Illuminate\\Pipeline\\Pipeline->then(Object(Closure))
#59 F:\\PROJECT\\sourcetree\\NHA_KHOA\\SOURCE\\NK_LANOLAY_PAGE\\vendor\\laravel\\framework\\src\\Illuminate\\Foundation\\Http\\Kernel.php(116): Illuminate\\Foundation\\Http\\Kernel->sendRequestThroughRouter(Object(Illuminate\\Http\\Request))
#60 F:\\PROJECT\\sourcetree\\NHA_KHOA\\SOURCE\\NK_LANOLAY_PAGE\\public\\index.php(56): Illuminate\\Foundation\\Http\\Kernel->handle(Object(Illuminate\\Http\\Request))
#61 F:\\PROJECT\\sourcetree\\NHA_KHOA\\SOURCE\\NK_LANOLAY_PAGE\\server.php(21): require_once('F:\\\\PROJECT\\\\sour...')
#62 {main}
"} 
[2020-03-11 08:27:29] local.ERROR: Undefined variable: post (View: F:\PROJECT\sourcetree\NHA_KHOA\SOURCE\NK_LANOLAY_PAGE\resources\views\client\index.blade.php) {"exception":"[object] (ErrorException(code: 0): Undefined variable: post (View: F:\\PROJECT\\sourcetree\\NHA_KHOA\\SOURCE\\NK_LANOLAY_PAGE\esources\\views\\client\\index.blade.php) at F:\\PROJECT\\sourcetree\\NHA_KHOA\\SOURCE\\NK_LANOLAY_PAGE\\storage\\framework\\views\\5310009c0fecf63d594b96733e598e056c723669.php:83, ErrorException(code: 0): Undefined variable: post at F:\\PROJECT\\sourcetree\\NHA_KHOA\\SOURCE\\NK_LANOLAY_PAGE\\storage\\framework\\views\\5310009c0fecf63d594b96733e598e056c723669.php:83)
[stacktrace]
#0 F:\\PROJECT\\sourcetree\\NHA_KHOA\\SOURCE\\NK_LANOLAY_PAGE\\vendor\\laravel\\framework\\src\\Illuminate\\View\\Engines\\PhpEngine.php(45): Illuminate\\View\\Engines\\CompilerEngine->handleViewException(Object(ErrorException), 1)
#1 F:\\PROJECT\\sourcetree\\NHA_KHOA\\SOURCE\\NK_LANOLAY_PAGE\\vendor\\laravel\\framework\\src\\Illuminate\\View\\Engines\\CompilerEngine.php(59): Illuminate\\View\\Engines\\PhpEngine->evaluatePath('F:\\\\PROJECT\\\\sour...', Array)
#2 F:\\PROJECT\\sourcetree\\NHA_KHOA\\SOURCE\\NK_LANOLAY_PAGE\\vendor\\laravel\\framework\\src\\Illuminate\\View\\View.php(142): Illuminate\\View\\Engines\\CompilerEngine->get('F:\\\\PROJECT\\\\sour...', Array)
#3 F:\\PROJECT\\sourcetree\\NHA_KHOA\\SOURCE\\NK_LANOLAY_PAGE\\vendor\\laravel\\framework\\src\\Illuminate\\View\\View.php(125): Illuminate\\View\\View->getContents()
#4 F:\\PROJECT\\sourcetree\\NHA_KHOA\\SOURCE\\NK_LANOLAY_PAGE\\vendor\\laravel\\framework\\src\\Illuminate\\View\\View.php(90): Illuminate\\View\\View->renderContents()
#5 F:\\PROJECT\\sourcetree\\NHA_KHOA\\SOURCE\\NK_LANOLAY_PAGE\\vendor\\laravel\\framework\\src\\Illuminate\\Http\\Response.php(42): Illuminate\\View\\View->render()
#6 F:\\PROJECT\\sourcetree\\NHA_KHOA\\SOURCE\\NK_LANOLAY_PAGE\\vendor\\symfony\\http-foundation\\Response.php(202): Illuminate\\Http\\Response->setContent(Object(Illuminate\\View\\View))
#7 F:\\PROJECT\\sourcetree\\NHA_KHOA\\SOURCE\\NK_LANOLAY_PAGE\\vendor\\laravel\\framework\\src\\Illuminate\\Routing\\Router.php(748): Symfony\\Component\\HttpFoundation\\Response->__construct(Object(Illuminate\\View\\View))
#8 F:\\PROJECT\\sourcetree\\NHA_KHOA\\SOURCE\\NK_LANOLAY_PAGE\\vendor\\laravel\\framework\\src\\Illuminate\\Routing\\Router.php(720): Illuminate\\Routing\\Router::toResponse(Object(Illuminate\\Http\\Request), Object(Illuminate\\View\\View))
#9 F:\\PROJECT\\sourcetree\\NHA_KHOA\\SOURCE\\NK_LANOLAY_PAGE\\vendor\\laravel\\framework\\src\\Illuminate\\Routing\\Router.php(680): Illuminate\\Routing\\Router->prepareResponse(Object(Illuminate\\Http\\Request), Object(Illuminate\\View\\View))
#10 F:\\PROJECT\\sourcetree\\NHA_KHOA\\SOURCE\\NK_LANOLAY_PAGE\\vendor\\laravel\\framework\\src\\Illuminate\\Routing\\Pipeline.php(30): Illuminate\\Routing\\Router->Illuminate\\Routing\\{closure}(Object(Illuminate\\Http\\Request))
#11 F:\\PROJECT\\sourcetree\\NHA_KHOA\\SOURCE\\NK_LANOLAY_PAGE\\vendor\\laravel\\framework\\src\\Illuminate\\Routing\\Middleware\\SubstituteBindings.php(41): Illuminate\\Routing\\Pipeline->Illuminate\\Routing\\{closure}(Object(Illuminate\\Http\\Request))
#12 F:\\PROJECT\\sourcetree\\NHA_KHOA\\SOURCE\\NK_LANOLAY_PAGE\\vendor\\laravel\\framework\\src\\Illuminate\\Pipeline\\Pipeline.php(163): Illuminate\\Routing\\Middleware\\SubstituteBindings->handle(Object(Illuminate\\Http\\Request), Object(Closure))
#13 F:\\PROJECT\\sourcetree\\NHA_KHOA\\SOURCE\\NK_LANOLAY_PAGE\\vendor\\laravel\\framework\\src\\Illuminate\\Routing\\Pipeline.php(53): Illuminate\\Pipeline\\Pipeline->Illuminate\\Pipeline\\{closure}(Object(Illuminate\\Http\\Request))
#14 F:\\PROJECT\\sourcetree\\NHA_KHOA\\SOURCE\\NK_LANOLAY_PAGE\\vendor\\laravel\\framework\\src\\Illuminate\\Foundation\\Http\\Middleware\\VerifyCsrfToken.php(75): Illuminate\\Routing\\Pipeline->Illuminate\\Routing\\{closure}(Object(Illuminate\\Http\\Request))
#15 F:\\PROJECT\\sourcetree\\NHA_KHOA\\SOURCE\\NK_LANOLAY_PAGE\\vendor\\laravel\\framework\\src\\Illuminate\\Pipeline\\Pipeline.php(163): Illuminate\\Foundation\\Http\\Middleware\\VerifyCsrfToken->handle(Object(Illuminate\\Http\\Request), Object(Closure))
#16 F:\\PROJECT\\sourcetree\\NHA_KHOA\\SOURCE\\NK_LANOLAY_PAGE\\vendor\\laravel\\framework\\src\\Illuminate\\Routing\\Pipeline.php(53): Illuminate\\Pipeline\\Pipeline->Illuminate\\Pipeline\\{closure}(Object(Illuminate\\Http\\Request))
#17 F:\\PROJECT\\sourcetree\\NHA_KHOA\\SOURCE\\NK_LANOLAY_PAGE\\vendor\\laravel\\framework\\src\\Illuminate\\View\\Middleware\\ShareErrorsFromSession.php(49): Illuminate\\Routing\\Pipeline->Illuminate\\Routing\\{closure}(Object(Illuminate\\Http\\Request))
#18 F:\\PROJECT\\sourcetree\\NHA_KHOA\\SOURCE\\NK_LANOLAY_PAGE\\vendor\\laravel\\framework\\src\\Illuminate\\Pipeline\\Pipeline.php(163): Illuminate\\View\\Middleware\\ShareErrorsFromSession->handle(Object(Illuminate\\Http\\Request), Object(Closure))
#19 F:\\PROJECT\\sourcetree\\NHA_KHOA\\SOURCE\\NK_LANOLAY_PAGE\\vendor\\laravel\\framework\\src\\Illuminate\\Routing\\Pipeline.php(53): Illuminate\\Pipeline\\Pipeline->Illuminate\\Pipeline\\{closure}(Object(Illuminate\\Http\\Request))
#20 F:\\PROJECT\\sourcetree\\NHA_KHOA\\SOURCE\\NK_LANOLAY_PAGE\\vendor\\laravel\\framework\\src\\Illuminate\\Session\\Middleware\\StartSession.php(56): Illuminate\\Routing\\Pipeline->Illuminate\\Routing\\{closure}(Object(Illuminate\\Http\\Request))
#21 F:\\PROJECT\\sourcetree\\NHA_KHOA\\SOURCE\\NK_LANOLAY_PAGE\\vendor\\laravel\\framework\\src\\Illuminate\\Pipeline\\Pipeline.php(163): Illuminate\\Session\\Middleware\\StartSession->handle(Object(Illuminate\\Http\\Request), Object(Closure))
#22 F:\\PROJECT\\sourcetree\\NHA_KHOA\\SOURCE\\NK_LANOLAY_PAGE\\vendor\\laravel\\framework\\src\\Illuminate\\Routing\\Pipeline.php(53): Illuminate\\Pipeline\\Pipeline->Illuminate\\Pipeline\\{closure}(Object(Illuminate\\Http\\Request))
#23 F:\\PROJECT\\sourcetree\\NHA_KHOA\\SOURCE\\NK_LANOLAY_PAGE\\vendor\\laravel\\framework\\src\\Illuminate\\Cookie\\Middleware\\AddQueuedCookiesToResponse.php(37): Illuminate\\Routing\\Pipeline->Illuminate\\Routing\\{closure}(Object(Illuminate\\Http\\Request))
#24 F:\\PROJECT\\sourcetree\\NHA_KHOA\\SOURCE\\NK_LANOLAY_PAGE\\vendor\\laravel\\framework\\src\\Illuminate\\Pipeline\\Pipeline.php(163): Illuminate\\Cookie\\Middleware\\AddQueuedCookiesToResponse->handle(Object(Illuminate\\Http\\Request), Object(Closure))
#25 F:\\PROJECT\\sourcetree\\NHA_KHOA\\SOURCE\\NK_LANOLAY_PAGE\\vendor\\laravel\\framework\\src\\Illuminate\\Routing\\Pipeline.php(53): Illuminate\\Pipeline\\Pipeline->Illuminate\\Pipeline\\{closure}(Object(Illuminate\\Http\\Request))
#26 F:\\PROJECT\\sourcetree\\NHA_KHOA\\SOURCE\\NK_LANOLAY_PAGE\\vendor\\laravel\\framework\\src\\Illuminate\\Cookie\\Middleware\\EncryptCookies.php(66): Illuminate\\Routing\\Pipeline->Illuminate\\Routing\\{closure}(Object(Illuminate\\Http\\Request))
#27 F:\\PROJECT\\sourcetree\\NHA_KHOA\\SOURCE\\NK_LANOLAY_PAGE\\vendor\\laravel\\framework\\src\\Illuminate\\Pipeline\\Pipeline.php(163): Illuminate\\Cookie\\Middleware\\EncryptCookies->handle(Object(Illuminate\\Http\\Request), Object(Closure))
#28 F:\\PROJECT\\sourcetree\\NHA_KHOA\\SOURCE\\NK_LANOLAY_PAGE\\vendor\\laravel\\framework\\src\\Illuminate\\Routing\\Pipeline.php(53): Illuminate\\Pipeline\\Pipeline->Illuminate\\Pipeline\\{closure}(Object(Illuminate\\Http\\Request))
#29 F:\\PROJECT\\sourcetree\\NHA_KHOA\\SOURCE\\NK_LANOLAY_PAGE\\vendor\\laravel\\framework\\src\\Illuminate\\Pipeline\\Pipeline.php(104): Illuminate\\Routing\\Pipeline->Illuminate\\Routing\\{closure}(Object(Illuminate\\Http\\Request))
#30 F:\\PROJECT\\sourcetree\\NHA_KHOA\\SOURCE\\NK_LANOLAY_PAGE\\vendor\\laravel\\framework\\src\\Illuminate\\Routing\\Router.php(682): Illuminate\\Pipeline\\Pipeline->then(Object(Closure))
#31 F:\\PROJECT\\sourcetree\\NHA_KHOA\\SOURCE\\NK_LANOLAY_PAGE\\vendor\\laravel\\framework\\src\\Illuminate\\Routing\\Router.php(657): Illuminate\\Routing\\Router->runRouteWithinStack(Object(Illuminate\\Routing\\Route), Object(Illuminate\\Http\\Request))
#32 F:\\PROJECT\\sourcetree\\NHA_KHOA\\SOURCE\\NK_LANOLAY_PAGE\\vendor\\laravel\\framework\\src\\Illuminate\\Routing\\Router.php(623): Illuminate\\Routing\\Router->runRoute(Object(Illuminate\\Http\\Request), Object(Illuminate\\Routing\\Route))
#33 F:\\PROJECT\\sourcetree\\NHA_KHOA\\SOURCE\\NK_LANOLAY_PAGE\\vendor\\laravel\\framework\\src\\Illuminate\\Routing\\Router.php(612): Illuminate\\Routing\\Router->dispatchToRoute(Object(Illuminate\\Http\\Request))
#34 F:\\PROJECT\\sourcetree\\NHA_KHOA\\SOURCE\\NK_LANOLAY_PAGE\\vendor\\laravel\\framework\\src\\Illuminate\\Foundation\\Http\\Kernel.php(176): Illuminate\\Routing\\Router->dispatch(Object(Illuminate\\Http\\Request))
#35 F:\\PROJECT\\sourcetree\\NHA_KHOA\\SOURCE\\NK_LANOLAY_PAGE\\vendor\\laravel\\framework\\src\\Illuminate\\Routing\\Pipeline.php(30): Illuminate\\Foundation\\Http\\Kernel->Illuminate\\Foundation\\Http\\{closure}(Object(Illuminate\\Http\\Request))
#36 F:\\PROJECT\\sourcetree\\NHA_KHOA\\SOURCE\\NK_LANOLAY_PAGE\\vendor\\barryvdh\\laravel-debugbar\\src\\Middleware\\InjectDebugbar.php(65): Illuminate\\Routing\\Pipeline->Illuminate\\Routing\\{closure}(Object(Illuminate\\Http\\Request))
#37 F:\\PROJECT\\sourcetree\\NHA_KHOA\\SOURCE\\NK_LANOLAY_PAGE\\vendor\\laravel\\framework\\src\\Illuminate\\Pipeline\\Pipeline.php(163): Barryvdh\\Debugbar\\Middleware\\InjectDebugbar->handle(Object(Illuminate\\Http\\Request), Object(Closure))
#38 F:\\PROJECT\\sourcetree\\NHA_KHOA\\SOURCE\\NK_LANOLAY_PAGE\\vendor\\laravel\\framework\\src\\Illuminate\\Routing\\Pipeline.php(53): Illuminate\\Pipeline\\Pipeline->Illuminate\\Pipeline\\{closure}(Object(Illuminate\\Http\\Request))
#39 F:\\PROJECT\\sourcetree\\NHA_KHOA\\SOURCE\\NK_LANOLAY_PAGE\\vendor\\ecrmnn\\laravel-https\\src\\Http\\Middleware\\ForceHttps.php(27): Illuminate\\Routing\\Pipeline->Illuminate\\Routing\\{closure}(Object(Illuminate\\Http\\Request))
#40 F:\\PROJECT\\sourcetree\\NHA_KHOA\\SOURCE\\NK_LANOLAY_PAGE\\vendor\\laravel\\framework\\src\\Illuminate\\Pipeline\\Pipeline.php(163): Ecrmnn\\LaravelHttps\\Http\\Middleware\\ForceHttps->handle(Object(Illuminate\\Http\\Request), Object(Closure))
#41 F:\\PROJECT\\sourcetree\\NHA_KHOA\\SOURCE\\NK_LANOLAY_PAGE\\vendor\\laravel\\framework\\src\\Illuminate\\Routing\\Pipeline.php(53): Illuminate\\Pipeline\\Pipeline->Illuminate\\Pipeline\\{closure}(Object(Illuminate\\Http\\Request))
#42 F:\\PROJECT\\sourcetree\\NHA_KHOA\\SOURCE\\NK_LANOLAY_PAGE\\vendor\\fideloper\\proxy\\src\\TrustProxies.php(57): Illuminate\\Routing\\Pipeline->Illuminate\\Routing\\{closure}(Object(Illuminate\\Http\\Request))
#43 F:\\PROJECT\\sourcetree\\NHA_KHOA\\SOURCE\\NK_LANOLAY_PAGE\\vendor\\laravel\\framework\\src\\Illuminate\\Pipeline\\Pipeline.php(163): Fideloper\\Proxy\\TrustProxies->handle(Object(Illuminate\\Http\\Request), Object(Closure))
#44 F:\\PROJECT\\sourcetree\\NHA_KHOA\\SOURCE\\NK_LANOLAY_PAGE\\vendor\\laravel\\framework\\src\\Illuminate\\Routing\\Pipeline.php(53): Illuminate\\Pipeline\\Pipeline->Illuminate\\Pipeline\\{closure}(Object(Illuminate\\Http\\Request))
#45 F:\\PROJECT\\sourcetree\\NHA_KHOA\\SOURCE\\NK_LANOLAY_PAGE\\vendor\\laravel\\framework\\src\\Illuminate\\Foundation\\Http\\Middleware\\TransformsRequest.php(21): Illuminate\\Routing\\Pipeline->Illuminate\\Routing\\{closure}(Object(Illuminate\\Http\\Request))
#46 F:\\PROJECT\\sourcetree\\NHA_KHOA\\SOURCE\\NK_LANOLAY_PAGE\\vendor\\laravel\\framework\\src\\Illuminate\\Pipeline\\Pipeline.php(163): Illuminate\\Foundation\\Http\\Middleware\\TransformsRequest->handle(Object(Illuminate\\Http\\Request), Object(Closure))
#47 F:\\PROJECT\\sourcetree\\NHA_KHOA\\SOURCE\\NK_LANOLAY_PAGE\\vendor\\laravel\\framework\\src\\Illuminate\\Routing\\Pipeline.php(53): Illuminate\\Pipeline\\Pipeline->Illuminate\\Pipeline\\{closure}(Object(Illuminate\\Http\\Request))
#48 F:\\PROJECT\\sourcetree\\NHA_KHOA\\SOURCE\\NK_LANOLAY_PAGE\\vendor\\laravel\\framework\\src\\Illuminate\\Foundation\\Http\\Middleware\\TransformsRequest.php(21): Illuminate\\Routing\\Pipeline->Illuminate\\Routing\\{closure}(Object(Illuminate\\Http\\Request))
#49 F:\\PROJECT\\sourcetree\\NHA_KHOA\\SOURCE\\NK_LANOLAY_PAGE\\vendor\\laravel\\framework\\src\\Illuminate\\Pipeline\\Pipeline.php(163): Illuminate\\Foundation\\Http\\Middleware\\TransformsRequest->handle(Object(Illuminate\\Http\\Request), Object(Closure))
#50 F:\\PROJECT\\sourcetree\\NHA_KHOA\\SOURCE\\NK_LANOLAY_PAGE\\vendor\\laravel\\framework\\src\\Illuminate\\Routing\\Pipeline.php(53): Illuminate\\Pipeline\\Pipeline->Illuminate\\Pipeline\\{closure}(Object(Illuminate\\Http\\Request))
#51 F:\\PROJECT\\sourcetree\\NHA_KHOA\\SOURCE\\NK_LANOLAY_PAGE\\vendor\\laravel\\framework\\src\\Illuminate\\Foundation\\Http\\Middleware\\ValidatePostSize.php(27): Illuminate\\Routing\\Pipeline->Illuminate\\Routing\\{closure}(Object(Illuminate\\Http\\Request))
#52 F:\\PROJECT\\sourcetree\\NHA_KHOA\\SOURCE\\NK_LANOLAY_PAGE\\vendor\\laravel\\framework\\src\\Illuminate\\Pipeline\\Pipeline.php(163): Illuminate\\Foundation\\Http\\Middleware\\ValidatePostSize->handle(Object(Illuminate\\Http\\Request), Object(Closure))
#53 F:\\PROJECT\\sourcetree\\NHA_KHOA\\SOURCE\\NK_LANOLAY_PAGE\\vendor\\laravel\\framework\\src\\Illuminate\\Routing\\Pipeline.php(53): Illuminate\\Pipeline\\Pipeline->Illuminate\\Pipeline\\{closure}(Object(Illuminate\\Http\\Request))
#54 F:\\PROJECT\\sourcetree\\NHA_KHOA\\SOURCE\\NK_LANOLAY_PAGE\\vendor\\laravel\\framework\\src\\Illuminate\\Foundation\\Http\\Middleware\\CheckForMaintenanceMode.php(62): Illuminate\\Routing\\Pipeline->Illuminate\\Routing\\{closure}(Object(Illuminate\\Http\\Request))
#55 F:\\PROJECT\\sourcetree\\NHA_KHOA\\SOURCE\\NK_LANOLAY_PAGE\\vendor\\laravel\\framework\\src\\Illuminate\\Pipeline\\Pipeline.php(163): Illuminate\\Foundation\\Http\\Middleware\\CheckForMaintenanceMode->handle(Object(Illuminate\\Http\\Request), Object(Closure))
#56 F:\\PROJECT\\sourcetree\\NHA_KHOA\\SOURCE\\NK_LANOLAY_PAGE\\vendor\\laravel\\framework\\src\\Illuminate\\Routing\\Pipeline.php(53): Illuminate\\Pipeline\\Pipeline->Illuminate\\Pipeline\\{closure}(Object(Illuminate\\Http\\Request))
#57 F:\\PROJECT\\sourcetree\\NHA_KHOA\\SOURCE\\NK_LANOLAY_PAGE\\vendor\\laravel\\framework\\src\\Illuminate\\Pipeline\\Pipeline.php(104): Illuminate\\Routing\\Pipeline->Illuminate\\Routing\\{closure}(Object(Illuminate\\Http\\Request))
#58 F:\\PROJECT\\sourcetree\\NHA_KHOA\\SOURCE\\NK_LANOLAY_PAGE\\vendor\\laravel\\framework\\src\\Illuminate\\Foundation\\Http\\Kernel.php(151): Illuminate\\Pipeline\\Pipeline->then(Object(Closure))
#59 F:\\PROJECT\\sourcetree\\NHA_KHOA\\SOURCE\\NK_LANOLAY_PAGE\\vendor\\laravel\\framework\\src\\Illuminate\\Foundation\\Http\\Kernel.php(116): Illuminate\\Foundation\\Http\\Kernel->sendRequestThroughRouter(Object(Illuminate\\Http\\Request))
#60 F:\\PROJECT\\sourcetree\\NHA_KHOA\\SOURCE\\NK_LANOLAY_PAGE\\public\\index.php(56): Illuminate\\Foundation\\Http\\Kernel->handle(Object(Illuminate\\Http\\Request))
#61 F:\\PROJECT\\sourcetree\\NHA_KHOA\\SOURCE\\NK_LANOLAY_PAGE\\server.php(21): require_once('F:\\\\PROJECT\\\\sour...')
#62 {main}
"} 
[2020-03-11 10:41:48] local.ERROR: Undefined variable: number (View: F:\PROJECT\sourcetree\NHA_KHOA\SOURCE\NK_LANOLAY_PAGE\resources\views\client\index.blade.php) {"userId":1,"exception":"[object] (ErrorException(code: 0): Undefined variable: number (View: F:\\PROJECT\\sourcetree\\NHA_KHOA\\SOURCE\\NK_LANOLAY_PAGE\esources\\views\\client\\index.blade.php) at F:\\PROJECT\\sourcetree\\NHA_KHOA\\SOURCE\\NK_LANOLAY_PAGE\\storage\\framework\\views\\5310009c0fecf63d594b96733e598e056c723669.php:78, ErrorException(code: 0): Undefined variable: number at F:\\PROJECT\\sourcetree\\NHA_KHOA\\SOURCE\\NK_LANOLAY_PAGE\\storage\\framework\\views\\5310009c0fecf63d594b96733e598e056c723669.php:78)
[stacktrace]
#0 F:\\PROJECT\\sourcetree\\NHA_KHOA\\SOURCE\\NK_LANOLAY_PAGE\\vendor\\laravel\\framework\\src\\Illuminate\\View\\Engines\\PhpEngine.php(45): Illuminate\\View\\Engines\\CompilerEngine->handleViewException(Object(ErrorException), 1)
#1 F:\\PROJECT\\sourcetree\\NHA_KHOA\\SOURCE\\NK_LANOLAY_PAGE\\vendor\\laravel\\framework\\src\\Illuminate\\View\\Engines\\CompilerEngine.php(59): Illuminate\\View\\Engines\\PhpEngine->evaluatePath('F:\\\\PROJECT\\\\sour...', Array)
#2 F:\\PROJECT\\sourcetree\\NHA_KHOA\\SOURCE\\NK_LANOLAY_PAGE\\vendor\\laravel\\framework\\src\\Illuminate\\View\\View.php(142): Illuminate\\View\\Engines\\CompilerEngine->get('F:\\\\PROJECT\\\\sour...', Array)
#3 F:\\PROJECT\\sourcetree\\NHA_KHOA\\SOURCE\\NK_LANOLAY_PAGE\\vendor\\laravel\\framework\\src\\Illuminate\\View\\View.php(125): Illuminate\\View\\View->getContents()
#4 F:\\PROJECT\\sourcetree\\NHA_KHOA\\SOURCE\\NK_LANOLAY_PAGE\\vendor\\laravel\\framework\\src\\Illuminate\\View\\View.php(90): Illuminate\\View\\View->renderContents()
#5 F:\\PROJECT\\sourcetree\\NHA_KHOA\\SOURCE\\NK_LANOLAY_PAGE\\vendor\\laravel\\framework\\src\\Illuminate\\Http\\Response.php(42): Illuminate\\View\\View->render()
#6 F:\\PROJECT\\sourcetree\\NHA_KHOA\\SOURCE\\NK_LANOLAY_PAGE\\vendor\\symfony\\http-foundation\\Response.php(202): Illuminate\\Http\\Response->setContent(Object(Illuminate\\View\\View))
#7 F:\\PROJECT\\sourcetree\\NHA_KHOA\\SOURCE\\NK_LANOLAY_PAGE\\vendor\\laravel\\framework\\src\\Illuminate\\Routing\\Router.php(748): Symfony\\Component\\HttpFoundation\\Response->__construct(Object(Illuminate\\View\\View))
#8 F:\\PROJECT\\sourcetree\\NHA_KHOA\\SOURCE\\NK_LANOLAY_PAGE\\vendor\\laravel\\framework\\src\\Illuminate\\Routing\\Router.php(720): Illuminate\\Routing\\Router::toResponse(Object(Illuminate\\Http\\Request), Object(Illuminate\\View\\View))
#9 F:\\PROJECT\\sourcetree\\NHA_KHOA\\SOURCE\\NK_LANOLAY_PAGE\\vendor\\laravel\\framework\\src\\Illuminate\\Routing\\Router.php(680): Illuminate\\Routing\\Router->prepareResponse(Object(Illuminate\\Http\\Request), Object(Illuminate\\View\\View))
#10 F:\\PROJECT\\sourcetree\\NHA_KHOA\\SOURCE\\NK_LANOLAY_PAGE\\vendor\\laravel\\framework\\src\\Illuminate\\Routing\\Pipeline.php(30): Illuminate\\Routing\\Router->Illuminate\\Routing\\{closure}(Object(Illuminate\\Http\\Request))
#11 F:\\PROJECT\\sourcetree\\NHA_KHOA\\SOURCE\\NK_LANOLAY_PAGE\\vendor\\laravel\\framework\\src\\Illuminate\\Routing\\Middleware\\SubstituteBindings.php(41): Illuminate\\Routing\\Pipeline->Illuminate\\Routing\\{closure}(Object(Illuminate\\Http\\Request))
#12 F:\\PROJECT\\sourcetree\\NHA_KHOA\\SOURCE\\NK_LANOLAY_PAGE\\vendor\\laravel\\framework\\src\\Illuminate\\Pipeline\\Pipeline.php(163): Illuminate\\Routing\\Middleware\\SubstituteBindings->handle(Object(Illuminate\\Http\\Request), Object(Closure))
#13 F:\\PROJECT\\sourcetree\\NHA_KHOA\\SOURCE\\NK_LANOLAY_PAGE\\vendor\\laravel\\framework\\src\\Illuminate\\Routing\\Pipeline.php(53): Illuminate\\Pipeline\\Pipeline->Illuminate\\Pipeline\\{closure}(Object(Illuminate\\Http\\Request))
#14 F:\\PROJECT\\sourcetree\\NHA_KHOA\\SOURCE\\NK_LANOLAY_PAGE\\vendor\\laravel\\framework\\src\\Illuminate\\Foundation\\Http\\Middleware\\VerifyCsrfToken.php(75): Illuminate\\Routing\\Pipeline->Illuminate\\Routing\\{closure}(Object(Illuminate\\Http\\Request))
#15 F:\\PROJECT\\sourcetree\\NHA_KHOA\\SOURCE\\NK_LANOLAY_PAGE\\vendor\\laravel\\framework\\src\\Illuminate\\Pipeline\\Pipeline.php(163): Illuminate\\Foundation\\Http\\Middleware\\VerifyCsrfToken->handle(Object(Illuminate\\Http\\Request), Object(Closure))
#16 F:\\PROJECT\\sourcetree\\NHA_KHOA\\SOURCE\\NK_LANOLAY_PAGE\\vendor\\laravel\\framework\\src\\Illuminate\\Routing\\Pipeline.php(53): Illuminate\\Pipeline\\Pipeline->Illuminate\\Pipeline\\{closure}(Object(Illuminate\\Http\\Request))
#17 F:\\PROJECT\\sourcetree\\NHA_KHOA\\SOURCE\\NK_LANOLAY_PAGE\\vendor\\laravel\\framework\\src\\Illuminate\\View\\Middleware\\ShareErrorsFromSession.php(49): Illuminate\\Routing\\Pipeline->Illuminate\\Routing\\{closure}(Object(Illuminate\\Http\\Request))
#18 F:\\PROJECT\\sourcetree\\NHA_KHOA\\SOURCE\\NK_LANOLAY_PAGE\\vendor\\laravel\\framework\\src\\Illuminate\\Pipeline\\Pipeline.php(163): Illuminate\\View\\Middleware\\ShareErrorsFromSession->handle(Object(Illuminate\\Http\\Request), Object(Closure))
#19 F:\\PROJECT\\sourcetree\\NHA_KHOA\\SOURCE\\NK_LANOLAY_PAGE\\vendor\\laravel\\framework\\src\\Illuminate\\Routing\\Pipeline.php(53): Illuminate\\Pipeline\\Pipeline->Illuminate\\Pipeline\\{closure}(Object(Illuminate\\Http\\Request))
#20 F:\\PROJECT\\sourcetree\\NHA_KHOA\\SOURCE\\NK_LANOLAY_PAGE\\vendor\\laravel\\framework\\src\\Illuminate\\Session\\Middleware\\StartSession.php(56): Illuminate\\Routing\\Pipeline->Illuminate\\Routing\\{closure}(Object(Illuminate\\Http\\Request))
#21 F:\\PROJECT\\sourcetree\\NHA_KHOA\\SOURCE\\NK_LANOLAY_PAGE\\vendor\\laravel\\framework\\src\\Illuminate\\Pipeline\\Pipeline.php(163): Illuminate\\Session\\Middleware\\StartSession->handle(Object(Illuminate\\Http\\Request), Object(Closure))
#22 F:\\PROJECT\\sourcetree\\NHA_KHOA\\SOURCE\\NK_LANOLAY_PAGE\\vendor\\laravel\\framework\\src\\Illuminate\\Routing\\Pipeline.php(53): Illuminate\\Pipeline\\Pipeline->Illuminate\\Pipeline\\{closure}(Object(Illuminate\\Http\\Request))
#23 F:\\PROJECT\\sourcetree\\NHA_KHOA\\SOURCE\\NK_LANOLAY_PAGE\\vendor\\laravel\\framework\\src\\Illuminate\\Cookie\\Middleware\\AddQueuedCookiesToResponse.php(37): Illuminate\\Routing\\Pipeline->Illuminate\\Routing\\{closure}(Object(Illuminate\\Http\\Request))
#24 F:\\PROJECT\\sourcetree\\NHA_KHOA\\SOURCE\\NK_LANOLAY_PAGE\\vendor\\laravel\\framework\\src\\Illuminate\\Pipeline\\Pipeline.php(163): Illuminate\\Cookie\\Middleware\\AddQueuedCookiesToResponse->handle(Object(Illuminate\\Http\\Request), Object(Closure))
#25 F:\\PROJECT\\sourcetree\\NHA_KHOA\\SOURCE\\NK_LANOLAY_PAGE\\vendor\\laravel\\framework\\src\\Illuminate\\Routing\\Pipeline.php(53): Illuminate\\Pipeline\\Pipeline->Illuminate\\Pipeline\\{closure}(Object(Illuminate\\Http\\Request))
#26 F:\\PROJECT\\sourcetree\\NHA_KHOA\\SOURCE\\NK_LANOLAY_PAGE\\vendor\\laravel\\framework\\src\\Illuminate\\Cookie\\Middleware\\EncryptCookies.php(66): Illuminate\\Routing\\Pipeline->Illuminate\\Routing\\{closure}(Object(Illuminate\\Http\\Request))
#27 F:\\PROJECT\\sourcetree\\NHA_KHOA\\SOURCE\\NK_LANOLAY_PAGE\\vendor\\laravel\\framework\\src\\Illuminate\\Pipeline\\Pipeline.php(163): Illuminate\\Cookie\\Middleware\\EncryptCookies->handle(Object(Illuminate\\Http\\Request), Object(Closure))
#28 F:\\PROJECT\\sourcetree\\NHA_KHOA\\SOURCE\\NK_LANOLAY_PAGE\\vendor\\laravel\\framework\\src\\Illuminate\\Routing\\Pipeline.php(53): Illuminate\\Pipeline\\Pipeline->Illuminate\\Pipeline\\{closure}(Object(Illuminate\\Http\\Request))
#29 F:\\PROJECT\\sourcetree\\NHA_KHOA\\SOURCE\\NK_LANOLAY_PAGE\\vendor\\laravel\\framework\\src\\Illuminate\\Pipeline\\Pipeline.php(104): Illuminate\\Routing\\Pipeline->Illuminate\\Routing\\{closure}(Object(Illuminate\\Http\\Request))
#30 F:\\PROJECT\\sourcetree\\NHA_KHOA\\SOURCE\\NK_LANOLAY_PAGE\\vendor\\laravel\\framework\\src\\Illuminate\\Routing\\Router.php(682): Illuminate\\Pipeline\\Pipeline->then(Object(Closure))
#31 F:\\PROJECT\\sourcetree\\NHA_KHOA\\SOURCE\\NK_LANOLAY_PAGE\\vendor\\laravel\\framework\\src\\Illuminate\\Routing\\Router.php(657): Illuminate\\Routing\\Router->runRouteWithinStack(Object(Illuminate\\Routing\\Route), Object(Illuminate\\Http\\Request))
#32 F:\\PROJECT\\sourcetree\\NHA_KHOA\\SOURCE\\NK_LANOLAY_PAGE\\vendor\\laravel\\framework\\src\\Illuminate\\Routing\\Router.php(623): Illuminate\\Routing\\Router->runRoute(Object(Illuminate\\Http\\Request), Object(Illuminate\\Routing\\Route))
#33 F:\\PROJECT\\sourcetree\\NHA_KHOA\\SOURCE\\NK_LANOLAY_PAGE\\vendor\\laravel\\framework\\src\\Illuminate\\Routing\\Router.php(612): Illuminate\\Routing\\Router->dispatchToRoute(Object(Illuminate\\Http\\Request))
#34 F:\\PROJECT\\sourcetree\\NHA_KHOA\\SOURCE\\NK_LANOLAY_PAGE\\vendor\\laravel\\framework\\src\\Illuminate\\Foundation\\Http\\Kernel.php(176): Illuminate\\Routing\\Router->dispatch(Object(Illuminate\\Http\\Request))
#35 F:\\PROJECT\\sourcetree\\NHA_KHOA\\SOURCE\\NK_LANOLAY_PAGE\\vendor\\laravel\\framework\\src\\Illuminate\\Routing\\Pipeline.php(30): Illuminate\\Foundation\\Http\\Kernel->Illuminate\\Foundation\\Http\\{closure}(Object(Illuminate\\Http\\Request))
#36 F:\\PROJECT\\sourcetree\\NHA_KHOA\\SOURCE\\NK_LANOLAY_PAGE\\vendor\\barryvdh\\laravel-debugbar\\src\\Middleware\\InjectDebugbar.php(65): Illuminate\\Routing\\Pipeline->Illuminate\\Routing\\{closure}(Object(Illuminate\\Http\\Request))
#37 F:\\PROJECT\\sourcetree\\NHA_KHOA\\SOURCE\\NK_LANOLAY_PAGE\\vendor\\laravel\\framework\\src\\Illuminate\\Pipeline\\Pipeline.php(163): Barryvdh\\Debugbar\\Middleware\\InjectDebugbar->handle(Object(Illuminate\\Http\\Request), Object(Closure))
#38 F:\\PROJECT\\sourcetree\\NHA_KHOA\\SOURCE\\NK_LANOLAY_PAGE\\vendor\\laravel\\framework\\src\\Illuminate\\Routing\\Pipeline.php(53): Illuminate\\Pipeline\\Pipeline->Illuminate\\Pipeline\\{closure}(Object(Illuminate\\Http\\Request))
#39 F:\\PROJECT\\sourcetree\\NHA_KHOA\\SOURCE\\NK_LANOLAY_PAGE\\vendor\\ecrmnn\\laravel-https\\src\\Http\\Middleware\\ForceHttps.php(27): Illuminate\\Routing\\Pipeline->Illuminate\\Routing\\{closure}(Object(Illuminate\\Http\\Request))
#40 F:\\PROJECT\\sourcetree\\NHA_KHOA\\SOURCE\\NK_LANOLAY_PAGE\\vendor\\laravel\\framework\\src\\Illuminate\\Pipeline\\Pipeline.php(163): Ecrmnn\\LaravelHttps\\Http\\Middleware\\ForceHttps->handle(Object(Illuminate\\Http\\Request), Object(Closure))
#41 F:\\PROJECT\\sourcetree\\NHA_KHOA\\SOURCE\\NK_LANOLAY_PAGE\\vendor\\laravel\\framework\\src\\Illuminate\\Routing\\Pipeline.php(53): Illuminate\\Pipeline\\Pipeline->Illuminate\\Pipeline\\{closure}(Object(Illuminate\\Http\\Request))
#42 F:\\PROJECT\\sourcetree\\NHA_KHOA\\SOURCE\\NK_LANOLAY_PAGE\\vendor\\fideloper\\proxy\\src\\TrustProxies.php(57): Illuminate\\Routing\\Pipeline->Illuminate\\Routing\\{closure}(Object(Illuminate\\Http\\Request))
#43 F:\\PROJECT\\sourcetree\\NHA_KHOA\\SOURCE\\NK_LANOLAY_PAGE\\vendor\\laravel\\framework\\src\\Illuminate\\Pipeline\\Pipeline.php(163): Fideloper\\Proxy\\TrustProxies->handle(Object(Illuminate\\Http\\Request), Object(Closure))
#44 F:\\PROJECT\\sourcetree\\NHA_KHOA\\SOURCE\\NK_LANOLAY_PAGE\\vendor\\laravel\\framework\\src\\Illuminate\\Routing\\Pipeline.php(53): Illuminate\\Pipeline\\Pipeline->Illuminate\\Pipeline\\{closure}(Object(Illuminate\\Http\\Request))
#45 F:\\PROJECT\\sourcetree\\NHA_KHOA\\SOURCE\\NK_LANOLAY_PAGE\\vendor\\laravel\\framework\\src\\Illuminate\\Foundation\\Http\\Middleware\\TransformsRequest.php(21): Illuminate\\Routing\\Pipeline->Illuminate\\Routing\\{closure}(Object(Illuminate\\Http\\Request))
#46 F:\\PROJECT\\sourcetree\\NHA_KHOA\\SOURCE\\NK_LANOLAY_PAGE\\vendor\\laravel\\framework\\src\\Illuminate\\Pipeline\\Pipeline.php(163): Illuminate\\Foundation\\Http\\Middleware\\TransformsRequest->handle(Object(Illuminate\\Http\\Request), Object(Closure))
#47 F:\\PROJECT\\sourcetree\\NHA_KHOA\\SOURCE\\NK_LANOLAY_PAGE\\vendor\\laravel\\framework\\src\\Illuminate\\Routing\\Pipeline.php(53): Illuminate\\Pipeline\\Pipeline->Illuminate\\Pipeline\\{closure}(Object(Illuminate\\Http\\Request))
#48 F:\\PROJECT\\sourcetree\\NHA_KHOA\\SOURCE\\NK_LANOLAY_PAGE\\vendor\\laravel\\framework\\src\\Illuminate\\Foundation\\Http\\Middleware\\TransformsRequest.php(21): Illuminate\\Routing\\Pipeline->Illuminate\\Routing\\{closure}(Object(Illuminate\\Http\\Request))
#49 F:\\PROJECT\\sourcetree\\NHA_KHOA\\SOURCE\\NK_LANOLAY_PAGE\\vendor\\laravel\\framework\\src\\Illuminate\\Pipeline\\Pipeline.php(163): Illuminate\\Foundation\\Http\\Middleware\\TransformsRequest->handle(Object(Illuminate\\Http\\Request), Object(Closure))
#50 F:\\PROJECT\\sourcetree\\NHA_KHOA\\SOURCE\\NK_LANOLAY_PAGE\\vendor\\laravel\\framework\\src\\Illuminate\\Routing\\Pipeline.php(53): Illuminate\\Pipeline\\Pipeline->Illuminate\\Pipeline\\{closure}(Object(Illuminate\\Http\\Request))
#51 F:\\PROJECT\\sourcetree\\NHA_KHOA\\SOURCE\\NK_LANOLAY_PAGE\\vendor\\laravel\\framework\\src\\Illuminate\\Foundation\\Http\\Middleware\\ValidatePostSize.php(27): Illuminate\\Routing\\Pipeline->Illuminate\\Routing\\{closure}(Object(Illuminate\\Http\\Request))
#52 F:\\PROJECT\\sourcetree\\NHA_KHOA\\SOURCE\\NK_LANOLAY_PAGE\\vendor\\laravel\\framework\\src\\Illuminate\\Pipeline\\Pipeline.php(163): Illuminate\\Foundation\\Http\\Middleware\\ValidatePostSize->handle(Object(Illuminate\\Http\\Request), Object(Closure))
#53 F:\\PROJECT\\sourcetree\\NHA_KHOA\\SOURCE\\NK_LANOLAY_PAGE\\vendor\\laravel\\framework\\src\\Illuminate\\Routing\\Pipeline.php(53): Illuminate\\Pipeline\\Pipeline->Illuminate\\Pipeline\\{closure}(Object(Illuminate\\Http\\Request))
#54 F:\\PROJECT\\sourcetree\\NHA_KHOA\\SOURCE\\NK_LANOLAY_PAGE\\vendor\\laravel\\framework\\src\\Illuminate\\Foundation\\Http\\Middleware\\CheckForMaintenanceMode.php(62): Illuminate\\Routing\\Pipeline->Illuminate\\Routing\\{closure}(Object(Illuminate\\Http\\Request))
#55 F:\\PROJECT\\sourcetree\\NHA_KHOA\\SOURCE\\NK_LANOLAY_PAGE\\vendor\\laravel\\framework\\src\\Illuminate\\Pipeline\\Pipeline.php(163): Illuminate\\Foundation\\Http\\Middleware\\CheckForMaintenanceMode->handle(Object(Illuminate\\Http\\Request), Object(Closure))
#56 F:\\PROJECT\\sourcetree\\NHA_KHOA\\SOURCE\\NK_LANOLAY_PAGE\\vendor\\laravel\\framework\\src\\Illuminate\\Routing\\Pipeline.php(53): Illuminate\\Pipeline\\Pipeline->Illuminate\\Pipeline\\{closure}(Object(Illuminate\\Http\\Request))
#57 F:\\PROJECT\\sourcetree\\NHA_KHOA\\SOURCE\\NK_LANOLAY_PAGE\\vendor\\laravel\\framework\\src\\Illuminate\\Pipeline\\Pipeline.php(104): Illuminate\\Routing\\Pipeline->Illuminate\\Routing\\{closure}(Object(Illuminate\\Http\\Request))
#58 F:\\PROJECT\\sourcetree\\NHA_KHOA\\SOURCE\\NK_LANOLAY_PAGE\\vendor\\laravel\\framework\\src\\Illuminate\\Foundation\\Http\\Kernel.php(151): Illuminate\\Pipeline\\Pipeline->then(Object(Closure))
#59 F:\\PROJECT\\sourcetree\\NHA_KHOA\\SOURCE\\NK_LANOLAY_PAGE\\vendor\\laravel\\framework\\src\\Illuminate\\Foundation\\Http\\Kernel.php(116): Illuminate\\Foundation\\Http\\Kernel->sendRequestThroughRouter(Object(Illuminate\\Http\\Request))
#60 F:\\PROJECT\\sourcetree\\NHA_KHOA\\SOURCE\\NK_LANOLAY_PAGE\\public\\index.php(56): Illuminate\\Foundation\\Http\\Kernel->handle(Object(Illuminate\\Http\\Request))
#61 F:\\PROJECT\\sourcetree\\NHA_KHOA\\SOURCE\\NK_LANOLAY_PAGE\\server.php(21): require_once('F:\\\\PROJECT\\\\sour...')
#62 {main}
"} 
