[2020-06-24 04:16:18] local.ERROR: Empty row packet body (SQL: select * from `products` where `is_active` = on order by `views` desc, `id` desc) {"exception":"[object] (Illuminate\\Database\\QueryException(code: 0): Empty row packet body (SQL: select * from `products` where `is_active` = on order by `views` desc, `id` desc) at F:\\PROJECT\\sourcetree\\THANH_AN_GROUP\\SOURCE\\THANH_AN_WEB\\vendor\\laravel\\framework\\src\\Illuminate\\Database\\Connection.php:664, ErrorException(code: 0): Empty row packet body at F:\\PROJECT\\sourcetree\\THANH_AN_GROUP\\SOURCE\\THANH_AN_WEB\\vendor\\doctrine\\dbal\\lib\\Doctrine\\DBAL\\Driver\\PDOStatement.php:117)
[stacktrace]
#0 F:\\PROJECT\\sourcetree\\THANH_AN_GROUP\\SOURCE\\THANH_AN_WEB\\vendor\\laravel\\framework\\src\\Illuminate\\Database\\Connection.php(624): Illuminate\\Database\\Connection->runQueryCallback('select * from `...', Array, Object(Closure))
#1 F:\\PROJECT\\sourcetree\\THANH_AN_GROUP\\SOURCE\\THANH_AN_WEB\\vendor\\laravel\\framework\\src\\Illuminate\\Database\\Connection.php(333): Illuminate\\Database\\Connection->run('select * from `...', Array, Object(Closure))
#2 F:\\PROJECT\\sourcetree\\THANH_AN_GROUP\\SOURCE\\THANH_AN_WEB\\vendor\\laravel\\framework\\src\\Illuminate\\Database\\Query\\Builder.php(2130): Illuminate\\Database\\Connection->select('select * from `...', Array, true)
#3 F:\\PROJECT\\sourcetree\\THANH_AN_GROUP\\SOURCE\\THANH_AN_WEB\\vendor\\laravel\\framework\\src\\Illuminate\\Database\\Query\\Builder.php(2118): Illuminate\\Database\\Query\\Builder->runSelect()
#4 F:\\PROJECT\\sourcetree\\THANH_AN_GROUP\\SOURCE\\THANH_AN_WEB\\vendor\\laravel\\framework\\src\\Illuminate\\Database\\Query\\Builder.php(2604): Illuminate\\Database\\Query\\Builder->Illuminate\\Database\\Query\\{closure}()
#5 F:\\PROJECT\\sourcetree\\THANH_AN_GROUP\\SOURCE\\THANH_AN_WEB\\vendor\\laravel\\framework\\src\\Illuminate\\Database\\Query\\Builder.php(2119): Illuminate\\Database\\Query\\Builder->onceWithColumns(Array, Object(Closure))
#6 F:\\PROJECT\\sourcetree\\THANH_AN_GROUP\\SOURCE\\THANH_AN_WEB\\vendor\\laravel\\framework\\src\\Illuminate\\Database\\Eloquent\\Builder.php(521): Illuminate\\Database\\Query\\Builder->get(Array)
#7 F:\\PROJECT\\sourcetree\\THANH_AN_GROUP\\SOURCE\\THANH_AN_WEB\\vendor\\laravel\\framework\\src\\Illuminate\\Database\\Eloquent\\Builder.php(505): Illuminate\\Database\\Eloquent\\Builder->getModels(Array)
#8 F:\\PROJECT\\sourcetree\\THANH_AN_GROUP\\SOURCE\\THANH_AN_WEB\\app\\Product.php(72): Illuminate\\Database\\Eloquent\\Builder->get()
#9 F:\\PROJECT\\sourcetree\\THANH_AN_GROUP\\SOURCE\\THANH_AN_WEB\\vendor\\laravel\\framework\\src\\Illuminate\\Cache\\Repository.php(383): App\\Product::App\\{closure}()
#10 F:\\PROJECT\\sourcetree\\THANH_AN_GROUP\\SOURCE\\THANH_AN_WEB\\vendor\\laravel\\framework\\src\\Illuminate\\Cache\\CacheManager.php(357): Illuminate\\Cache\\Repository->remember('products', 60, Object(Closure))
#11 F:\\PROJECT\\sourcetree\\THANH_AN_GROUP\\SOURCE\\THANH_AN_WEB\\vendor\\laravel\\framework\\src\\Illuminate\\Support\\Facades\\Facade.php(239): Illuminate\\Cache\\CacheManager->__call('remember', Array)
#12 F:\\PROJECT\\sourcetree\\THANH_AN_GROUP\\SOURCE\\THANH_AN_WEB\\app\\Product.php(73): Illuminate\\Support\\Facades\\Facade::__callStatic('remember', Array)
#13 F:\\PROJECT\\sourcetree\\THANH_AN_GROUP\\SOURCE\\THANH_AN_WEB\\app\\Providers\\AppServiceProvider.php(59): App\\Product::getData()
#14 [internal function]: App\\Providers\\AppServiceProvider->boot()
#15 F:\\PROJECT\\sourcetree\\THANH_AN_GROUP\\SOURCE\\THANH_AN_WEB\\vendor\\laravel\\framework\\src\\Illuminate\\Container\\BoundMethod.php(32): call_user_func_array(Array, Array)
#16 F:\\PROJECT\\sourcetree\\THANH_AN_GROUP\\SOURCE\\THANH_AN_WEB\\vendor\\laravel\\framework\\src\\Illuminate\\Container\\BoundMethod.php(90): Illuminate\\Container\\BoundMethod::Illuminate\\Container\\{closure}()
#17 F:\\PROJECT\\sourcetree\\THANH_AN_GROUP\\SOURCE\\THANH_AN_WEB\\vendor\\laravel\\framework\\src\\Illuminate\\Container\\BoundMethod.php(34): Illuminate\\Container\\BoundMethod::callBoundMethod(Object(Illuminate\\Foundation\\Application), Array, Object(Closure))
#18 F:\\PROJECT\\sourcetree\\THANH_AN_GROUP\\SOURCE\\THANH_AN_WEB\\vendor\\laravel\\framework\\src\\Illuminate\\Container\\Container.php(576): Illuminate\\Container\\BoundMethod::call(Object(Illuminate\\Foundation\\Application), Array, Array, NULL)
#19 F:\\PROJECT\\sourcetree\\THANH_AN_GROUP\\SOURCE\\THANH_AN_WEB\\vendor\\laravel\\framework\\src\\Illuminate\\Foundation\\Application.php(827): Illuminate\\Container\\Container->call(Array)
#20 F:\\PROJECT\\sourcetree\\THANH_AN_GROUP\\SOURCE\\THANH_AN_WEB\\vendor\\laravel\\framework\\src\\Illuminate\\Foundation\\Application.php(810): Illuminate\\Foundation\\Application->bootProvider(Object(App\\Providers\\AppServiceProvider))
#21 [internal function]: Illuminate\\Foundation\\Application->Illuminate\\Foundation\\{closure}(Object(App\\Providers\\AppServiceProvider), 22)
#22 F:\\PROJECT\\sourcetree\\THANH_AN_GROUP\\SOURCE\\THANH_AN_WEB\\vendor\\laravel\\framework\\src\\Illuminate\\Foundation\\Application.php(811): array_walk(Array, Object(Closure))
#23 F:\\PROJECT\\sourcetree\\THANH_AN_GROUP\\SOURCE\\THANH_AN_WEB\\vendor\\laravel\\framework\\src\\Illuminate\\Foundation\\Bootstrap\\BootProviders.php(17): Illuminate\\Foundation\\Application->boot()
#24 F:\\PROJECT\\sourcetree\\THANH_AN_GROUP\\SOURCE\\THANH_AN_WEB\\vendor\\laravel\\framework\\src\\Illuminate\\Foundation\\Application.php(210): Illuminate\\Foundation\\Bootstrap\\BootProviders->bootstrap(Object(Illuminate\\Foundation\\Application))
#25 F:\\PROJECT\\sourcetree\\THANH_AN_GROUP\\SOURCE\\THANH_AN_WEB\\vendor\\laravel\\framework\\src\\Illuminate\\Foundation\\Console\\Kernel.php(322): Illuminate\\Foundation\\Application->bootstrapWith(Array)
#26 F:\\PROJECT\\sourcetree\\THANH_AN_GROUP\\SOURCE\\THANH_AN_WEB\\vendor\\laravel\\framework\\src\\Illuminate\\Foundation\\Console\\Kernel.php(131): Illuminate\\Foundation\\Console\\Kernel->bootstrap()
#27 F:\\PROJECT\\sourcetree\\THANH_AN_GROUP\\SOURCE\\THANH_AN_WEB\\artisan(37): Illuminate\\Foundation\\Console\\Kernel->handle(Object(Symfony\\Component\\Console\\Input\\ArgvInput), Object(Symfony\\Component\\Console\\Output\\ConsoleOutput))
#28 {main}
"} 
