[2020-04-19 03:42:53] local.ERROR: Maximum execution time of 60 seconds exceeded {"exception":"[object] (Symfony\\Component\\Debug\\Exception\\FatalErrorException(code: 1): Maximum execution time of 60 seconds exceeded at F:\\PROJECT\\sourcetree\\THANH_AN_GROUP\\SOURCE\\THANH_AN_WEB\\vendor\\doctrine\\dbal\\lib\\Doctrine\\DBAL\\Driver\\PDOStatement.php:117)
[stacktrace]
#0 F:\\PROJECT\\sourcetree\\THANH_AN_GROUP\\SOURCE\\THANH_AN_WEB\\vendor\\laravel\\framework\\src\\Illuminate\\Foundation\\Bootstrap\\HandleExceptions.php(148): Symfony\\Component\\Debug\\Exception\\FatalErrorException->__construct()
#1 F:\\PROJECT\\sourcetree\\THANH_AN_GROUP\\SOURCE\\THANH_AN_WEB\\vendor\\laravel\\framework\\src\\Illuminate\\Foundation\\Bootstrap\\HandleExceptions.php(134): Illuminate\\Foundation\\Bootstrap\\HandleExceptions->fatalExceptionFromError()
#2 F:\\PROJECT\\sourcetree\\THANH_AN_GROUP\\SOURCE\\THANH_AN_WEB\\vendor\\laravel\\framework\\src\\Illuminate\\Foundation\\Bootstrap\\HandleExceptions.php(0): Illuminate\\Foundation\\Bootstrap\\HandleExceptions->handleShutdown()
#3 F:\\PROJECT\\sourcetree\\THANH_AN_GROUP\\SOURCE\\THANH_AN_WEB\\vendor\\laravel\\framework\\src\\Illuminate\\Database\\Connection.php(330): Doctrine\\DBAL\\Driver\\PDOStatement->execute()
#4 F:\\PROJECT\\sourcetree\\THANH_AN_GROUP\\SOURCE\\THANH_AN_WEB\\vendor\\laravel\\framework\\src\\Illuminate\\Database\\Connection.php(657): Illuminate\\Database\\MySqlConnection->Illuminate\\Database\\{closure}()
#5 F:\\PROJECT\\sourcetree\\THANH_AN_GROUP\\SOURCE\\THANH_AN_WEB\\vendor\\laravel\\framework\\src\\Illuminate\\Database\\Connection.php(624): Illuminate\\Database\\MySqlConnection->runQueryCallback()
#6 F:\\PROJECT\\sourcetree\\THANH_AN_GROUP\\SOURCE\\THANH_AN_WEB\\vendor\\laravel\\framework\\src\\Illuminate\\Database\\Connection.php(333): Illuminate\\Database\\MySqlConnection->run()
#7 F:\\PROJECT\\sourcetree\\THANH_AN_GROUP\\SOURCE\\THANH_AN_WEB\\vendor\\laravel\\framework\\src\\Illuminate\\Database\\Query\\Builder.php(2130): Illuminate\\Database\\MySqlConnection->select()
#8 F:\\PROJECT\\sourcetree\\THANH_AN_GROUP\\SOURCE\\THANH_AN_WEB\\vendor\\laravel\\framework\\src\\Illuminate\\Database\\Query\\Builder.php(2118): Illuminate\\Database\\Query\\Builder->runSelect()
#9 F:\\PROJECT\\sourcetree\\THANH_AN_GROUP\\SOURCE\\THANH_AN_WEB\\vendor\\laravel\\framework\\src\\Illuminate\\Database\\Query\\Builder.php(2604): Illuminate\\Database\\Query\\Builder->Illuminate\\Database\\Query\\{closure}()
#10 F:\\PROJECT\\sourcetree\\THANH_AN_GROUP\\SOURCE\\THANH_AN_WEB\\vendor\\laravel\\framework\\src\\Illuminate\\Database\\Query\\Builder.php(2119): Illuminate\\Database\\Query\\Builder->onceWithColumns()
#11 F:\\PROJECT\\sourcetree\\THANH_AN_GROUP\\SOURCE\\THANH_AN_WEB\\vendor\\laravel\\framework\\src\\Illuminate\\Database\\Eloquent\\Builder.php(521): Illuminate\\Database\\Query\\Builder->get()
#12 F:\\PROJECT\\sourcetree\\THANH_AN_GROUP\\SOURCE\\THANH_AN_WEB\\vendor\\laravel\\framework\\src\\Illuminate\\Database\\Eloquent\\Builder.php(505): Illuminate\\Database\\Eloquent\\Builder->getModels()
#13 F:\\PROJECT\\sourcetree\\THANH_AN_GROUP\\SOURCE\\THANH_AN_WEB\\app\\Product.php(72): Illuminate\\Database\\Eloquent\\Builder->get()
#14 F:\\PROJECT\\sourcetree\\THANH_AN_GROUP\\SOURCE\\THANH_AN_WEB\\vendor\\laravel\\framework\\src\\Illuminate\\Cache\\Repository.php(383): App\\Product::App\\{closure}()
#15 F:\\PROJECT\\sourcetree\\THANH_AN_GROUP\\SOURCE\\THANH_AN_WEB\\vendor\\laravel\\framework\\src\\Illuminate\\Cache\\CacheManager.php(357): Illuminate\\Cache\\Repository->remember()
#16 F:\\PROJECT\\sourcetree\\THANH_AN_GROUP\\SOURCE\\THANH_AN_WEB\\vendor\\laravel\\framework\\src\\Illuminate\\Support\\Facades\\Facade.php(239): Illuminate\\Cache\\CacheManager->__call()
#17 F:\\PROJECT\\sourcetree\\THANH_AN_GROUP\\SOURCE\\THANH_AN_WEB\\vendor\\laravel\\framework\\src\\Illuminate\\Support\\Facades\\Facade.php(239): Illuminate\\Cache\\CacheManager->remember()
#18 F:\\PROJECT\\sourcetree\\THANH_AN_GROUP\\SOURCE\\THANH_AN_WEB\\app\\Product.php(73): Illuminate\\Support\\Facades\\Facade::__callStatic()
#19 F:\\PROJECT\\sourcetree\\THANH_AN_GROUP\\SOURCE\\THANH_AN_WEB\\app\\Product.php(73): Illuminate\\Support\\Facades\\Facade::remember()
#20 F:\\PROJECT\\sourcetree\\THANH_AN_GROUP\\SOURCE\\THANH_AN_WEB\\app\\Providers\\AppServiceProvider.php(56): App\\Product::getData()
#21 F:\\PROJECT\\sourcetree\\THANH_AN_GROUP\\SOURCE\\THANH_AN_WEB\\vendor\\laravel\\framework\\src\\Illuminate\\Container\\BoundMethod.php(32): App\\Providers\\AppServiceProvider->boot()
#22 F:\\PROJECT\\sourcetree\\THANH_AN_GROUP\\SOURCE\\THANH_AN_WEB\\vendor\\laravel\\framework\\src\\Illuminate\\Container\\BoundMethod.php(32): call_user_func_array:{F:\\PROJECT\\sourcetree\\THANH_AN_GROUP\\SOURCE\\THANH_AN_WEB\\vendor\\laravel\\framework\\src\\Illuminate\\Container\\BoundMethod.php:32}()
#23 F:\\PROJECT\\sourcetree\\THANH_AN_GROUP\\SOURCE\\THANH_AN_WEB\\vendor\\laravel\\framework\\src\\Illuminate\\Container\\BoundMethod.php(90): Illuminate\\Container\\BoundMethod::Illuminate\\Container\\{closure}()
#24 F:\\PROJECT\\sourcetree\\THANH_AN_GROUP\\SOURCE\\THANH_AN_WEB\\vendor\\laravel\\framework\\src\\Illuminate\\Container\\BoundMethod.php(34): Illuminate\\Container\\BoundMethod::callBoundMethod()
#25 F:\\PROJECT\\sourcetree\\THANH_AN_GROUP\\SOURCE\\THANH_AN_WEB\\vendor\\laravel\\framework\\src\\Illuminate\\Container\\Container.php(576): Illuminate\\Container\\BoundMethod::call()
#26 F:\\PROJECT\\sourcetree\\THANH_AN_GROUP\\SOURCE\\THANH_AN_WEB\\vendor\\laravel\\framework\\src\\Illuminate\\Foundation\\Application.php(827): Illuminate\\Foundation\\Application->call()
#27 F:\\PROJECT\\sourcetree\\THANH_AN_GROUP\\SOURCE\\THANH_AN_WEB\\vendor\\laravel\\framework\\src\\Illuminate\\Foundation\\Application.php(810): Illuminate\\Foundation\\Application->bootProvider()
#28 F:\\PROJECT\\sourcetree\\THANH_AN_GROUP\\SOURCE\\THANH_AN_WEB\\vendor\\laravel\\framework\\src\\Illuminate\\Foundation\\Application.php(811): Illuminate\\Foundation\\Application->Illuminate\\Foundation\\{closure}()
#29 F:\\PROJECT\\sourcetree\\THANH_AN_GROUP\\SOURCE\\THANH_AN_WEB\\vendor\\laravel\\framework\\src\\Illuminate\\Foundation\\Application.php(811): array_walk()
#30 F:\\PROJECT\\sourcetree\\THANH_AN_GROUP\\SOURCE\\THANH_AN_WEB\\vendor\\laravel\\framework\\src\\Illuminate\\Foundation\\Bootstrap\\BootProviders.php(17): Illuminate\\Foundation\\Application->boot()
#31 F:\\PROJECT\\sourcetree\\THANH_AN_GROUP\\SOURCE\\THANH_AN_WEB\\vendor\\laravel\\framework\\src\\Illuminate\\Foundation\\Application.php(210): Illuminate\\Foundation\\Bootstrap\\BootProviders->bootstrap()
#32 F:\\PROJECT\\sourcetree\\THANH_AN_GROUP\\SOURCE\\THANH_AN_WEB\\vendor\\laravel\\framework\\src\\Illuminate\\Foundation\\Http\\Kernel.php(162): Illuminate\\Foundation\\Application->bootstrapWith()
#33 F:\\PROJECT\\sourcetree\\THANH_AN_GROUP\\SOURCE\\THANH_AN_WEB\\vendor\\laravel\\framework\\src\\Illuminate\\Foundation\\Http\\Kernel.php(146): App\\Http\\Kernel->bootstrap()
#34 F:\\PROJECT\\sourcetree\\THANH_AN_GROUP\\SOURCE\\THANH_AN_WEB\\vendor\\laravel\\framework\\src\\Illuminate\\Foundation\\Http\\Kernel.php(116): App\\Http\\Kernel->sendRequestThroughRouter()
#35 F:\\PROJECT\\sourcetree\\THANH_AN_GROUP\\SOURCE\\THANH_AN_WEB\\public\\index.php(56): App\\Http\\Kernel->handle()
#36 F:\\PROJECT\\sourcetree\\THANH_AN_GROUP\\SOURCE\\THANH_AN_WEB\\server.php(21): ()
#37 F:\\PROJECT\\sourcetree\\THANH_AN_GROUP\\SOURCE\\THANH_AN_WEB\\server.php(0): {main}()
#38 {main}
"} 
[2020-04-19 15:35:59] local.ERROR: Undefined variable: item2 (View: F:\PROJECT\sourcetree\THANH_AN_GROUP\SOURCE\THANH_AN_WEB\resources\views\client\posts.blade.php) {"exception":"[object] (ErrorException(code: 0): Undefined variable: item2 (View: F:\\PROJECT\\sourcetree\\THANH_AN_GROUP\\SOURCE\\THANH_AN_WEB\esources\\views\\client\\posts.blade.php) at F:\\PROJECT\\sourcetree\\THANH_AN_GROUP\\SOURCE\\THANH_AN_WEB\\storage\\framework\\views\\b03cf8e2b0a2637605b55cebf848ab43228496d3.php:129, ErrorException(code: 0): Undefined variable: item2 at F:\\PROJECT\\sourcetree\\THANH_AN_GROUP\\SOURCE\\THANH_AN_WEB\\storage\\framework\\views\\b03cf8e2b0a2637605b55cebf848ab43228496d3.php:129)
[stacktrace]
#0 F:\\PROJECT\\sourcetree\\THANH_AN_GROUP\\SOURCE\\THANH_AN_WEB\\vendor\\laravel\\framework\\src\\Illuminate\\View\\Engines\\PhpEngine.php(45): Illuminate\\View\\Engines\\CompilerEngine->handleViewException(Object(ErrorException), 1)
#1 F:\\PROJECT\\sourcetree\\THANH_AN_GROUP\\SOURCE\\THANH_AN_WEB\\vendor\\laravel\\framework\\src\\Illuminate\\View\\Engines\\CompilerEngine.php(59): Illuminate\\View\\Engines\\PhpEngine->evaluatePath('F:\\\\PROJECT\\\\sour...', Array)
#2 F:\\PROJECT\\sourcetree\\THANH_AN_GROUP\\SOURCE\\THANH_AN_WEB\\vendor\\laravel\\framework\\src\\Illuminate\\View\\View.php(142): Illuminate\\View\\Engines\\CompilerEngine->get('F:\\\\PROJECT\\\\sour...', Array)
#3 F:\\PROJECT\\sourcetree\\THANH_AN_GROUP\\SOURCE\\THANH_AN_WEB\\vendor\\laravel\\framework\\src\\Illuminate\\View\\View.php(125): Illuminate\\View\\View->getContents()
#4 F:\\PROJECT\\sourcetree\\THANH_AN_GROUP\\SOURCE\\THANH_AN_WEB\\vendor\\laravel\\framework\\src\\Illuminate\\View\\View.php(90): Illuminate\\View\\View->renderContents()
#5 F:\\PROJECT\\sourcetree\\THANH_AN_GROUP\\SOURCE\\THANH_AN_WEB\\vendor\\laravel\\framework\\src\\Illuminate\\Http\\Response.php(42): Illuminate\\View\\View->render()
#6 F:\\PROJECT\\sourcetree\\THANH_AN_GROUP\\SOURCE\\THANH_AN_WEB\\vendor\\symfony\\http-foundation\\Response.php(202): Illuminate\\Http\\Response->setContent(Object(Illuminate\\View\\View))
#7 F:\\PROJECT\\sourcetree\\THANH_AN_GROUP\\SOURCE\\THANH_AN_WEB\\vendor\\laravel\\framework\\src\\Illuminate\\Routing\\Router.php(748): Symfony\\Component\\HttpFoundation\\Response->__construct(Object(Illuminate\\View\\View))
#8 F:\\PROJECT\\sourcetree\\THANH_AN_GROUP\\SOURCE\\THANH_AN_WEB\\vendor\\laravel\\framework\\src\\Illuminate\\Routing\\Router.php(720): Illuminate\\Routing\\Router::toResponse(Object(Illuminate\\Http\\Request), Object(Illuminate\\View\\View))
#9 F:\\PROJECT\\sourcetree\\THANH_AN_GROUP\\SOURCE\\THANH_AN_WEB\\vendor\\laravel\\framework\\src\\Illuminate\\Routing\\Router.php(680): Illuminate\\Routing\\Router->prepareResponse(Object(Illuminate\\Http\\Request), Object(Illuminate\\View\\View))
#10 F:\\PROJECT\\sourcetree\\THANH_AN_GROUP\\SOURCE\\THANH_AN_WEB\\vendor\\laravel\\framework\\src\\Illuminate\\Routing\\Pipeline.php(30): Illuminate\\Routing\\Router->Illuminate\\Routing\\{closure}(Object(Illuminate\\Http\\Request))
#11 F:\\PROJECT\\sourcetree\\THANH_AN_GROUP\\SOURCE\\THANH_AN_WEB\\vendor\\laravel\\framework\\src\\Illuminate\\Routing\\Middleware\\SubstituteBindings.php(41): Illuminate\\Routing\\Pipeline->Illuminate\\Routing\\{closure}(Object(Illuminate\\Http\\Request))
#12 F:\\PROJECT\\sourcetree\\THANH_AN_GROUP\\SOURCE\\THANH_AN_WEB\\vendor\\laravel\\framework\\src\\Illuminate\\Pipeline\\Pipeline.php(163): Illuminate\\Routing\\Middleware\\SubstituteBindings->handle(Object(Illuminate\\Http\\Request), Object(Closure))
#13 F:\\PROJECT\\sourcetree\\THANH_AN_GROUP\\SOURCE\\THANH_AN_WEB\\vendor\\laravel\\framework\\src\\Illuminate\\Routing\\Pipeline.php(53): Illuminate\\Pipeline\\Pipeline->Illuminate\\Pipeline\\{closure}(Object(Illuminate\\Http\\Request))
#14 F:\\PROJECT\\sourcetree\\THANH_AN_GROUP\\SOURCE\\THANH_AN_WEB\\vendor\\laravel\\framework\\src\\Illuminate\\Foundation\\Http\\Middleware\\VerifyCsrfToken.php(75): Illuminate\\Routing\\Pipeline->Illuminate\\Routing\\{closure}(Object(Illuminate\\Http\\Request))
#15 F:\\PROJECT\\sourcetree\\THANH_AN_GROUP\\SOURCE\\THANH_AN_WEB\\vendor\\laravel\\framework\\src\\Illuminate\\Pipeline\\Pipeline.php(163): Illuminate\\Foundation\\Http\\Middleware\\VerifyCsrfToken->handle(Object(Illuminate\\Http\\Request), Object(Closure))
#16 F:\\PROJECT\\sourcetree\\THANH_AN_GROUP\\SOURCE\\THANH_AN_WEB\\vendor\\laravel\\framework\\src\\Illuminate\\Routing\\Pipeline.php(53): Illuminate\\Pipeline\\Pipeline->Illuminate\\Pipeline\\{closure}(Object(Illuminate\\Http\\Request))
#17 F:\\PROJECT\\sourcetree\\THANH_AN_GROUP\\SOURCE\\THANH_AN_WEB\\vendor\\laravel\\framework\\src\\Illuminate\\View\\Middleware\\ShareErrorsFromSession.php(49): Illuminate\\Routing\\Pipeline->Illuminate\\Routing\\{closure}(Object(Illuminate\\Http\\Request))
#18 F:\\PROJECT\\sourcetree\\THANH_AN_GROUP\\SOURCE\\THANH_AN_WEB\\vendor\\laravel\\framework\\src\\Illuminate\\Pipeline\\Pipeline.php(163): Illuminate\\View\\Middleware\\ShareErrorsFromSession->handle(Object(Illuminate\\Http\\Request), Object(Closure))
#19 F:\\PROJECT\\sourcetree\\THANH_AN_GROUP\\SOURCE\\THANH_AN_WEB\\vendor\\laravel\\framework\\src\\Illuminate\\Routing\\Pipeline.php(53): Illuminate\\Pipeline\\Pipeline->Illuminate\\Pipeline\\{closure}(Object(Illuminate\\Http\\Request))
#20 F:\\PROJECT\\sourcetree\\THANH_AN_GROUP\\SOURCE\\THANH_AN_WEB\\vendor\\laravel\\framework\\src\\Illuminate\\Session\\Middleware\\StartSession.php(56): Illuminate\\Routing\\Pipeline->Illuminate\\Routing\\{closure}(Object(Illuminate\\Http\\Request))
#21 F:\\PROJECT\\sourcetree\\THANH_AN_GROUP\\SOURCE\\THANH_AN_WEB\\vendor\\laravel\\framework\\src\\Illuminate\\Pipeline\\Pipeline.php(163): Illuminate\\Session\\Middleware\\StartSession->handle(Object(Illuminate\\Http\\Request), Object(Closure))
#22 F:\\PROJECT\\sourcetree\\THANH_AN_GROUP\\SOURCE\\THANH_AN_WEB\\vendor\\laravel\\framework\\src\\Illuminate\\Routing\\Pipeline.php(53): Illuminate\\Pipeline\\Pipeline->Illuminate\\Pipeline\\{closure}(Object(Illuminate\\Http\\Request))
#23 F:\\PROJECT\\sourcetree\\THANH_AN_GROUP\\SOURCE\\THANH_AN_WEB\\vendor\\laravel\\framework\\src\\Illuminate\\Cookie\\Middleware\\AddQueuedCookiesToResponse.php(37): Illuminate\\Routing\\Pipeline->Illuminate\\Routing\\{closure}(Object(Illuminate\\Http\\Request))
#24 F:\\PROJECT\\sourcetree\\THANH_AN_GROUP\\SOURCE\\THANH_AN_WEB\\vendor\\laravel\\framework\\src\\Illuminate\\Pipeline\\Pipeline.php(163): Illuminate\\Cookie\\Middleware\\AddQueuedCookiesToResponse->handle(Object(Illuminate\\Http\\Request), Object(Closure))
#25 F:\\PROJECT\\sourcetree\\THANH_AN_GROUP\\SOURCE\\THANH_AN_WEB\\vendor\\laravel\\framework\\src\\Illuminate\\Routing\\Pipeline.php(53): Illuminate\\Pipeline\\Pipeline->Illuminate\\Pipeline\\{closure}(Object(Illuminate\\Http\\Request))
#26 F:\\PROJECT\\sourcetree\\THANH_AN_GROUP\\SOURCE\\THANH_AN_WEB\\vendor\\laravel\\framework\\src\\Illuminate\\Cookie\\Middleware\\EncryptCookies.php(66): Illuminate\\Routing\\Pipeline->Illuminate\\Routing\\{closure}(Object(Illuminate\\Http\\Request))
#27 F:\\PROJECT\\sourcetree\\THANH_AN_GROUP\\SOURCE\\THANH_AN_WEB\\vendor\\laravel\\framework\\src\\Illuminate\\Pipeline\\Pipeline.php(163): Illuminate\\Cookie\\Middleware\\EncryptCookies->handle(Object(Illuminate\\Http\\Request), Object(Closure))
#28 F:\\PROJECT\\sourcetree\\THANH_AN_GROUP\\SOURCE\\THANH_AN_WEB\\vendor\\laravel\\framework\\src\\Illuminate\\Routing\\Pipeline.php(53): Illuminate\\Pipeline\\Pipeline->Illuminate\\Pipeline\\{closure}(Object(Illuminate\\Http\\Request))
#29 F:\\PROJECT\\sourcetree\\THANH_AN_GROUP\\SOURCE\\THANH_AN_WEB\\vendor\\laravel\\framework\\src\\Illuminate\\Pipeline\\Pipeline.php(104): Illuminate\\Routing\\Pipeline->Illuminate\\Routing\\{closure}(Object(Illuminate\\Http\\Request))
#30 F:\\PROJECT\\sourcetree\\THANH_AN_GROUP\\SOURCE\\THANH_AN_WEB\\vendor\\laravel\\framework\\src\\Illuminate\\Routing\\Router.php(682): Illuminate\\Pipeline\\Pipeline->then(Object(Closure))
#31 F:\\PROJECT\\sourcetree\\THANH_AN_GROUP\\SOURCE\\THANH_AN_WEB\\vendor\\laravel\\framework\\src\\Illuminate\\Routing\\Router.php(657): Illuminate\\Routing\\Router->runRouteWithinStack(Object(Illuminate\\Routing\\Route), Object(Illuminate\\Http\\Request))
#32 F:\\PROJECT\\sourcetree\\THANH_AN_GROUP\\SOURCE\\THANH_AN_WEB\\vendor\\laravel\\framework\\src\\Illuminate\\Routing\\Router.php(623): Illuminate\\Routing\\Router->runRoute(Object(Illuminate\\Http\\Request), Object(Illuminate\\Routing\\Route))
#33 F:\\PROJECT\\sourcetree\\THANH_AN_GROUP\\SOURCE\\THANH_AN_WEB\\vendor\\laravel\\framework\\src\\Illuminate\\Routing\\Router.php(612): Illuminate\\Routing\\Router->dispatchToRoute(Object(Illuminate\\Http\\Request))
#34 F:\\PROJECT\\sourcetree\\THANH_AN_GROUP\\SOURCE\\THANH_AN_WEB\\vendor\\laravel\\framework\\src\\Illuminate\\Foundation\\Http\\Kernel.php(176): Illuminate\\Routing\\Router->dispatch(Object(Illuminate\\Http\\Request))
#35 F:\\PROJECT\\sourcetree\\THANH_AN_GROUP\\SOURCE\\THANH_AN_WEB\\vendor\\laravel\\framework\\src\\Illuminate\\Routing\\Pipeline.php(30): Illuminate\\Foundation\\Http\\Kernel->Illuminate\\Foundation\\Http\\{closure}(Object(Illuminate\\Http\\Request))
#36 F:\\PROJECT\\sourcetree\\THANH_AN_GROUP\\SOURCE\\THANH_AN_WEB\\vendor\\barryvdh\\laravel-debugbar\\src\\Middleware\\InjectDebugbar.php(58): Illuminate\\Routing\\Pipeline->Illuminate\\Routing\\{closure}(Object(Illuminate\\Http\\Request))
#37 F:\\PROJECT\\sourcetree\\THANH_AN_GROUP\\SOURCE\\THANH_AN_WEB\\vendor\\laravel\\framework\\src\\Illuminate\\Pipeline\\Pipeline.php(163): Barryvdh\\Debugbar\\Middleware\\InjectDebugbar->handle(Object(Illuminate\\Http\\Request), Object(Closure))
#38 F:\\PROJECT\\sourcetree\\THANH_AN_GROUP\\SOURCE\\THANH_AN_WEB\\vendor\\laravel\\framework\\src\\Illuminate\\Routing\\Pipeline.php(53): Illuminate\\Pipeline\\Pipeline->Illuminate\\Pipeline\\{closure}(Object(Illuminate\\Http\\Request))
#39 F:\\PROJECT\\sourcetree\\THANH_AN_GROUP\\SOURCE\\THANH_AN_WEB\\vendor\\ecrmnn\\laravel-https\\src\\Http\\Middleware\\ForceHttps.php(27): Illuminate\\Routing\\Pipeline->Illuminate\\Routing\\{closure}(Object(Illuminate\\Http\\Request))
#40 F:\\PROJECT\\sourcetree\\THANH_AN_GROUP\\SOURCE\\THANH_AN_WEB\\vendor\\laravel\\framework\\src\\Illuminate\\Pipeline\\Pipeline.php(163): Ecrmnn\\LaravelHttps\\Http\\Middleware\\ForceHttps->handle(Object(Illuminate\\Http\\Request), Object(Closure))
#41 F:\\PROJECT\\sourcetree\\THANH_AN_GROUP\\SOURCE\\THANH_AN_WEB\\vendor\\laravel\\framework\\src\\Illuminate\\Routing\\Pipeline.php(53): Illuminate\\Pipeline\\Pipeline->Illuminate\\Pipeline\\{closure}(Object(Illuminate\\Http\\Request))
#42 F:\\PROJECT\\sourcetree\\THANH_AN_GROUP\\SOURCE\\THANH_AN_WEB\\vendor\\fideloper\\proxy\\src\\TrustProxies.php(57): Illuminate\\Routing\\Pipeline->Illuminate\\Routing\\{closure}(Object(Illuminate\\Http\\Request))
#43 F:\\PROJECT\\sourcetree\\THANH_AN_GROUP\\SOURCE\\THANH_AN_WEB\\vendor\\laravel\\framework\\src\\Illuminate\\Pipeline\\Pipeline.php(163): Fideloper\\Proxy\\TrustProxies->handle(Object(Illuminate\\Http\\Request), Object(Closure))
#44 F:\\PROJECT\\sourcetree\\THANH_AN_GROUP\\SOURCE\\THANH_AN_WEB\\vendor\\laravel\\framework\\src\\Illuminate\\Routing\\Pipeline.php(53): Illuminate\\Pipeline\\Pipeline->Illuminate\\Pipeline\\{closure}(Object(Illuminate\\Http\\Request))
#45 F:\\PROJECT\\sourcetree\\THANH_AN_GROUP\\SOURCE\\THANH_AN_WEB\\vendor\\laravel\\framework\\src\\Illuminate\\Foundation\\Http\\Middleware\\TransformsRequest.php(21): Illuminate\\Routing\\Pipeline->Illuminate\\Routing\\{closure}(Object(Illuminate\\Http\\Request))
#46 F:\\PROJECT\\sourcetree\\THANH_AN_GROUP\\SOURCE\\THANH_AN_WEB\\vendor\\laravel\\framework\\src\\Illuminate\\Pipeline\\Pipeline.php(163): Illuminate\\Foundation\\Http\\Middleware\\TransformsRequest->handle(Object(Illuminate\\Http\\Request), Object(Closure))
#47 F:\\PROJECT\\sourcetree\\THANH_AN_GROUP\\SOURCE\\THANH_AN_WEB\\vendor\\laravel\\framework\\src\\Illuminate\\Routing\\Pipeline.php(53): Illuminate\\Pipeline\\Pipeline->Illuminate\\Pipeline\\{closure}(Object(Illuminate\\Http\\Request))
#48 F:\\PROJECT\\sourcetree\\THANH_AN_GROUP\\SOURCE\\THANH_AN_WEB\\vendor\\laravel\\framework\\src\\Illuminate\\Foundation\\Http\\Middleware\\TransformsRequest.php(21): Illuminate\\Routing\\Pipeline->Illuminate\\Routing\\{closure}(Object(Illuminate\\Http\\Request))
#49 F:\\PROJECT\\sourcetree\\THANH_AN_GROUP\\SOURCE\\THANH_AN_WEB\\vendor\\laravel\\framework\\src\\Illuminate\\Pipeline\\Pipeline.php(163): Illuminate\\Foundation\\Http\\Middleware\\TransformsRequest->handle(Object(Illuminate\\Http\\Request), Object(Closure))
#50 F:\\PROJECT\\sourcetree\\THANH_AN_GROUP\\SOURCE\\THANH_AN_WEB\\vendor\\laravel\\framework\\src\\Illuminate\\Routing\\Pipeline.php(53): Illuminate\\Pipeline\\Pipeline->Illuminate\\Pipeline\\{closure}(Object(Illuminate\\Http\\Request))
#51 F:\\PROJECT\\sourcetree\\THANH_AN_GROUP\\SOURCE\\THANH_AN_WEB\\vendor\\laravel\\framework\\src\\Illuminate\\Foundation\\Http\\Middleware\\ValidatePostSize.php(27): Illuminate\\Routing\\Pipeline->Illuminate\\Routing\\{closure}(Object(Illuminate\\Http\\Request))
#52 F:\\PROJECT\\sourcetree\\THANH_AN_GROUP\\SOURCE\\THANH_AN_WEB\\vendor\\laravel\\framework\\src\\Illuminate\\Pipeline\\Pipeline.php(163): Illuminate\\Foundation\\Http\\Middleware\\ValidatePostSize->handle(Object(Illuminate\\Http\\Request), Object(Closure))
#53 F:\\PROJECT\\sourcetree\\THANH_AN_GROUP\\SOURCE\\THANH_AN_WEB\\vendor\\laravel\\framework\\src\\Illuminate\\Routing\\Pipeline.php(53): Illuminate\\Pipeline\\Pipeline->Illuminate\\Pipeline\\{closure}(Object(Illuminate\\Http\\Request))
#54 F:\\PROJECT\\sourcetree\\THANH_AN_GROUP\\SOURCE\\THANH_AN_WEB\\vendor\\laravel\\framework\\src\\Illuminate\\Foundation\\Http\\Middleware\\CheckForMaintenanceMode.php(62): Illuminate\\Routing\\Pipeline->Illuminate\\Routing\\{closure}(Object(Illuminate\\Http\\Request))
#55 F:\\PROJECT\\sourcetree\\THANH_AN_GROUP\\SOURCE\\THANH_AN_WEB\\vendor\\laravel\\framework\\src\\Illuminate\\Pipeline\\Pipeline.php(163): Illuminate\\Foundation\\Http\\Middleware\\CheckForMaintenanceMode->handle(Object(Illuminate\\Http\\Request), Object(Closure))
#56 F:\\PROJECT\\sourcetree\\THANH_AN_GROUP\\SOURCE\\THANH_AN_WEB\\vendor\\laravel\\framework\\src\\Illuminate\\Routing\\Pipeline.php(53): Illuminate\\Pipeline\\Pipeline->Illuminate\\Pipeline\\{closure}(Object(Illuminate\\Http\\Request))
#57 F:\\PROJECT\\sourcetree\\THANH_AN_GROUP\\SOURCE\\THANH_AN_WEB\\vendor\\laravel\\framework\\src\\Illuminate\\Pipeline\\Pipeline.php(104): Illuminate\\Routing\\Pipeline->Illuminate\\Routing\\{closure}(Object(Illuminate\\Http\\Request))
#58 F:\\PROJECT\\sourcetree\\THANH_AN_GROUP\\SOURCE\\THANH_AN_WEB\\vendor\\laravel\\framework\\src\\Illuminate\\Foundation\\Http\\Kernel.php(151): Illuminate\\Pipeline\\Pipeline->then(Object(Closure))
#59 F:\\PROJECT\\sourcetree\\THANH_AN_GROUP\\SOURCE\\THANH_AN_WEB\\vendor\\laravel\\framework\\src\\Illuminate\\Foundation\\Http\\Kernel.php(116): Illuminate\\Foundation\\Http\\Kernel->sendRequestThroughRouter(Object(Illuminate\\Http\\Request))
#60 F:\\PROJECT\\sourcetree\\THANH_AN_GROUP\\SOURCE\\THANH_AN_WEB\\public\\index.php(56): Illuminate\\Foundation\\Http\\Kernel->handle(Object(Illuminate\\Http\\Request))
#61 F:\\PROJECT\\sourcetree\\THANH_AN_GROUP\\SOURCE\\THANH_AN_WEB\\server.php(21): require_once('F:\\\\PROJECT\\\\sour...')
#62 {main}
"} 
[2020-04-19 15:36:13] local.ERROR: Undefined variable: item2 (View: F:\PROJECT\sourcetree\THANH_AN_GROUP\SOURCE\THANH_AN_WEB\resources\views\client\posts.blade.php) {"exception":"[object] (ErrorException(code: 0): Undefined variable: item2 (View: F:\\PROJECT\\sourcetree\\THANH_AN_GROUP\\SOURCE\\THANH_AN_WEB\esources\\views\\client\\posts.blade.php) at F:\\PROJECT\\sourcetree\\THANH_AN_GROUP\\SOURCE\\THANH_AN_WEB\\storage\\framework\\views\\b03cf8e2b0a2637605b55cebf848ab43228496d3.php:129, ErrorException(code: 0): Undefined variable: item2 at F:\\PROJECT\\sourcetree\\THANH_AN_GROUP\\SOURCE\\THANH_AN_WEB\\storage\\framework\\views\\b03cf8e2b0a2637605b55cebf848ab43228496d3.php:129)
[stacktrace]
#0 F:\\PROJECT\\sourcetree\\THANH_AN_GROUP\\SOURCE\\THANH_AN_WEB\\vendor\\laravel\\framework\\src\\Illuminate\\View\\Engines\\PhpEngine.php(45): Illuminate\\View\\Engines\\CompilerEngine->handleViewException(Object(ErrorException), 1)
#1 F:\\PROJECT\\sourcetree\\THANH_AN_GROUP\\SOURCE\\THANH_AN_WEB\\vendor\\laravel\\framework\\src\\Illuminate\\View\\Engines\\CompilerEngine.php(59): Illuminate\\View\\Engines\\PhpEngine->evaluatePath('F:\\\\PROJECT\\\\sour...', Array)
#2 F:\\PROJECT\\sourcetree\\THANH_AN_GROUP\\SOURCE\\THANH_AN_WEB\\vendor\\laravel\\framework\\src\\Illuminate\\View\\View.php(142): Illuminate\\View\\Engines\\CompilerEngine->get('F:\\\\PROJECT\\\\sour...', Array)
#3 F:\\PROJECT\\sourcetree\\THANH_AN_GROUP\\SOURCE\\THANH_AN_WEB\\vendor\\laravel\\framework\\src\\Illuminate\\View\\View.php(125): Illuminate\\View\\View->getContents()
#4 F:\\PROJECT\\sourcetree\\THANH_AN_GROUP\\SOURCE\\THANH_AN_WEB\\vendor\\laravel\\framework\\src\\Illuminate\\View\\View.php(90): Illuminate\\View\\View->renderContents()
#5 F:\\PROJECT\\sourcetree\\THANH_AN_GROUP\\SOURCE\\THANH_AN_WEB\\vendor\\laravel\\framework\\src\\Illuminate\\Http\\Response.php(42): Illuminate\\View\\View->render()
#6 F:\\PROJECT\\sourcetree\\THANH_AN_GROUP\\SOURCE\\THANH_AN_WEB\\vendor\\symfony\\http-foundation\\Response.php(202): Illuminate\\Http\\Response->setContent(Object(Illuminate\\View\\View))
#7 F:\\PROJECT\\sourcetree\\THANH_AN_GROUP\\SOURCE\\THANH_AN_WEB\\vendor\\laravel\\framework\\src\\Illuminate\\Routing\\Router.php(748): Symfony\\Component\\HttpFoundation\\Response->__construct(Object(Illuminate\\View\\View))
#8 F:\\PROJECT\\sourcetree\\THANH_AN_GROUP\\SOURCE\\THANH_AN_WEB\\vendor\\laravel\\framework\\src\\Illuminate\\Routing\\Router.php(720): Illuminate\\Routing\\Router::toResponse(Object(Illuminate\\Http\\Request), Object(Illuminate\\View\\View))
#9 F:\\PROJECT\\sourcetree\\THANH_AN_GROUP\\SOURCE\\THANH_AN_WEB\\vendor\\laravel\\framework\\src\\Illuminate\\Routing\\Router.php(680): Illuminate\\Routing\\Router->prepareResponse(Object(Illuminate\\Http\\Request), Object(Illuminate\\View\\View))
#10 F:\\PROJECT\\sourcetree\\THANH_AN_GROUP\\SOURCE\\THANH_AN_WEB\\vendor\\laravel\\framework\\src\\Illuminate\\Routing\\Pipeline.php(30): Illuminate\\Routing\\Router->Illuminate\\Routing\\{closure}(Object(Illuminate\\Http\\Request))
#11 F:\\PROJECT\\sourcetree\\THANH_AN_GROUP\\SOURCE\\THANH_AN_WEB\\vendor\\laravel\\framework\\src\\Illuminate\\Routing\\Middleware\\SubstituteBindings.php(41): Illuminate\\Routing\\Pipeline->Illuminate\\Routing\\{closure}(Object(Illuminate\\Http\\Request))
#12 F:\\PROJECT\\sourcetree\\THANH_AN_GROUP\\SOURCE\\THANH_AN_WEB\\vendor\\laravel\\framework\\src\\Illuminate\\Pipeline\\Pipeline.php(163): Illuminate\\Routing\\Middleware\\SubstituteBindings->handle(Object(Illuminate\\Http\\Request), Object(Closure))
#13 F:\\PROJECT\\sourcetree\\THANH_AN_GROUP\\SOURCE\\THANH_AN_WEB\\vendor\\laravel\\framework\\src\\Illuminate\\Routing\\Pipeline.php(53): Illuminate\\Pipeline\\Pipeline->Illuminate\\Pipeline\\{closure}(Object(Illuminate\\Http\\Request))
#14 F:\\PROJECT\\sourcetree\\THANH_AN_GROUP\\SOURCE\\THANH_AN_WEB\\vendor\\laravel\\framework\\src\\Illuminate\\Foundation\\Http\\Middleware\\VerifyCsrfToken.php(75): Illuminate\\Routing\\Pipeline->Illuminate\\Routing\\{closure}(Object(Illuminate\\Http\\Request))
#15 F:\\PROJECT\\sourcetree\\THANH_AN_GROUP\\SOURCE\\THANH_AN_WEB\\vendor\\laravel\\framework\\src\\Illuminate\\Pipeline\\Pipeline.php(163): Illuminate\\Foundation\\Http\\Middleware\\VerifyCsrfToken->handle(Object(Illuminate\\Http\\Request), Object(Closure))
#16 F:\\PROJECT\\sourcetree\\THANH_AN_GROUP\\SOURCE\\THANH_AN_WEB\\vendor\\laravel\\framework\\src\\Illuminate\\Routing\\Pipeline.php(53): Illuminate\\Pipeline\\Pipeline->Illuminate\\Pipeline\\{closure}(Object(Illuminate\\Http\\Request))
#17 F:\\PROJECT\\sourcetree\\THANH_AN_GROUP\\SOURCE\\THANH_AN_WEB\\vendor\\laravel\\framework\\src\\Illuminate\\View\\Middleware\\ShareErrorsFromSession.php(49): Illuminate\\Routing\\Pipeline->Illuminate\\Routing\\{closure}(Object(Illuminate\\Http\\Request))
#18 F:\\PROJECT\\sourcetree\\THANH_AN_GROUP\\SOURCE\\THANH_AN_WEB\\vendor\\laravel\\framework\\src\\Illuminate\\Pipeline\\Pipeline.php(163): Illuminate\\View\\Middleware\\ShareErrorsFromSession->handle(Object(Illuminate\\Http\\Request), Object(Closure))
#19 F:\\PROJECT\\sourcetree\\THANH_AN_GROUP\\SOURCE\\THANH_AN_WEB\\vendor\\laravel\\framework\\src\\Illuminate\\Routing\\Pipeline.php(53): Illuminate\\Pipeline\\Pipeline->Illuminate\\Pipeline\\{closure}(Object(Illuminate\\Http\\Request))
#20 F:\\PROJECT\\sourcetree\\THANH_AN_GROUP\\SOURCE\\THANH_AN_WEB\\vendor\\laravel\\framework\\src\\Illuminate\\Session\\Middleware\\StartSession.php(56): Illuminate\\Routing\\Pipeline->Illuminate\\Routing\\{closure}(Object(Illuminate\\Http\\Request))
#21 F:\\PROJECT\\sourcetree\\THANH_AN_GROUP\\SOURCE\\THANH_AN_WEB\\vendor\\laravel\\framework\\src\\Illuminate\\Pipeline\\Pipeline.php(163): Illuminate\\Session\\Middleware\\StartSession->handle(Object(Illuminate\\Http\\Request), Object(Closure))
#22 F:\\PROJECT\\sourcetree\\THANH_AN_GROUP\\SOURCE\\THANH_AN_WEB\\vendor\\laravel\\framework\\src\\Illuminate\\Routing\\Pipeline.php(53): Illuminate\\Pipeline\\Pipeline->Illuminate\\Pipeline\\{closure}(Object(Illuminate\\Http\\Request))
#23 F:\\PROJECT\\sourcetree\\THANH_AN_GROUP\\SOURCE\\THANH_AN_WEB\\vendor\\laravel\\framework\\src\\Illuminate\\Cookie\\Middleware\\AddQueuedCookiesToResponse.php(37): Illuminate\\Routing\\Pipeline->Illuminate\\Routing\\{closure}(Object(Illuminate\\Http\\Request))
#24 F:\\PROJECT\\sourcetree\\THANH_AN_GROUP\\SOURCE\\THANH_AN_WEB\\vendor\\laravel\\framework\\src\\Illuminate\\Pipeline\\Pipeline.php(163): Illuminate\\Cookie\\Middleware\\AddQueuedCookiesToResponse->handle(Object(Illuminate\\Http\\Request), Object(Closure))
#25 F:\\PROJECT\\sourcetree\\THANH_AN_GROUP\\SOURCE\\THANH_AN_WEB\\vendor\\laravel\\framework\\src\\Illuminate\\Routing\\Pipeline.php(53): Illuminate\\Pipeline\\Pipeline->Illuminate\\Pipeline\\{closure}(Object(Illuminate\\Http\\Request))
#26 F:\\PROJECT\\sourcetree\\THANH_AN_GROUP\\SOURCE\\THANH_AN_WEB\\vendor\\laravel\\framework\\src\\Illuminate\\Cookie\\Middleware\\EncryptCookies.php(66): Illuminate\\Routing\\Pipeline->Illuminate\\Routing\\{closure}(Object(Illuminate\\Http\\Request))
#27 F:\\PROJECT\\sourcetree\\THANH_AN_GROUP\\SOURCE\\THANH_AN_WEB\\vendor\\laravel\\framework\\src\\Illuminate\\Pipeline\\Pipeline.php(163): Illuminate\\Cookie\\Middleware\\EncryptCookies->handle(Object(Illuminate\\Http\\Request), Object(Closure))
#28 F:\\PROJECT\\sourcetree\\THANH_AN_GROUP\\SOURCE\\THANH_AN_WEB\\vendor\\laravel\\framework\\src\\Illuminate\\Routing\\Pipeline.php(53): Illuminate\\Pipeline\\Pipeline->Illuminate\\Pipeline\\{closure}(Object(Illuminate\\Http\\Request))
#29 F:\\PROJECT\\sourcetree\\THANH_AN_GROUP\\SOURCE\\THANH_AN_WEB\\vendor\\laravel\\framework\\src\\Illuminate\\Pipeline\\Pipeline.php(104): Illuminate\\Routing\\Pipeline->Illuminate\\Routing\\{closure}(Object(Illuminate\\Http\\Request))
#30 F:\\PROJECT\\sourcetree\\THANH_AN_GROUP\\SOURCE\\THANH_AN_WEB\\vendor\\laravel\\framework\\src\\Illuminate\\Routing\\Router.php(682): Illuminate\\Pipeline\\Pipeline->then(Object(Closure))
#31 F:\\PROJECT\\sourcetree\\THANH_AN_GROUP\\SOURCE\\THANH_AN_WEB\\vendor\\laravel\\framework\\src\\Illuminate\\Routing\\Router.php(657): Illuminate\\Routing\\Router->runRouteWithinStack(Object(Illuminate\\Routing\\Route), Object(Illuminate\\Http\\Request))
#32 F:\\PROJECT\\sourcetree\\THANH_AN_GROUP\\SOURCE\\THANH_AN_WEB\\vendor\\laravel\\framework\\src\\Illuminate\\Routing\\Router.php(623): Illuminate\\Routing\\Router->runRoute(Object(Illuminate\\Http\\Request), Object(Illuminate\\Routing\\Route))
#33 F:\\PROJECT\\sourcetree\\THANH_AN_GROUP\\SOURCE\\THANH_AN_WEB\\vendor\\laravel\\framework\\src\\Illuminate\\Routing\\Router.php(612): Illuminate\\Routing\\Router->dispatchToRoute(Object(Illuminate\\Http\\Request))
#34 F:\\PROJECT\\sourcetree\\THANH_AN_GROUP\\SOURCE\\THANH_AN_WEB\\vendor\\laravel\\framework\\src\\Illuminate\\Foundation\\Http\\Kernel.php(176): Illuminate\\Routing\\Router->dispatch(Object(Illuminate\\Http\\Request))
#35 F:\\PROJECT\\sourcetree\\THANH_AN_GROUP\\SOURCE\\THANH_AN_WEB\\vendor\\laravel\\framework\\src\\Illuminate\\Routing\\Pipeline.php(30): Illuminate\\Foundation\\Http\\Kernel->Illuminate\\Foundation\\Http\\{closure}(Object(Illuminate\\Http\\Request))
#36 F:\\PROJECT\\sourcetree\\THANH_AN_GROUP\\SOURCE\\THANH_AN_WEB\\vendor\\barryvdh\\laravel-debugbar\\src\\Middleware\\InjectDebugbar.php(58): Illuminate\\Routing\\Pipeline->Illuminate\\Routing\\{closure}(Object(Illuminate\\Http\\Request))
#37 F:\\PROJECT\\sourcetree\\THANH_AN_GROUP\\SOURCE\\THANH_AN_WEB\\vendor\\laravel\\framework\\src\\Illuminate\\Pipeline\\Pipeline.php(163): Barryvdh\\Debugbar\\Middleware\\InjectDebugbar->handle(Object(Illuminate\\Http\\Request), Object(Closure))
#38 F:\\PROJECT\\sourcetree\\THANH_AN_GROUP\\SOURCE\\THANH_AN_WEB\\vendor\\laravel\\framework\\src\\Illuminate\\Routing\\Pipeline.php(53): Illuminate\\Pipeline\\Pipeline->Illuminate\\Pipeline\\{closure}(Object(Illuminate\\Http\\Request))
#39 F:\\PROJECT\\sourcetree\\THANH_AN_GROUP\\SOURCE\\THANH_AN_WEB\\vendor\\ecrmnn\\laravel-https\\src\\Http\\Middleware\\ForceHttps.php(27): Illuminate\\Routing\\Pipeline->Illuminate\\Routing\\{closure}(Object(Illuminate\\Http\\Request))
#40 F:\\PROJECT\\sourcetree\\THANH_AN_GROUP\\SOURCE\\THANH_AN_WEB\\vendor\\laravel\\framework\\src\\Illuminate\\Pipeline\\Pipeline.php(163): Ecrmnn\\LaravelHttps\\Http\\Middleware\\ForceHttps->handle(Object(Illuminate\\Http\\Request), Object(Closure))
#41 F:\\PROJECT\\sourcetree\\THANH_AN_GROUP\\SOURCE\\THANH_AN_WEB\\vendor\\laravel\\framework\\src\\Illuminate\\Routing\\Pipeline.php(53): Illuminate\\Pipeline\\Pipeline->Illuminate\\Pipeline\\{closure}(Object(Illuminate\\Http\\Request))
#42 F:\\PROJECT\\sourcetree\\THANH_AN_GROUP\\SOURCE\\THANH_AN_WEB\\vendor\\fideloper\\proxy\\src\\TrustProxies.php(57): Illuminate\\Routing\\Pipeline->Illuminate\\Routing\\{closure}(Object(Illuminate\\Http\\Request))
#43 F:\\PROJECT\\sourcetree\\THANH_AN_GROUP\\SOURCE\\THANH_AN_WEB\\vendor\\laravel\\framework\\src\\Illuminate\\Pipeline\\Pipeline.php(163): Fideloper\\Proxy\\TrustProxies->handle(Object(Illuminate\\Http\\Request), Object(Closure))
#44 F:\\PROJECT\\sourcetree\\THANH_AN_GROUP\\SOURCE\\THANH_AN_WEB\\vendor\\laravel\\framework\\src\\Illuminate\\Routing\\Pipeline.php(53): Illuminate\\Pipeline\\Pipeline->Illuminate\\Pipeline\\{closure}(Object(Illuminate\\Http\\Request))
#45 F:\\PROJECT\\sourcetree\\THANH_AN_GROUP\\SOURCE\\THANH_AN_WEB\\vendor\\laravel\\framework\\src\\Illuminate\\Foundation\\Http\\Middleware\\TransformsRequest.php(21): Illuminate\\Routing\\Pipeline->Illuminate\\Routing\\{closure}(Object(Illuminate\\Http\\Request))
#46 F:\\PROJECT\\sourcetree\\THANH_AN_GROUP\\SOURCE\\THANH_AN_WEB\\vendor\\laravel\\framework\\src\\Illuminate\\Pipeline\\Pipeline.php(163): Illuminate\\Foundation\\Http\\Middleware\\TransformsRequest->handle(Object(Illuminate\\Http\\Request), Object(Closure))
#47 F:\\PROJECT\\sourcetree\\THANH_AN_GROUP\\SOURCE\\THANH_AN_WEB\\vendor\\laravel\\framework\\src\\Illuminate\\Routing\\Pipeline.php(53): Illuminate\\Pipeline\\Pipeline->Illuminate\\Pipeline\\{closure}(Object(Illuminate\\Http\\Request))
#48 F:\\PROJECT\\sourcetree\\THANH_AN_GROUP\\SOURCE\\THANH_AN_WEB\\vendor\\laravel\\framework\\src\\Illuminate\\Foundation\\Http\\Middleware\\TransformsRequest.php(21): Illuminate\\Routing\\Pipeline->Illuminate\\Routing\\{closure}(Object(Illuminate\\Http\\Request))
#49 F:\\PROJECT\\sourcetree\\THANH_AN_GROUP\\SOURCE\\THANH_AN_WEB\\vendor\\laravel\\framework\\src\\Illuminate\\Pipeline\\Pipeline.php(163): Illuminate\\Foundation\\Http\\Middleware\\TransformsRequest->handle(Object(Illuminate\\Http\\Request), Object(Closure))
#50 F:\\PROJECT\\sourcetree\\THANH_AN_GROUP\\SOURCE\\THANH_AN_WEB\\vendor\\laravel\\framework\\src\\Illuminate\\Routing\\Pipeline.php(53): Illuminate\\Pipeline\\Pipeline->Illuminate\\Pipeline\\{closure}(Object(Illuminate\\Http\\Request))
#51 F:\\PROJECT\\sourcetree\\THANH_AN_GROUP\\SOURCE\\THANH_AN_WEB\\vendor\\laravel\\framework\\src\\Illuminate\\Foundation\\Http\\Middleware\\ValidatePostSize.php(27): Illuminate\\Routing\\Pipeline->Illuminate\\Routing\\{closure}(Object(Illuminate\\Http\\Request))
#52 F:\\PROJECT\\sourcetree\\THANH_AN_GROUP\\SOURCE\\THANH_AN_WEB\\vendor\\laravel\\framework\\src\\Illuminate\\Pipeline\\Pipeline.php(163): Illuminate\\Foundation\\Http\\Middleware\\ValidatePostSize->handle(Object(Illuminate\\Http\\Request), Object(Closure))
#53 F:\\PROJECT\\sourcetree\\THANH_AN_GROUP\\SOURCE\\THANH_AN_WEB\\vendor\\laravel\\framework\\src\\Illuminate\\Routing\\Pipeline.php(53): Illuminate\\Pipeline\\Pipeline->Illuminate\\Pipeline\\{closure}(Object(Illuminate\\Http\\Request))
#54 F:\\PROJECT\\sourcetree\\THANH_AN_GROUP\\SOURCE\\THANH_AN_WEB\\vendor\\laravel\\framework\\src\\Illuminate\\Foundation\\Http\\Middleware\\CheckForMaintenanceMode.php(62): Illuminate\\Routing\\Pipeline->Illuminate\\Routing\\{closure}(Object(Illuminate\\Http\\Request))
#55 F:\\PROJECT\\sourcetree\\THANH_AN_GROUP\\SOURCE\\THANH_AN_WEB\\vendor\\laravel\\framework\\src\\Illuminate\\Pipeline\\Pipeline.php(163): Illuminate\\Foundation\\Http\\Middleware\\CheckForMaintenanceMode->handle(Object(Illuminate\\Http\\Request), Object(Closure))
#56 F:\\PROJECT\\sourcetree\\THANH_AN_GROUP\\SOURCE\\THANH_AN_WEB\\vendor\\laravel\\framework\\src\\Illuminate\\Routing\\Pipeline.php(53): Illuminate\\Pipeline\\Pipeline->Illuminate\\Pipeline\\{closure}(Object(Illuminate\\Http\\Request))
#57 F:\\PROJECT\\sourcetree\\THANH_AN_GROUP\\SOURCE\\THANH_AN_WEB\\vendor\\laravel\\framework\\src\\Illuminate\\Pipeline\\Pipeline.php(104): Illuminate\\Routing\\Pipeline->Illuminate\\Routing\\{closure}(Object(Illuminate\\Http\\Request))
#58 F:\\PROJECT\\sourcetree\\THANH_AN_GROUP\\SOURCE\\THANH_AN_WEB\\vendor\\laravel\\framework\\src\\Illuminate\\Foundation\\Http\\Kernel.php(151): Illuminate\\Pipeline\\Pipeline->then(Object(Closure))
#59 F:\\PROJECT\\sourcetree\\THANH_AN_GROUP\\SOURCE\\THANH_AN_WEB\\vendor\\laravel\\framework\\src\\Illuminate\\Foundation\\Http\\Kernel.php(116): Illuminate\\Foundation\\Http\\Kernel->sendRequestThroughRouter(Object(Illuminate\\Http\\Request))
#60 F:\\PROJECT\\sourcetree\\THANH_AN_GROUP\\SOURCE\\THANH_AN_WEB\\public\\index.php(56): Illuminate\\Foundation\\Http\\Kernel->handle(Object(Illuminate\\Http\\Request))
#61 F:\\PROJECT\\sourcetree\\THANH_AN_GROUP\\SOURCE\\THANH_AN_WEB\\server.php(21): require_once('F:\\\\PROJECT\\\\sour...')
#62 {main}
"} 
[2020-04-19 15:36:50] local.ERROR: Undefined variable: item2 (View: F:\PROJECT\sourcetree\THANH_AN_GROUP\SOURCE\THANH_AN_WEB\resources\views\client\posts.blade.php) {"exception":"[object] (ErrorException(code: 0): Undefined variable: item2 (View: F:\\PROJECT\\sourcetree\\THANH_AN_GROUP\\SOURCE\\THANH_AN_WEB\esources\\views\\client\\posts.blade.php) at F:\\PROJECT\\sourcetree\\THANH_AN_GROUP\\SOURCE\\THANH_AN_WEB\\storage\\framework\\views\\b03cf8e2b0a2637605b55cebf848ab43228496d3.php:129, ErrorException(code: 0): Undefined variable: item2 at F:\\PROJECT\\sourcetree\\THANH_AN_GROUP\\SOURCE\\THANH_AN_WEB\\storage\\framework\\views\\b03cf8e2b0a2637605b55cebf848ab43228496d3.php:129)
[stacktrace]
#0 F:\\PROJECT\\sourcetree\\THANH_AN_GROUP\\SOURCE\\THANH_AN_WEB\\vendor\\laravel\\framework\\src\\Illuminate\\View\\Engines\\PhpEngine.php(45): Illuminate\\View\\Engines\\CompilerEngine->handleViewException(Object(ErrorException), 1)
#1 F:\\PROJECT\\sourcetree\\THANH_AN_GROUP\\SOURCE\\THANH_AN_WEB\\vendor\\laravel\\framework\\src\\Illuminate\\View\\Engines\\CompilerEngine.php(59): Illuminate\\View\\Engines\\PhpEngine->evaluatePath('F:\\\\PROJECT\\\\sour...', Array)
#2 F:\\PROJECT\\sourcetree\\THANH_AN_GROUP\\SOURCE\\THANH_AN_WEB\\vendor\\laravel\\framework\\src\\Illuminate\\View\\View.php(142): Illuminate\\View\\Engines\\CompilerEngine->get('F:\\\\PROJECT\\\\sour...', Array)
#3 F:\\PROJECT\\sourcetree\\THANH_AN_GROUP\\SOURCE\\THANH_AN_WEB\\vendor\\laravel\\framework\\src\\Illuminate\\View\\View.php(125): Illuminate\\View\\View->getContents()
#4 F:\\PROJECT\\sourcetree\\THANH_AN_GROUP\\SOURCE\\THANH_AN_WEB\\vendor\\laravel\\framework\\src\\Illuminate\\View\\View.php(90): Illuminate\\View\\View->renderContents()
#5 F:\\PROJECT\\sourcetree\\THANH_AN_GROUP\\SOURCE\\THANH_AN_WEB\\vendor\\laravel\\framework\\src\\Illuminate\\Http\\Response.php(42): Illuminate\\View\\View->render()
#6 F:\\PROJECT\\sourcetree\\THANH_AN_GROUP\\SOURCE\\THANH_AN_WEB\\vendor\\symfony\\http-foundation\\Response.php(202): Illuminate\\Http\\Response->setContent(Object(Illuminate\\View\\View))
#7 F:\\PROJECT\\sourcetree\\THANH_AN_GROUP\\SOURCE\\THANH_AN_WEB\\vendor\\laravel\\framework\\src\\Illuminate\\Routing\\Router.php(748): Symfony\\Component\\HttpFoundation\\Response->__construct(Object(Illuminate\\View\\View))
#8 F:\\PROJECT\\sourcetree\\THANH_AN_GROUP\\SOURCE\\THANH_AN_WEB\\vendor\\laravel\\framework\\src\\Illuminate\\Routing\\Router.php(720): Illuminate\\Routing\\Router::toResponse(Object(Illuminate\\Http\\Request), Object(Illuminate\\View\\View))
#9 F:\\PROJECT\\sourcetree\\THANH_AN_GROUP\\SOURCE\\THANH_AN_WEB\\vendor\\laravel\\framework\\src\\Illuminate\\Routing\\Router.php(680): Illuminate\\Routing\\Router->prepareResponse(Object(Illuminate\\Http\\Request), Object(Illuminate\\View\\View))
#10 F:\\PROJECT\\sourcetree\\THANH_AN_GROUP\\SOURCE\\THANH_AN_WEB\\vendor\\laravel\\framework\\src\\Illuminate\\Routing\\Pipeline.php(30): Illuminate\\Routing\\Router->Illuminate\\Routing\\{closure}(Object(Illuminate\\Http\\Request))
#11 F:\\PROJECT\\sourcetree\\THANH_AN_GROUP\\SOURCE\\THANH_AN_WEB\\vendor\\laravel\\framework\\src\\Illuminate\\Routing\\Middleware\\SubstituteBindings.php(41): Illuminate\\Routing\\Pipeline->Illuminate\\Routing\\{closure}(Object(Illuminate\\Http\\Request))
#12 F:\\PROJECT\\sourcetree\\THANH_AN_GROUP\\SOURCE\\THANH_AN_WEB\\vendor\\laravel\\framework\\src\\Illuminate\\Pipeline\\Pipeline.php(163): Illuminate\\Routing\\Middleware\\SubstituteBindings->handle(Object(Illuminate\\Http\\Request), Object(Closure))
#13 F:\\PROJECT\\sourcetree\\THANH_AN_GROUP\\SOURCE\\THANH_AN_WEB\\vendor\\laravel\\framework\\src\\Illuminate\\Routing\\Pipeline.php(53): Illuminate\\Pipeline\\Pipeline->Illuminate\\Pipeline\\{closure}(Object(Illuminate\\Http\\Request))
#14 F:\\PROJECT\\sourcetree\\THANH_AN_GROUP\\SOURCE\\THANH_AN_WEB\\vendor\\laravel\\framework\\src\\Illuminate\\Foundation\\Http\\Middleware\\VerifyCsrfToken.php(75): Illuminate\\Routing\\Pipeline->Illuminate\\Routing\\{closure}(Object(Illuminate\\Http\\Request))
#15 F:\\PROJECT\\sourcetree\\THANH_AN_GROUP\\SOURCE\\THANH_AN_WEB\\vendor\\laravel\\framework\\src\\Illuminate\\Pipeline\\Pipeline.php(163): Illuminate\\Foundation\\Http\\Middleware\\VerifyCsrfToken->handle(Object(Illuminate\\Http\\Request), Object(Closure))
#16 F:\\PROJECT\\sourcetree\\THANH_AN_GROUP\\SOURCE\\THANH_AN_WEB\\vendor\\laravel\\framework\\src\\Illuminate\\Routing\\Pipeline.php(53): Illuminate\\Pipeline\\Pipeline->Illuminate\\Pipeline\\{closure}(Object(Illuminate\\Http\\Request))
#17 F:\\PROJECT\\sourcetree\\THANH_AN_GROUP\\SOURCE\\THANH_AN_WEB\\vendor\\laravel\\framework\\src\\Illuminate\\View\\Middleware\\ShareErrorsFromSession.php(49): Illuminate\\Routing\\Pipeline->Illuminate\\Routing\\{closure}(Object(Illuminate\\Http\\Request))
#18 F:\\PROJECT\\sourcetree\\THANH_AN_GROUP\\SOURCE\\THANH_AN_WEB\\vendor\\laravel\\framework\\src\\Illuminate\\Pipeline\\Pipeline.php(163): Illuminate\\View\\Middleware\\ShareErrorsFromSession->handle(Object(Illuminate\\Http\\Request), Object(Closure))
#19 F:\\PROJECT\\sourcetree\\THANH_AN_GROUP\\SOURCE\\THANH_AN_WEB\\vendor\\laravel\\framework\\src\\Illuminate\\Routing\\Pipeline.php(53): Illuminate\\Pipeline\\Pipeline->Illuminate\\Pipeline\\{closure}(Object(Illuminate\\Http\\Request))
#20 F:\\PROJECT\\sourcetree\\THANH_AN_GROUP\\SOURCE\\THANH_AN_WEB\\vendor\\laravel\\framework\\src\\Illuminate\\Session\\Middleware\\StartSession.php(56): Illuminate\\Routing\\Pipeline->Illuminate\\Routing\\{closure}(Object(Illuminate\\Http\\Request))
#21 F:\\PROJECT\\sourcetree\\THANH_AN_GROUP\\SOURCE\\THANH_AN_WEB\\vendor\\laravel\\framework\\src\\Illuminate\\Pipeline\\Pipeline.php(163): Illuminate\\Session\\Middleware\\StartSession->handle(Object(Illuminate\\Http\\Request), Object(Closure))
#22 F:\\PROJECT\\sourcetree\\THANH_AN_GROUP\\SOURCE\\THANH_AN_WEB\\vendor\\laravel\\framework\\src\\Illuminate\\Routing\\Pipeline.php(53): Illuminate\\Pipeline\\Pipeline->Illuminate\\Pipeline\\{closure}(Object(Illuminate\\Http\\Request))
#23 F:\\PROJECT\\sourcetree\\THANH_AN_GROUP\\SOURCE\\THANH_AN_WEB\\vendor\\laravel\\framework\\src\\Illuminate\\Cookie\\Middleware\\AddQueuedCookiesToResponse.php(37): Illuminate\\Routing\\Pipeline->Illuminate\\Routing\\{closure}(Object(Illuminate\\Http\\Request))
#24 F:\\PROJECT\\sourcetree\\THANH_AN_GROUP\\SOURCE\\THANH_AN_WEB\\vendor\\laravel\\framework\\src\\Illuminate\\Pipeline\\Pipeline.php(163): Illuminate\\Cookie\\Middleware\\AddQueuedCookiesToResponse->handle(Object(Illuminate\\Http\\Request), Object(Closure))
#25 F:\\PROJECT\\sourcetree\\THANH_AN_GROUP\\SOURCE\\THANH_AN_WEB\\vendor\\laravel\\framework\\src\\Illuminate\\Routing\\Pipeline.php(53): Illuminate\\Pipeline\\Pipeline->Illuminate\\Pipeline\\{closure}(Object(Illuminate\\Http\\Request))
#26 F:\\PROJECT\\sourcetree\\THANH_AN_GROUP\\SOURCE\\THANH_AN_WEB\\vendor\\laravel\\framework\\src\\Illuminate\\Cookie\\Middleware\\EncryptCookies.php(66): Illuminate\\Routing\\Pipeline->Illuminate\\Routing\\{closure}(Object(Illuminate\\Http\\Request))
#27 F:\\PROJECT\\sourcetree\\THANH_AN_GROUP\\SOURCE\\THANH_AN_WEB\\vendor\\laravel\\framework\\src\\Illuminate\\Pipeline\\Pipeline.php(163): Illuminate\\Cookie\\Middleware\\EncryptCookies->handle(Object(Illuminate\\Http\\Request), Object(Closure))
#28 F:\\PROJECT\\sourcetree\\THANH_AN_GROUP\\SOURCE\\THANH_AN_WEB\\vendor\\laravel\\framework\\src\\Illuminate\\Routing\\Pipeline.php(53): Illuminate\\Pipeline\\Pipeline->Illuminate\\Pipeline\\{closure}(Object(Illuminate\\Http\\Request))
#29 F:\\PROJECT\\sourcetree\\THANH_AN_GROUP\\SOURCE\\THANH_AN_WEB\\vendor\\laravel\\framework\\src\\Illuminate\\Pipeline\\Pipeline.php(104): Illuminate\\Routing\\Pipeline->Illuminate\\Routing\\{closure}(Object(Illuminate\\Http\\Request))
#30 F:\\PROJECT\\sourcetree\\THANH_AN_GROUP\\SOURCE\\THANH_AN_WEB\\vendor\\laravel\\framework\\src\\Illuminate\\Routing\\Router.php(682): Illuminate\\Pipeline\\Pipeline->then(Object(Closure))
#31 F:\\PROJECT\\sourcetree\\THANH_AN_GROUP\\SOURCE\\THANH_AN_WEB\\vendor\\laravel\\framework\\src\\Illuminate\\Routing\\Router.php(657): Illuminate\\Routing\\Router->runRouteWithinStack(Object(Illuminate\\Routing\\Route), Object(Illuminate\\Http\\Request))
#32 F:\\PROJECT\\sourcetree\\THANH_AN_GROUP\\SOURCE\\THANH_AN_WEB\\vendor\\laravel\\framework\\src\\Illuminate\\Routing\\Router.php(623): Illuminate\\Routing\\Router->runRoute(Object(Illuminate\\Http\\Request), Object(Illuminate\\Routing\\Route))
#33 F:\\PROJECT\\sourcetree\\THANH_AN_GROUP\\SOURCE\\THANH_AN_WEB\\vendor\\laravel\\framework\\src\\Illuminate\\Routing\\Router.php(612): Illuminate\\Routing\\Router->dispatchToRoute(Object(Illuminate\\Http\\Request))
#34 F:\\PROJECT\\sourcetree\\THANH_AN_GROUP\\SOURCE\\THANH_AN_WEB\\vendor\\laravel\\framework\\src\\Illuminate\\Foundation\\Http\\Kernel.php(176): Illuminate\\Routing\\Router->dispatch(Object(Illuminate\\Http\\Request))
#35 F:\\PROJECT\\sourcetree\\THANH_AN_GROUP\\SOURCE\\THANH_AN_WEB\\vendor\\laravel\\framework\\src\\Illuminate\\Routing\\Pipeline.php(30): Illuminate\\Foundation\\Http\\Kernel->Illuminate\\Foundation\\Http\\{closure}(Object(Illuminate\\Http\\Request))
#36 F:\\PROJECT\\sourcetree\\THANH_AN_GROUP\\SOURCE\\THANH_AN_WEB\\vendor\\barryvdh\\laravel-debugbar\\src\\Middleware\\InjectDebugbar.php(58): Illuminate\\Routing\\Pipeline->Illuminate\\Routing\\{closure}(Object(Illuminate\\Http\\Request))
#37 F:\\PROJECT\\sourcetree\\THANH_AN_GROUP\\SOURCE\\THANH_AN_WEB\\vendor\\laravel\\framework\\src\\Illuminate\\Pipeline\\Pipeline.php(163): Barryvdh\\Debugbar\\Middleware\\InjectDebugbar->handle(Object(Illuminate\\Http\\Request), Object(Closure))
#38 F:\\PROJECT\\sourcetree\\THANH_AN_GROUP\\SOURCE\\THANH_AN_WEB\\vendor\\laravel\\framework\\src\\Illuminate\\Routing\\Pipeline.php(53): Illuminate\\Pipeline\\Pipeline->Illuminate\\Pipeline\\{closure}(Object(Illuminate\\Http\\Request))
#39 F:\\PROJECT\\sourcetree\\THANH_AN_GROUP\\SOURCE\\THANH_AN_WEB\\vendor\\ecrmnn\\laravel-https\\src\\Http\\Middleware\\ForceHttps.php(27): Illuminate\\Routing\\Pipeline->Illuminate\\Routing\\{closure}(Object(Illuminate\\Http\\Request))
#40 F:\\PROJECT\\sourcetree\\THANH_AN_GROUP\\SOURCE\\THANH_AN_WEB\\vendor\\laravel\\framework\\src\\Illuminate\\Pipeline\\Pipeline.php(163): Ecrmnn\\LaravelHttps\\Http\\Middleware\\ForceHttps->handle(Object(Illuminate\\Http\\Request), Object(Closure))
#41 F:\\PROJECT\\sourcetree\\THANH_AN_GROUP\\SOURCE\\THANH_AN_WEB\\vendor\\laravel\\framework\\src\\Illuminate\\Routing\\Pipeline.php(53): Illuminate\\Pipeline\\Pipeline->Illuminate\\Pipeline\\{closure}(Object(Illuminate\\Http\\Request))
#42 F:\\PROJECT\\sourcetree\\THANH_AN_GROUP\\SOURCE\\THANH_AN_WEB\\vendor\\fideloper\\proxy\\src\\TrustProxies.php(57): Illuminate\\Routing\\Pipeline->Illuminate\\Routing\\{closure}(Object(Illuminate\\Http\\Request))
#43 F:\\PROJECT\\sourcetree\\THANH_AN_GROUP\\SOURCE\\THANH_AN_WEB\\vendor\\laravel\\framework\\src\\Illuminate\\Pipeline\\Pipeline.php(163): Fideloper\\Proxy\\TrustProxies->handle(Object(Illuminate\\Http\\Request), Object(Closure))
#44 F:\\PROJECT\\sourcetree\\THANH_AN_GROUP\\SOURCE\\THANH_AN_WEB\\vendor\\laravel\\framework\\src\\Illuminate\\Routing\\Pipeline.php(53): Illuminate\\Pipeline\\Pipeline->Illuminate\\Pipeline\\{closure}(Object(Illuminate\\Http\\Request))
#45 F:\\PROJECT\\sourcetree\\THANH_AN_GROUP\\SOURCE\\THANH_AN_WEB\\vendor\\laravel\\framework\\src\\Illuminate\\Foundation\\Http\\Middleware\\TransformsRequest.php(21): Illuminate\\Routing\\Pipeline->Illuminate\\Routing\\{closure}(Object(Illuminate\\Http\\Request))
#46 F:\\PROJECT\\sourcetree\\THANH_AN_GROUP\\SOURCE\\THANH_AN_WEB\\vendor\\laravel\\framework\\src\\Illuminate\\Pipeline\\Pipeline.php(163): Illuminate\\Foundation\\Http\\Middleware\\TransformsRequest->handle(Object(Illuminate\\Http\\Request), Object(Closure))
#47 F:\\PROJECT\\sourcetree\\THANH_AN_GROUP\\SOURCE\\THANH_AN_WEB\\vendor\\laravel\\framework\\src\\Illuminate\\Routing\\Pipeline.php(53): Illuminate\\Pipeline\\Pipeline->Illuminate\\Pipeline\\{closure}(Object(Illuminate\\Http\\Request))
#48 F:\\PROJECT\\sourcetree\\THANH_AN_GROUP\\SOURCE\\THANH_AN_WEB\\vendor\\laravel\\framework\\src\\Illuminate\\Foundation\\Http\\Middleware\\TransformsRequest.php(21): Illuminate\\Routing\\Pipeline->Illuminate\\Routing\\{closure}(Object(Illuminate\\Http\\Request))
#49 F:\\PROJECT\\sourcetree\\THANH_AN_GROUP\\SOURCE\\THANH_AN_WEB\\vendor\\laravel\\framework\\src\\Illuminate\\Pipeline\\Pipeline.php(163): Illuminate\\Foundation\\Http\\Middleware\\TransformsRequest->handle(Object(Illuminate\\Http\\Request), Object(Closure))
#50 F:\\PROJECT\\sourcetree\\THANH_AN_GROUP\\SOURCE\\THANH_AN_WEB\\vendor\\laravel\\framework\\src\\Illuminate\\Routing\\Pipeline.php(53): Illuminate\\Pipeline\\Pipeline->Illuminate\\Pipeline\\{closure}(Object(Illuminate\\Http\\Request))
#51 F:\\PROJECT\\sourcetree\\THANH_AN_GROUP\\SOURCE\\THANH_AN_WEB\\vendor\\laravel\\framework\\src\\Illuminate\\Foundation\\Http\\Middleware\\ValidatePostSize.php(27): Illuminate\\Routing\\Pipeline->Illuminate\\Routing\\{closure}(Object(Illuminate\\Http\\Request))
#52 F:\\PROJECT\\sourcetree\\THANH_AN_GROUP\\SOURCE\\THANH_AN_WEB\\vendor\\laravel\\framework\\src\\Illuminate\\Pipeline\\Pipeline.php(163): Illuminate\\Foundation\\Http\\Middleware\\ValidatePostSize->handle(Object(Illuminate\\Http\\Request), Object(Closure))
#53 F:\\PROJECT\\sourcetree\\THANH_AN_GROUP\\SOURCE\\THANH_AN_WEB\\vendor\\laravel\\framework\\src\\Illuminate\\Routing\\Pipeline.php(53): Illuminate\\Pipeline\\Pipeline->Illuminate\\Pipeline\\{closure}(Object(Illuminate\\Http\\Request))
#54 F:\\PROJECT\\sourcetree\\THANH_AN_GROUP\\SOURCE\\THANH_AN_WEB\\vendor\\laravel\\framework\\src\\Illuminate\\Foundation\\Http\\Middleware\\CheckForMaintenanceMode.php(62): Illuminate\\Routing\\Pipeline->Illuminate\\Routing\\{closure}(Object(Illuminate\\Http\\Request))
#55 F:\\PROJECT\\sourcetree\\THANH_AN_GROUP\\SOURCE\\THANH_AN_WEB\\vendor\\laravel\\framework\\src\\Illuminate\\Pipeline\\Pipeline.php(163): Illuminate\\Foundation\\Http\\Middleware\\CheckForMaintenanceMode->handle(Object(Illuminate\\Http\\Request), Object(Closure))
#56 F:\\PROJECT\\sourcetree\\THANH_AN_GROUP\\SOURCE\\THANH_AN_WEB\\vendor\\laravel\\framework\\src\\Illuminate\\Routing\\Pipeline.php(53): Illuminate\\Pipeline\\Pipeline->Illuminate\\Pipeline\\{closure}(Object(Illuminate\\Http\\Request))
#57 F:\\PROJECT\\sourcetree\\THANH_AN_GROUP\\SOURCE\\THANH_AN_WEB\\vendor\\laravel\\framework\\src\\Illuminate\\Pipeline\\Pipeline.php(104): Illuminate\\Routing\\Pipeline->Illuminate\\Routing\\{closure}(Object(Illuminate\\Http\\Request))
#58 F:\\PROJECT\\sourcetree\\THANH_AN_GROUP\\SOURCE\\THANH_AN_WEB\\vendor\\laravel\\framework\\src\\Illuminate\\Foundation\\Http\\Kernel.php(151): Illuminate\\Pipeline\\Pipeline->then(Object(Closure))
#59 F:\\PROJECT\\sourcetree\\THANH_AN_GROUP\\SOURCE\\THANH_AN_WEB\\vendor\\laravel\\framework\\src\\Illuminate\\Foundation\\Http\\Kernel.php(116): Illuminate\\Foundation\\Http\\Kernel->sendRequestThroughRouter(Object(Illuminate\\Http\\Request))
#60 F:\\PROJECT\\sourcetree\\THANH_AN_GROUP\\SOURCE\\THANH_AN_WEB\\public\\index.php(56): Illuminate\\Foundation\\Http\\Kernel->handle(Object(Illuminate\\Http\\Request))
#61 F:\\PROJECT\\sourcetree\\THANH_AN_GROUP\\SOURCE\\THANH_AN_WEB\\server.php(21): require_once('F:\\\\PROJECT\\\\sour...')
#62 {main}
"} 
[2020-04-19 16:24:04] local.ERROR: Route [client.post.detai] not defined. (View: F:\PROJECT\sourcetree\THANH_AN_GROUP\SOURCE\THANH_AN_WEB\resources\views\client\header.blade.php) (View: F:\PROJECT\sourcetree\THANH_AN_GROUP\SOURCE\THANH_AN_WEB\resources\views\client\header.blade.php) {"exception":"[object] (ErrorException(code: 0): Route [client.post.detai] not defined. (View: F:\\PROJECT\\sourcetree\\THANH_AN_GROUP\\SOURCE\\THANH_AN_WEB\esources\\views\\client\\header.blade.php) (View: F:\\PROJECT\\sourcetree\\THANH_AN_GROUP\\SOURCE\\THANH_AN_WEB\esources\\views\\client\\header.blade.php) at F:\\PROJECT\\sourcetree\\THANH_AN_GROUP\\SOURCE\\THANH_AN_WEB\\vendor\\laravel\\framework\\src\\Illuminate\\Routing\\UrlGenerator.php:388, ErrorException(code: 0): Route [client.post.detai] not defined. (View: F:\\PROJECT\\sourcetree\\THANH_AN_GROUP\\SOURCE\\THANH_AN_WEB\esources\\views\\client\\header.blade.php) at F:\\PROJECT\\sourcetree\\THANH_AN_GROUP\\SOURCE\\THANH_AN_WEB\\vendor\\laravel\\framework\\src\\Illuminate\\Routing\\UrlGenerator.php:388, InvalidArgumentException(code: 0): Route [client.post.detai] not defined. at F:\\PROJECT\\sourcetree\\THANH_AN_GROUP\\SOURCE\\THANH_AN_WEB\\vendor\\laravel\\framework\\src\\Illuminate\\Routing\\UrlGenerator.php:388)
[stacktrace]
#0 F:\\PROJECT\\sourcetree\\THANH_AN_GROUP\\SOURCE\\THANH_AN_WEB\\vendor\\laravel\\framework\\src\\Illuminate\\View\\Engines\\PhpEngine.php(45): Illuminate\\View\\Engines\\CompilerEngine->handleViewException(Object(ErrorException), 1)
#1 F:\\PROJECT\\sourcetree\\THANH_AN_GROUP\\SOURCE\\THANH_AN_WEB\\vendor\\laravel\\framework\\src\\Illuminate\\View\\Engines\\CompilerEngine.php(59): Illuminate\\View\\Engines\\PhpEngine->evaluatePath('F:\\\\PROJECT\\\\sour...', Array)
#2 F:\\PROJECT\\sourcetree\\THANH_AN_GROUP\\SOURCE\\THANH_AN_WEB\\vendor\\laravel\\framework\\src\\Illuminate\\View\\View.php(142): Illuminate\\View\\Engines\\CompilerEngine->get('F:\\\\PROJECT\\\\sour...', Array)
#3 F:\\PROJECT\\sourcetree\\THANH_AN_GROUP\\SOURCE\\THANH_AN_WEB\\vendor\\laravel\\framework\\src\\Illuminate\\View\\View.php(125): Illuminate\\View\\View->getContents()
#4 F:\\PROJECT\\sourcetree\\THANH_AN_GROUP\\SOURCE\\THANH_AN_WEB\\vendor\\laravel\\framework\\src\\Illuminate\\View\\View.php(90): Illuminate\\View\\View->renderContents()
#5 F:\\PROJECT\\sourcetree\\THANH_AN_GROUP\\SOURCE\\THANH_AN_WEB\\vendor\\laravel\\framework\\src\\Illuminate\\Http\\Response.php(42): Illuminate\\View\\View->render()
#6 F:\\PROJECT\\sourcetree\\THANH_AN_GROUP\\SOURCE\\THANH_AN_WEB\\vendor\\symfony\\http-foundation\\Response.php(202): Illuminate\\Http\\Response->setContent(Object(Illuminate\\View\\View))
#7 F:\\PROJECT\\sourcetree\\THANH_AN_GROUP\\SOURCE\\THANH_AN_WEB\\vendor\\laravel\\framework\\src\\Illuminate\\Routing\\Router.php(748): Symfony\\Component\\HttpFoundation\\Response->__construct(Object(Illuminate\\View\\View))
#8 F:\\PROJECT\\sourcetree\\THANH_AN_GROUP\\SOURCE\\THANH_AN_WEB\\vendor\\laravel\\framework\\src\\Illuminate\\Routing\\Router.php(720): Illuminate\\Routing\\Router::toResponse(Object(Illuminate\\Http\\Request), Object(Illuminate\\View\\View))
#9 F:\\PROJECT\\sourcetree\\THANH_AN_GROUP\\SOURCE\\THANH_AN_WEB\\vendor\\laravel\\framework\\src\\Illuminate\\Routing\\Router.php(680): Illuminate\\Routing\\Router->prepareResponse(Object(Illuminate\\Http\\Request), Object(Illuminate\\View\\View))
#10 F:\\PROJECT\\sourcetree\\THANH_AN_GROUP\\SOURCE\\THANH_AN_WEB\\vendor\\laravel\\framework\\src\\Illuminate\\Routing\\Pipeline.php(30): Illuminate\\Routing\\Router->Illuminate\\Routing\\{closure}(Object(Illuminate\\Http\\Request))
#11 F:\\PROJECT\\sourcetree\\THANH_AN_GROUP\\SOURCE\\THANH_AN_WEB\\vendor\\laravel\\framework\\src\\Illuminate\\Routing\\Middleware\\SubstituteBindings.php(41): Illuminate\\Routing\\Pipeline->Illuminate\\Routing\\{closure}(Object(Illuminate\\Http\\Request))
#12 F:\\PROJECT\\sourcetree\\THANH_AN_GROUP\\SOURCE\\THANH_AN_WEB\\vendor\\laravel\\framework\\src\\Illuminate\\Pipeline\\Pipeline.php(163): Illuminate\\Routing\\Middleware\\SubstituteBindings->handle(Object(Illuminate\\Http\\Request), Object(Closure))
#13 F:\\PROJECT\\sourcetree\\THANH_AN_GROUP\\SOURCE\\THANH_AN_WEB\\vendor\\laravel\\framework\\src\\Illuminate\\Routing\\Pipeline.php(53): Illuminate\\Pipeline\\Pipeline->Illuminate\\Pipeline\\{closure}(Object(Illuminate\\Http\\Request))
#14 F:\\PROJECT\\sourcetree\\THANH_AN_GROUP\\SOURCE\\THANH_AN_WEB\\vendor\\laravel\\framework\\src\\Illuminate\\Foundation\\Http\\Middleware\\VerifyCsrfToken.php(75): Illuminate\\Routing\\Pipeline->Illuminate\\Routing\\{closure}(Object(Illuminate\\Http\\Request))
#15 F:\\PROJECT\\sourcetree\\THANH_AN_GROUP\\SOURCE\\THANH_AN_WEB\\vendor\\laravel\\framework\\src\\Illuminate\\Pipeline\\Pipeline.php(163): Illuminate\\Foundation\\Http\\Middleware\\VerifyCsrfToken->handle(Object(Illuminate\\Http\\Request), Object(Closure))
#16 F:\\PROJECT\\sourcetree\\THANH_AN_GROUP\\SOURCE\\THANH_AN_WEB\\vendor\\laravel\\framework\\src\\Illuminate\\Routing\\Pipeline.php(53): Illuminate\\Pipeline\\Pipeline->Illuminate\\Pipeline\\{closure}(Object(Illuminate\\Http\\Request))
#17 F:\\PROJECT\\sourcetree\\THANH_AN_GROUP\\SOURCE\\THANH_AN_WEB\\vendor\\laravel\\framework\\src\\Illuminate\\View\\Middleware\\ShareErrorsFromSession.php(49): Illuminate\\Routing\\Pipeline->Illuminate\\Routing\\{closure}(Object(Illuminate\\Http\\Request))
#18 F:\\PROJECT\\sourcetree\\THANH_AN_GROUP\\SOURCE\\THANH_AN_WEB\\vendor\\laravel\\framework\\src\\Illuminate\\Pipeline\\Pipeline.php(163): Illuminate\\View\\Middleware\\ShareErrorsFromSession->handle(Object(Illuminate\\Http\\Request), Object(Closure))
#19 F:\\PROJECT\\sourcetree\\THANH_AN_GROUP\\SOURCE\\THANH_AN_WEB\\vendor\\laravel\\framework\\src\\Illuminate\\Routing\\Pipeline.php(53): Illuminate\\Pipeline\\Pipeline->Illuminate\\Pipeline\\{closure}(Object(Illuminate\\Http\\Request))
#20 F:\\PROJECT\\sourcetree\\THANH_AN_GROUP\\SOURCE\\THANH_AN_WEB\\vendor\\laravel\\framework\\src\\Illuminate\\Session\\Middleware\\StartSession.php(56): Illuminate\\Routing\\Pipeline->Illuminate\\Routing\\{closure}(Object(Illuminate\\Http\\Request))
#21 F:\\PROJECT\\sourcetree\\THANH_AN_GROUP\\SOURCE\\THANH_AN_WEB\\vendor\\laravel\\framework\\src\\Illuminate\\Pipeline\\Pipeline.php(163): Illuminate\\Session\\Middleware\\StartSession->handle(Object(Illuminate\\Http\\Request), Object(Closure))
#22 F:\\PROJECT\\sourcetree\\THANH_AN_GROUP\\SOURCE\\THANH_AN_WEB\\vendor\\laravel\\framework\\src\\Illuminate\\Routing\\Pipeline.php(53): Illuminate\\Pipeline\\Pipeline->Illuminate\\Pipeline\\{closure}(Object(Illuminate\\Http\\Request))
#23 F:\\PROJECT\\sourcetree\\THANH_AN_GROUP\\SOURCE\\THANH_AN_WEB\\vendor\\laravel\\framework\\src\\Illuminate\\Cookie\\Middleware\\AddQueuedCookiesToResponse.php(37): Illuminate\\Routing\\Pipeline->Illuminate\\Routing\\{closure}(Object(Illuminate\\Http\\Request))
#24 F:\\PROJECT\\sourcetree\\THANH_AN_GROUP\\SOURCE\\THANH_AN_WEB\\vendor\\laravel\\framework\\src\\Illuminate\\Pipeline\\Pipeline.php(163): Illuminate\\Cookie\\Middleware\\AddQueuedCookiesToResponse->handle(Object(Illuminate\\Http\\Request), Object(Closure))
#25 F:\\PROJECT\\sourcetree\\THANH_AN_GROUP\\SOURCE\\THANH_AN_WEB\\vendor\\laravel\\framework\\src\\Illuminate\\Routing\\Pipeline.php(53): Illuminate\\Pipeline\\Pipeline->Illuminate\\Pipeline\\{closure}(Object(Illuminate\\Http\\Request))
#26 F:\\PROJECT\\sourcetree\\THANH_AN_GROUP\\SOURCE\\THANH_AN_WEB\\vendor\\laravel\\framework\\src\\Illuminate\\Cookie\\Middleware\\EncryptCookies.php(66): Illuminate\\Routing\\Pipeline->Illuminate\\Routing\\{closure}(Object(Illuminate\\Http\\Request))
#27 F:\\PROJECT\\sourcetree\\THANH_AN_GROUP\\SOURCE\\THANH_AN_WEB\\vendor\\laravel\\framework\\src\\Illuminate\\Pipeline\\Pipeline.php(163): Illuminate\\Cookie\\Middleware\\EncryptCookies->handle(Object(Illuminate\\Http\\Request), Object(Closure))
#28 F:\\PROJECT\\sourcetree\\THANH_AN_GROUP\\SOURCE\\THANH_AN_WEB\\vendor\\laravel\\framework\\src\\Illuminate\\Routing\\Pipeline.php(53): Illuminate\\Pipeline\\Pipeline->Illuminate\\Pipeline\\{closure}(Object(Illuminate\\Http\\Request))
#29 F:\\PROJECT\\sourcetree\\THANH_AN_GROUP\\SOURCE\\THANH_AN_WEB\\vendor\\laravel\\framework\\src\\Illuminate\\Pipeline\\Pipeline.php(104): Illuminate\\Routing\\Pipeline->Illuminate\\Routing\\{closure}(Object(Illuminate\\Http\\Request))
#30 F:\\PROJECT\\sourcetree\\THANH_AN_GROUP\\SOURCE\\THANH_AN_WEB\\vendor\\laravel\\framework\\src\\Illuminate\\Routing\\Router.php(682): Illuminate\\Pipeline\\Pipeline->then(Object(Closure))
#31 F:\\PROJECT\\sourcetree\\THANH_AN_GROUP\\SOURCE\\THANH_AN_WEB\\vendor\\laravel\\framework\\src\\Illuminate\\Routing\\Router.php(657): Illuminate\\Routing\\Router->runRouteWithinStack(Object(Illuminate\\Routing\\Route), Object(Illuminate\\Http\\Request))
#32 F:\\PROJECT\\sourcetree\\THANH_AN_GROUP\\SOURCE\\THANH_AN_WEB\\vendor\\laravel\\framework\\src\\Illuminate\\Routing\\Router.php(623): Illuminate\\Routing\\Router->runRoute(Object(Illuminate\\Http\\Request), Object(Illuminate\\Routing\\Route))
#33 F:\\PROJECT\\sourcetree\\THANH_AN_GROUP\\SOURCE\\THANH_AN_WEB\\vendor\\laravel\\framework\\src\\Illuminate\\Routing\\Router.php(612): Illuminate\\Routing\\Router->dispatchToRoute(Object(Illuminate\\Http\\Request))
#34 F:\\PROJECT\\sourcetree\\THANH_AN_GROUP\\SOURCE\\THANH_AN_WEB\\vendor\\laravel\\framework\\src\\Illuminate\\Foundation\\Http\\Kernel.php(176): Illuminate\\Routing\\Router->dispatch(Object(Illuminate\\Http\\Request))
#35 F:\\PROJECT\\sourcetree\\THANH_AN_GROUP\\SOURCE\\THANH_AN_WEB\\vendor\\laravel\\framework\\src\\Illuminate\\Routing\\Pipeline.php(30): Illuminate\\Foundation\\Http\\Kernel->Illuminate\\Foundation\\Http\\{closure}(Object(Illuminate\\Http\\Request))
#36 F:\\PROJECT\\sourcetree\\THANH_AN_GROUP\\SOURCE\\THANH_AN_WEB\\vendor\\barryvdh\\laravel-debugbar\\src\\Middleware\\InjectDebugbar.php(58): Illuminate\\Routing\\Pipeline->Illuminate\\Routing\\{closure}(Object(Illuminate\\Http\\Request))
#37 F:\\PROJECT\\sourcetree\\THANH_AN_GROUP\\SOURCE\\THANH_AN_WEB\\vendor\\laravel\\framework\\src\\Illuminate\\Pipeline\\Pipeline.php(163): Barryvdh\\Debugbar\\Middleware\\InjectDebugbar->handle(Object(Illuminate\\Http\\Request), Object(Closure))
#38 F:\\PROJECT\\sourcetree\\THANH_AN_GROUP\\SOURCE\\THANH_AN_WEB\\vendor\\laravel\\framework\\src\\Illuminate\\Routing\\Pipeline.php(53): Illuminate\\Pipeline\\Pipeline->Illuminate\\Pipeline\\{closure}(Object(Illuminate\\Http\\Request))
#39 F:\\PROJECT\\sourcetree\\THANH_AN_GROUP\\SOURCE\\THANH_AN_WEB\\vendor\\ecrmnn\\laravel-https\\src\\Http\\Middleware\\ForceHttps.php(27): Illuminate\\Routing\\Pipeline->Illuminate\\Routing\\{closure}(Object(Illuminate\\Http\\Request))
#40 F:\\PROJECT\\sourcetree\\THANH_AN_GROUP\\SOURCE\\THANH_AN_WEB\\vendor\\laravel\\framework\\src\\Illuminate\\Pipeline\\Pipeline.php(163): Ecrmnn\\LaravelHttps\\Http\\Middleware\\ForceHttps->handle(Object(Illuminate\\Http\\Request), Object(Closure))
#41 F:\\PROJECT\\sourcetree\\THANH_AN_GROUP\\SOURCE\\THANH_AN_WEB\\vendor\\laravel\\framework\\src\\Illuminate\\Routing\\Pipeline.php(53): Illuminate\\Pipeline\\Pipeline->Illuminate\\Pipeline\\{closure}(Object(Illuminate\\Http\\Request))
#42 F:\\PROJECT\\sourcetree\\THANH_AN_GROUP\\SOURCE\\THANH_AN_WEB\\vendor\\fideloper\\proxy\\src\\TrustProxies.php(57): Illuminate\\Routing\\Pipeline->Illuminate\\Routing\\{closure}(Object(Illuminate\\Http\\Request))
#43 F:\\PROJECT\\sourcetree\\THANH_AN_GROUP\\SOURCE\\THANH_AN_WEB\\vendor\\laravel\\framework\\src\\Illuminate\\Pipeline\\Pipeline.php(163): Fideloper\\Proxy\\TrustProxies->handle(Object(Illuminate\\Http\\Request), Object(Closure))
#44 F:\\PROJECT\\sourcetree\\THANH_AN_GROUP\\SOURCE\\THANH_AN_WEB\\vendor\\laravel\\framework\\src\\Illuminate\\Routing\\Pipeline.php(53): Illuminate\\Pipeline\\Pipeline->Illuminate\\Pipeline\\{closure}(Object(Illuminate\\Http\\Request))
#45 F:\\PROJECT\\sourcetree\\THANH_AN_GROUP\\SOURCE\\THANH_AN_WEB\\vendor\\laravel\\framework\\src\\Illuminate\\Foundation\\Http\\Middleware\\TransformsRequest.php(21): Illuminate\\Routing\\Pipeline->Illuminate\\Routing\\{closure}(Object(Illuminate\\Http\\Request))
#46 F:\\PROJECT\\sourcetree\\THANH_AN_GROUP\\SOURCE\\THANH_AN_WEB\\vendor\\laravel\\framework\\src\\Illuminate\\Pipeline\\Pipeline.php(163): Illuminate\\Foundation\\Http\\Middleware\\TransformsRequest->handle(Object(Illuminate\\Http\\Request), Object(Closure))
#47 F:\\PROJECT\\sourcetree\\THANH_AN_GROUP\\SOURCE\\THANH_AN_WEB\\vendor\\laravel\\framework\\src\\Illuminate\\Routing\\Pipeline.php(53): Illuminate\\Pipeline\\Pipeline->Illuminate\\Pipeline\\{closure}(Object(Illuminate\\Http\\Request))
#48 F:\\PROJECT\\sourcetree\\THANH_AN_GROUP\\SOURCE\\THANH_AN_WEB\\vendor\\laravel\\framework\\src\\Illuminate\\Foundation\\Http\\Middleware\\TransformsRequest.php(21): Illuminate\\Routing\\Pipeline->Illuminate\\Routing\\{closure}(Object(Illuminate\\Http\\Request))
#49 F:\\PROJECT\\sourcetree\\THANH_AN_GROUP\\SOURCE\\THANH_AN_WEB\\vendor\\laravel\\framework\\src\\Illuminate\\Pipeline\\Pipeline.php(163): Illuminate\\Foundation\\Http\\Middleware\\TransformsRequest->handle(Object(Illuminate\\Http\\Request), Object(Closure))
#50 F:\\PROJECT\\sourcetree\\THANH_AN_GROUP\\SOURCE\\THANH_AN_WEB\\vendor\\laravel\\framework\\src\\Illuminate\\Routing\\Pipeline.php(53): Illuminate\\Pipeline\\Pipeline->Illuminate\\Pipeline\\{closure}(Object(Illuminate\\Http\\Request))
#51 F:\\PROJECT\\sourcetree\\THANH_AN_GROUP\\SOURCE\\THANH_AN_WEB\\vendor\\laravel\\framework\\src\\Illuminate\\Foundation\\Http\\Middleware\\ValidatePostSize.php(27): Illuminate\\Routing\\Pipeline->Illuminate\\Routing\\{closure}(Object(Illuminate\\Http\\Request))
#52 F:\\PROJECT\\sourcetree\\THANH_AN_GROUP\\SOURCE\\THANH_AN_WEB\\vendor\\laravel\\framework\\src\\Illuminate\\Pipeline\\Pipeline.php(163): Illuminate\\Foundation\\Http\\Middleware\\ValidatePostSize->handle(Object(Illuminate\\Http\\Request), Object(Closure))
#53 F:\\PROJECT\\sourcetree\\THANH_AN_GROUP\\SOURCE\\THANH_AN_WEB\\vendor\\laravel\\framework\\src\\Illuminate\\Routing\\Pipeline.php(53): Illuminate\\Pipeline\\Pipeline->Illuminate\\Pipeline\\{closure}(Object(Illuminate\\Http\\Request))
#54 F:\\PROJECT\\sourcetree\\THANH_AN_GROUP\\SOURCE\\THANH_AN_WEB\\vendor\\laravel\\framework\\src\\Illuminate\\Foundation\\Http\\Middleware\\CheckForMaintenanceMode.php(62): Illuminate\\Routing\\Pipeline->Illuminate\\Routing\\{closure}(Object(Illuminate\\Http\\Request))
#55 F:\\PROJECT\\sourcetree\\THANH_AN_GROUP\\SOURCE\\THANH_AN_WEB\\vendor\\laravel\\framework\\src\\Illuminate\\Pipeline\\Pipeline.php(163): Illuminate\\Foundation\\Http\\Middleware\\CheckForMaintenanceMode->handle(Object(Illuminate\\Http\\Request), Object(Closure))
#56 F:\\PROJECT\\sourcetree\\THANH_AN_GROUP\\SOURCE\\THANH_AN_WEB\\vendor\\laravel\\framework\\src\\Illuminate\\Routing\\Pipeline.php(53): Illuminate\\Pipeline\\Pipeline->Illuminate\\Pipeline\\{closure}(Object(Illuminate\\Http\\Request))
#57 F:\\PROJECT\\sourcetree\\THANH_AN_GROUP\\SOURCE\\THANH_AN_WEB\\vendor\\laravel\\framework\\src\\Illuminate\\Pipeline\\Pipeline.php(104): Illuminate\\Routing\\Pipeline->Illuminate\\Routing\\{closure}(Object(Illuminate\\Http\\Request))
#58 F:\\PROJECT\\sourcetree\\THANH_AN_GROUP\\SOURCE\\THANH_AN_WEB\\vendor\\laravel\\framework\\src\\Illuminate\\Foundation\\Http\\Kernel.php(151): Illuminate\\Pipeline\\Pipeline->then(Object(Closure))
#59 F:\\PROJECT\\sourcetree\\THANH_AN_GROUP\\SOURCE\\THANH_AN_WEB\\vendor\\laravel\\framework\\src\\Illuminate\\Foundation\\Http\\Kernel.php(116): Illuminate\\Foundation\\Http\\Kernel->sendRequestThroughRouter(Object(Illuminate\\Http\\Request))
#60 F:\\PROJECT\\sourcetree\\THANH_AN_GROUP\\SOURCE\\THANH_AN_WEB\\public\\index.php(56): Illuminate\\Foundation\\Http\\Kernel->handle(Object(Illuminate\\Http\\Request))
#61 F:\\PROJECT\\sourcetree\\THANH_AN_GROUP\\SOURCE\\THANH_AN_WEB\\server.php(21): require_once('F:\\\\PROJECT\\\\sour...')
#62 {main}
"} 
